../run_post_trainig.sh ../../../../post-training-compression-tool/ ../../../../model-zoo-models-public/object_detection/common/s
sd/512/caffe/ ../../../../../Datasets/VOC2012/ ./ssd512_caffe_uint8_int8_weights_pertensor.json -e
readlink: missing operand
Try 'readlink --help' for more information.
/home/vskvorts/projects/mov/i_engine/post-training-compression-tool/compression/algorithms/quantization/optimization/algorithm.py:39: UserWarning: Nevergrad package could not be imported. Consider installing itusing pip. Note that nevergrad is compatible only with Python 3.6+
  warnings.warn("Nevergrad package could not be imported. Consider installing it" \
Output log dir: ./results/ssd512_caffe_uint8_int8_weights_perchannel_DefaultQuantization/2019-11-25_13-36-36
Creating pipeline:
Algorithm: DefaultQuantization
Parameters:
	stat_subset_size           : 300
	activations                : {'bits': 8, 'scale_type': 'pertensor', 'type': 'asymmetric'}
	preset                     : accuracy
	metric_name                : map
	target_device              : CPU
	weights                    : {'bits': 8, 'scale_type': 'perchannel', 'type': 'symmetric'}
===========================================================================
INFO:compression.statistics.collector:Start computing statistics for algorithms : DefaultQuantization
INFO:compression.statistics.collector:Computing statistics finished
INFO:compression.pipeline.pipeline:Start algorithm: DefaultQuantization
INFO:compression.statistics.collector:Start computing statistics for algorithms : ActivationChannelAlignment
INFO:compression.statistics.collector:Computing statistics finished
INFO:compression.statistics.collector:Start computing statistics for algorithms : MinMaxQuantization,BiasCorrection
INFO:compression.statistics.collector:Computing statistics finished
13:45:05 accuracy_checker WARNING: /home/vskvorts/projects/mov/i_engine/post-training-compression-tool/compression/algorithms/quantization/fake_quantize.py:43: RuntimeWarning: divide by zero encountered in double_scalars
  rb = np.where(qval > 0.0, (qval - level_high) / qval * a, b)

13:45:05 accuracy_checker WARNING: /home/vskvorts/projects/mov/i_engine/post-training-compression-tool/compression/algorithms/quantization/fake_quantize.py:43: RuntimeWarning: invalid value encountered in double_scalars
  rb = np.where(qval > 0.0, (qval - level_high) / qval * a, b)

INFO:compression.pipeline.pipeline:Finished: DefaultQuantization
 ===========================================================================
INFO:compression.pipeline.pipeline:Evaluation of generated model
INFO:compression.engines.ac_engine:Start inference on the whole dataset
Total dataset size: 5823
1000 / 5823 processed in 369.159s
2000 / 5823 processed in 368.672s
3000 / 5823 processed in 372.997s
4000 / 5823 processed in 374.376s
5000 / 5823 processed in 386.573s
5823 objects processed in 2178.834 seconds
INFO:compression.engines.ac_engine:Inference finished
map                        : 0.16437824318297056

