Output log dir: ./results/resnet50_int8_DefaultQuantization/2019-10-31_17-09-05
Creating pipeline:
Algorithm: DefaultQuantization
Parameters:
	activations                : {'type': 'asymmetric', 'scale_type': 'pertensor', 'bits': 8}
	preset                     : accuracy
	weights                    : {'type': 'symmetric', 'scale_type': 'pertensor', 'bits': 8}
	stat_subset_size           : 1000
	target_device              : CPU
===========================================================================
INFO:compression.pipeline.pipeline:Start algorithm: DefaultQuantization
INFO:compression.engines.ac_engine:Start inference of 1000 images
INFO:compression.engines.ac_engine:Inference finished
WARNING: fake quantize node 424/fq_weights_1 doesn't support configuration from tool config file (mismatch with hardware config)
WARNING: fake quantize node 357/fq_input_0 doesn't support configuration from tool config file (mismatch with hardware config)
WARNING: fake quantize node 357/fq_input_0 doesn't support configuration from tool config file (mismatch with hardware config)
WARNING: fake quantize node 414/fq_weights_1 doesn't support configuration from tool config file (mismatch with hardware config)
WARNING: fake quantize node 405/fq_input_0 doesn't support configuration from tool config file (mismatch with hardware config)
WARNING: fake quantize node 345/fq_input_0 doesn't support configuration from tool config file (mismatch with hardware config)
WARNING: fake quantize node 367/fq_input_0 doesn't support configuration from tool config file (mismatch with hardware config)
WARNING: fake quantize node 377/fq_input_0 doesn't support configuration from tool config file (mismatch with hardware config)
WARNING: fake quantize node 447/fq_input_0 doesn't support configuration from tool config file (mismatch with hardware config)
WARNING: fake quantize node 379/fq_weights_1 doesn't support configuration from tool config file (mismatch with hardware config)
WARNING: fake quantize node 365/fq_weights_1 doesn't support configuration from tool config file (mismatch with hardware config)
WARNING: fake quantize node 464/fq_weights_1 doesn't support configuration from tool config file (mismatch with hardware config)
WARNING: fake quantize node 399/fq_input_0 doesn't support configuration from tool config file (mismatch with hardware config)
WARNING: fake quantize node 399/fq_input_0 doesn't support configuration from tool config file (mismatch with hardware config)
WARNING: fake quantize node 449/fq_input_1 doesn't support configuration from tool config file (mismatch with hardware config)
WARNING: fake quantize node 449/fq_input_1 doesn't support configuration from tool config file (mismatch with hardware config)
WARNING: fake quantize node 355/fq_input_0 doesn't support configuration from tool config file (mismatch with hardware config)
WARNING: fake quantize node 489/fq_weights_1 doesn't support configuration from tool config file (mismatch with hardware config)
WARNING: fake quantize node 335/fq_input_0 doesn't support configuration from tool config file (mismatch with hardware config)
WARNING: fake quantize node 441/fq_weights_1 doesn't support configuration from tool config file (mismatch with hardware config)
WARNING: fake quantize node 353/fq_weights_1 doesn't support configuration from tool config file (mismatch with hardware config)
WARNING: fake quantize node 369/fq_weights_1 doesn't support configuration from tool config file (mismatch with hardware config)
WARNING: fake quantize node 461/fq_input_0 doesn't support configuration from tool config file (mismatch with hardware config)
WARNING: fake quantize node 461/fq_input_0 doesn't support configuration from tool config file (mismatch with hardware config)
WARNING: fake quantize node 424/fq_input_0 doesn't support configuration from tool config file (mismatch with hardware config)
WARNING: fake quantize node 353/fq_input_0 doesn't support configuration from tool config file (mismatch with hardware config)
WARNING: fake quantize node 357/fq_weights_1 doesn't support configuration from tool config file (mismatch with hardware config)
WARNING: fake quantize node 431/fq_weights_1 doesn't support configuration from tool config file (mismatch with hardware config)
WARNING: fake quantize node 437/fq_weights_1 doesn't support configuration from tool config file (mismatch with hardware config)
WARNING: fake quantize node 414/fq_input_0 doesn't support configuration from tool config file (mismatch with hardware config)
WARNING: fake quantize node 331/fq_weights_1 doesn't support configuration from tool config file (mismatch with hardware config)
WARNING: fake quantize node 491/fq_input_0 doesn't support configuration from tool config file (mismatch with hardware config)
WARNING: fake quantize node 382/fq_input_0 doesn't support configuration from tool config file (mismatch with hardware config)
WARNING: fake quantize node 483/fq_weights_1 doesn't support configuration from tool config file (mismatch with hardware config)
WARNING: fake quantize node 350/fq_weights_1 doesn't support configuration from tool config file (mismatch with hardware config)
WARNING: fake quantize node 467/fq_weights_1 doesn't support configuration from tool config file (mismatch with hardware config)
WARNING: fake quantize node 469/fq_weights_1 doesn't support configuration from tool config file (mismatch with hardware config)
WARNING: fake quantize node 360/fq_input_0 doesn't support configuration from tool config file (mismatch with hardware config)
WARNING: fake quantize node 347/fq_weights_1 doesn't support configuration from tool config file (mismatch with hardware config)
WARNING: fake quantize node 372/fq_weights_1 doesn't support configuration from tool config file (mismatch with hardware config)
WARNING: fake quantize node 369/fq_input_0 doesn't support configuration from tool config file (mismatch with hardware config)
WARNING: fake quantize node 369/fq_input_0 doesn't support configuration from tool config file (mismatch with hardware config)
WARNING: fake quantize node 409/fq_input_0 doesn't support configuration from tool config file (mismatch with hardware config)
WARNING: fake quantize node 459/fq_input_1 doesn't support configuration from tool config file (mismatch with hardware config)
WARNING: fake quantize node 459/fq_input_1 doesn't support configuration from tool config file (mismatch with hardware config)
WARNING: fake quantize node 479/fq_weights_1 doesn't support configuration from tool config file (mismatch with hardware config)
WARNING: fake quantize node 402/fq_weights_1 doesn't support configuration from tool config file (mismatch with hardware config)
WARNING: fake quantize node 399/fq_weights_1 doesn't support configuration from tool config file (mismatch with hardware config)
WARNING: fake quantize node 360/fq_weights_1 doesn't support configuration from tool config file (mismatch with hardware config)
WARNING: fake quantize node 454/fq_weights_1 doesn't support configuration from tool config file (mismatch with hardware config)
WARNING: fake quantize node 367/fq_input_1 doesn't support configuration from tool config file (mismatch with hardware config)
WARNING: fake quantize node 392/fq_input_0 doesn't support configuration from tool config file (mismatch with hardware config)
WARNING: fake quantize node 476/fq_weights_1 doesn't support configuration from tool config file (mismatch with hardware config)
WARNING: fake quantize node 427/fq_weights_1 doesn't support configuration from tool config file (mismatch with hardware config)
WARNING: fake quantize node 467/fq_input_0 doesn't support configuration from tool config file (mismatch with hardware config)
WARNING: fake quantize node prob/fq_weights_1 doesn't support configuration from tool config file (mismatch with hardware config)
WARNING: fake quantize node 387/fq_input_1 doesn't support configuration from tool config file (mismatch with hardware config)
WARNING: fake quantize node 387/fq_input_1 doesn't support configuration from tool config file (mismatch with hardware config)
WARNING: fake quantize node 392/fq_weights_1 doesn't support configuration from tool config file (mismatch with hardware config)
WARNING: fake quantize node 328/fq_input_0 doesn't support configuration from tool config file (mismatch with hardware config)
WARNING: fake quantize node 434/fq_input_0 doesn't support configuration from tool config file (mismatch with hardware config)
WARNING: fake quantize node 340/fq_input_0 doesn't support configuration from tool config file (mismatch with hardware config)
WARNING: fake quantize node 479/fq_input_0 doesn't support configuration from tool config file (mismatch with hardware config)
WARNING: fake quantize node 331/fq_input_0 doesn't support configuration from tool config file (mismatch with hardware config)
WARNING: fake quantize node 337/fq_input_0 doesn't support configuration from tool config file (mismatch with hardware config)
WARNING: fake quantize node 337/fq_input_0 doesn't support configuration from tool config file (mismatch with hardware config)
WARNING: fake quantize node 419/fq_input_1 doesn't support configuration from tool config file (mismatch with hardware config)
WARNING: fake quantize node 419/fq_input_1 doesn't support configuration from tool config file (mismatch with hardware config)
WARNING: fake quantize node 417/fq_input_0 doesn't support configuration from tool config file (mismatch with hardware config)
WARNING: fake quantize node 382/fq_weights_1 doesn't support configuration from tool config file (mismatch with hardware config)
WARNING: fake quantize node 350/fq_input_0 doesn't support configuration from tool config file (mismatch with hardware config)
WARNING: fake quantize node 321/fq_input_0 doesn't support configuration from tool config file (mismatch with hardware config)
WARNING: fake quantize node 325/fq_weights_1 doesn't support configuration from tool config file (mismatch with hardware config)
WARNING: fake quantize node 363/fq_input_0 doesn't support configuration from tool config file (mismatch with hardware config)
WARNING: fake quantize node 337/fq_weights_1 doesn't support configuration from tool config file (mismatch with hardware config)
WARNING: fake quantize node 363/fq_weights_1 doesn't support configuration from tool config file (mismatch with hardware config)
WARNING: fake quantize node 451/fq_weights_1 doesn't support configuration from tool config file (mismatch with hardware config)
WARNING: fake quantize node 457/fq_input_0 doesn't support configuration from tool config file (mismatch with hardware config)
WARNING: fake quantize node 407/fq_weights_1 doesn't support configuration from tool config file (mismatch with hardware config)
WARNING: fake quantize node 437/fq_input_0 doesn't support configuration from tool config file (mismatch with hardware config)
WARNING: fake quantize node 385/fq_input_0 doesn't support configuration from tool config file (mismatch with hardware config)
WARNING: fake quantize node 447/fq_weights_1 doesn't support configuration from tool config file (mismatch with hardware config)
WARNING: fake quantize node 473/fq_weights_1 doesn't support configuration from tool config file (mismatch with hardware config)
WARNING: fake quantize node 419/fq_input_0 doesn't support configuration from tool config file (mismatch with hardware config)
WARNING: fake quantize node 409/fq_input_1 doesn't support configuration from tool config file (mismatch with hardware config)
WARNING: fake quantize node 397/fq_input_0 doesn't support configuration from tool config file (mismatch with hardware config)
WARNING: fake quantize node 471/fq_input_0 doesn't support configuration from tool config file (mismatch with hardware config)
WARNING: fake quantize node 385/fq_weights_1 doesn't support configuration from tool config file (mismatch with hardware config)
WARNING: fake quantize node 459/fq_input_0 doesn't support configuration from tool config file (mismatch with hardware config)
WARNING: fake quantize node 395/fq_weights_1 doesn't support configuration from tool config file (mismatch with hardware config)
WARNING: fake quantize node 429/fq_input_0 doesn't support configuration from tool config file (mismatch with hardware config)
WARNING: fake quantize node 387/fq_input_0 doesn't support configuration from tool config file (mismatch with hardware config)
WARNING: fake quantize node 335/fq_input_1 doesn't support configuration from tool config file (mismatch with hardware config)
WARNING: fake quantize node 375/fq_input_0 doesn't support configuration from tool config file (mismatch with hardware config)
WARNING: fake quantize node 434/fq_weights_1 doesn't support configuration from tool config file (mismatch with hardware config)
WARNING: fake quantize node 372/fq_input_0 doesn't support configuration from tool config file (mismatch with hardware config)
WARNING: fake quantize node 421/fq_input_0 doesn't support configuration from tool config file (mismatch with hardware config)
WARNING: fake quantize node 421/fq_input_0 doesn't support configuration from tool config file (mismatch with hardware config)
WARNING: fake quantize node 417/fq_weights_1 doesn't support configuration from tool config file (mismatch with hardware config)
WARNING: fake quantize node 355/fq_input_1 doesn't support configuration from tool config file (mismatch with hardware config)
WARNING: fake quantize node 355/fq_input_1 doesn't support configuration from tool config file (mismatch with hardware config)
WARNING: fake quantize node 449/fq_input_0 doesn't support configuration from tool config file (mismatch with hardware config)
WARNING: fake quantize node 411/fq_weights_1 doesn't support configuration from tool config file (mismatch with hardware config)
WARNING: fake quantize node 389/fq_input_0 doesn't support configuration from tool config file (mismatch with hardware config)
WARNING: fake quantize node 389/fq_input_0 doesn't support configuration from tool config file (mismatch with hardware config)
WARNING: fake quantize node 476/fq_input_0 doesn't support configuration from tool config file (mismatch with hardware config)
WARNING: fake quantize node 483/fq_input_0 doesn't support configuration from tool config file (mismatch with hardware config)
WARNING: fake quantize node 483/fq_input_0 doesn't support configuration from tool config file (mismatch with hardware config)
WARNING: fake quantize node 431/fq_input_0 doesn't support configuration from tool config file (mismatch with hardware config)
WARNING: fake quantize node 431/fq_input_0 doesn't support configuration from tool config file (mismatch with hardware config)
WARNING: fake quantize node 421/fq_weights_1 doesn't support configuration from tool config file (mismatch with hardware config)
WARNING: fake quantize node 454/fq_input_0 doesn't support configuration from tool config file (mismatch with hardware config)
WARNING: fake quantize node 427/fq_input_0 doesn't support configuration from tool config file (mismatch with hardware config)
WARNING: fake quantize node 444/fq_weights_1 doesn't support configuration from tool config file (mismatch with hardware config)
WARNING: fake quantize node 389/fq_weights_1 doesn't support configuration from tool config file (mismatch with hardware config)
WARNING: fake quantize node 439/fq_input_0 doesn't support configuration from tool config file (mismatch with hardware config)
WARNING: fake quantize node 481/fq_input_0 doesn't support configuration from tool config file (mismatch with hardware config)
WARNING: fake quantize node 333/fq_weights_1 doesn't support configuration from tool config file (mismatch with hardware config)
WARNING: fake quantize node 461/fq_weights_1 doesn't support configuration from tool config file (mismatch with hardware config)
WARNING: fake quantize node 457/fq_weights_1 doesn't support configuration from tool config file (mismatch with hardware config)
WARNING: fake quantize node 321/fq_weights_1 doesn't support configuration from tool config file (mismatch with hardware config)
WARNING: fake quantize node 481/fq_input_1 doesn't support configuration from tool config file (mismatch with hardware config)
WARNING: fake quantize node 481/fq_input_1 doesn't support configuration from tool config file (mismatch with hardware config)
WARNING: fake quantize node 402/fq_input_0 doesn't support configuration from tool config file (mismatch with hardware config)
WARNING: fake quantize node 464/fq_input_0 doesn't support configuration from tool config file (mismatch with hardware config)
WARNING: fake quantize node 471/fq_input_1 doesn't support configuration from tool config file (mismatch with hardware config)
WARNING: fake quantize node 343/fq_input_0 doesn't support configuration from tool config file (mismatch with hardware config)
WARNING: fake quantize node 444/fq_input_0 doesn't support configuration from tool config file (mismatch with hardware config)
WARNING: fake quantize node 489/fq_input_0 doesn't support configuration from tool config file (mismatch with hardware config)
WARNING: fake quantize node 343/fq_weights_1 doesn't support configuration from tool config file (mismatch with hardware config)
WARNING: fake quantize node 340/fq_weights_1 doesn't support configuration from tool config file (mismatch with hardware config)
WARNING: fake quantize node 375/fq_weights_1 doesn't support configuration from tool config file (mismatch with hardware config)
WARNING: fake quantize node 328/fq_weights_1 doesn't support configuration from tool config file (mismatch with hardware config)
WARNING: fake quantize node 405/fq_weights_1 doesn't support configuration from tool config file (mismatch with hardware config)
WARNING: fake quantize node 486/fq_weights_1 doesn't support configuration from tool config file (mismatch with hardware config)
WARNING: fake quantize node 395/fq_input_0 doesn't support configuration from tool config file (mismatch with hardware config)
WARNING: fake quantize node 501/fq_input_0 doesn't support configuration from tool config file (mismatch with hardware config)
WARNING: fake quantize node 486/fq_input_0 doesn't support configuration from tool config file (mismatch with hardware config)
INFO:compression.engines.ac_engine:Start inference of 1000 images
INFO:compression.engines.ac_engine:Inference finished
INFO:compression.engines.ac_engine:Start inference of 1000 images
INFO:compression.engines.ac_engine:Inference finished
INFO:compression.pipeline.pipeline:Finished: DefaultQuantization
 ===========================================================================
INFO:compression.pipeline.pipeline:Evaluation of generated model
INFO:compression.engines.ac_engine:Start inference on the whole dataset
Total dataset size: 50000
1000 / 50000 processed in 70.903s
2000 / 50000 processed in 71.222s
3000 / 50000 processed in 70.182s
4000 / 50000 processed in 70.807s
5000 / 50000 processed in 71.122s
6000 / 50000 processed in 70.988s
7000 / 50000 processed in 70.032s
8000 / 50000 processed in 70.933s
9000 / 50000 processed in 70.248s
10000 / 50000 processed in 71.413s
11000 / 50000 processed in 70.700s
12000 / 50000 processed in 70.442s
13000 / 50000 processed in 71.960s
14000 / 50000 processed in 70.391s
15000 / 50000 processed in 70.721s
16000 / 50000 processed in 71.083s
17000 / 50000 processed in 70.320s
18000 / 50000 processed in 70.492s
19000 / 50000 processed in 71.646s
20000 / 50000 processed in 71.245s
21000 / 50000 processed in 70.497s
22000 / 50000 processed in 71.868s
23000 / 50000 processed in 70.826s
24000 / 50000 processed in 69.824s
25000 / 50000 processed in 70.397s
26000 / 50000 processed in 70.717s
27000 / 50000 processed in 70.573s
28000 / 50000 processed in 71.191s
29000 / 50000 processed in 70.517s
30000 / 50000 processed in 71.571s
31000 / 50000 processed in 70.944s
32000 / 50000 processed in 69.817s
33000 / 50000 processed in 70.784s
34000 / 50000 processed in 70.869s
35000 / 50000 processed in 69.273s
36000 / 50000 processed in 69.037s
37000 / 50000 processed in 71.264s
38000 / 50000 processed in 70.681s
39000 / 50000 processed in 69.057s
40000 / 50000 processed in 70.024s
41000 / 50000 processed in 71.391s
42000 / 50000 processed in 70.347s
43000 / 50000 processed in 71.537s
44000 / 50000 processed in 70.839s
45000 / 50000 processed in 71.151s
46000 / 50000 processed in 71.343s
47000 / 50000 processed in 69.601s
48000 / 50000 processed in 72.518s
49000 / 50000 processed in 71.633s
50000 / 50000 processed in 69.375s
50000 objects processed in 3536.324 seconds
INFO:compression.engines.ac_engine:Inference finished
accuracy@top1              : 0.75716
accuracy@top5              : 0.92818
