Output log dir: ./results/resnet50_int8_DefaultQuantization/2019-10-31_18-11-42
Creating pipeline:
Algorithm: DefaultQuantization
Parameters:
	preset                     : accuracy
	stat_subset_size           : 1000
	activations                : {'bits': 8, 'type': 'asymmetric', 'scale_type': 'pertensor'}
	weights                    : {'bits': 8, 'type': 'asymmetric', 'scale_type': 'pertensor'}
	target_device              : CPU
===========================================================================
INFO:compression.pipeline.pipeline:Start algorithm: DefaultQuantization
INFO:compression.engines.ac_engine:Start inference of 1000 images
INFO:compression.engines.ac_engine:Inference finished
WARNING: fake quantize node 325/fq_weights_1 doesn't support configuration from tool config file (mismatch with hardware config)
WARNING: fake quantize node 407/fq_weights_1 doesn't support configuration from tool config file (mismatch with hardware config)
WARNING: fake quantize node 321/fq_input_0 doesn't support configuration from tool config file (mismatch with hardware config)
WARNING: fake quantize node 372/fq_input_0 doesn't support configuration from tool config file (mismatch with hardware config)
WARNING: fake quantize node 389/fq_weights_1 doesn't support configuration from tool config file (mismatch with hardware config)
WARNING: fake quantize node 501/fq_input_0 doesn't support configuration from tool config file (mismatch with hardware config)
WARNING: fake quantize node 321/fq_weights_1 doesn't support configuration from tool config file (mismatch with hardware config)
WARNING: fake quantize node 355/fq_input_0 doesn't support configuration from tool config file (mismatch with hardware config)
WARNING: fake quantize node 451/fq_weights_1 doesn't support configuration from tool config file (mismatch with hardware config)
WARNING: fake quantize node 363/fq_weights_1 doesn't support configuration from tool config file (mismatch with hardware config)
WARNING: fake quantize node 377/fq_input_1 doesn't support configuration from tool config file (mismatch with hardware config)
WARNING: fake quantize node 377/fq_input_1 doesn't support configuration from tool config file (mismatch with hardware config)
WARNING: fake quantize node 486/fq_input_0 doesn't support configuration from tool config file (mismatch with hardware config)
WARNING: fake quantize node 360/fq_weights_1 doesn't support configuration from tool config file (mismatch with hardware config)
WARNING: fake quantize node 353/fq_weights_1 doesn't support configuration from tool config file (mismatch with hardware config)
WARNING: fake quantize node 340/fq_weights_1 doesn't support configuration from tool config file (mismatch with hardware config)
WARNING: fake quantize node 417/fq_input_0 doesn't support configuration from tool config file (mismatch with hardware config)
WARNING: fake quantize node 353/fq_input_0 doesn't support configuration from tool config file (mismatch with hardware config)
WARNING: fake quantize node 379/fq_weights_1 doesn't support configuration from tool config file (mismatch with hardware config)
WARNING: fake quantize node 417/fq_weights_1 doesn't support configuration from tool config file (mismatch with hardware config)
WARNING: fake quantize node 402/fq_weights_1 doesn't support configuration from tool config file (mismatch with hardware config)
WARNING: fake quantize node 449/fq_input_0 doesn't support configuration from tool config file (mismatch with hardware config)
WARNING: fake quantize node 414/fq_weights_1 doesn't support configuration from tool config file (mismatch with hardware config)
WARNING: fake quantize node 444/fq_input_0 doesn't support configuration from tool config file (mismatch with hardware config)
WARNING: fake quantize node 483/fq_weights_1 doesn't support configuration from tool config file (mismatch with hardware config)
WARNING: fake quantize node 464/fq_input_0 doesn't support configuration from tool config file (mismatch with hardware config)
WARNING: fake quantize node 471/fq_input_1 doesn't support configuration from tool config file (mismatch with hardware config)
WARNING: fake quantize node 382/fq_input_0 doesn't support configuration from tool config file (mismatch with hardware config)
WARNING: fake quantize node 382/fq_weights_1 doesn't support configuration from tool config file (mismatch with hardware config)
WARNING: fake quantize node 473/fq_weights_1 doesn't support configuration from tool config file (mismatch with hardware config)
WARNING: fake quantize node 367/fq_input_1 doesn't support configuration from tool config file (mismatch with hardware config)
WARNING: fake quantize node 377/fq_input_0 doesn't support configuration from tool config file (mismatch with hardware config)
WARNING: fake quantize node 397/fq_input_0 doesn't support configuration from tool config file (mismatch with hardware config)
WARNING: fake quantize node 337/fq_weights_1 doesn't support configuration from tool config file (mismatch with hardware config)
WARNING: fake quantize node 369/fq_weights_1 doesn't support configuration from tool config file (mismatch with hardware config)
WARNING: fake quantize node 375/fq_input_0 doesn't support configuration from tool config file (mismatch with hardware config)
WARNING: fake quantize node 479/fq_input_0 doesn't support configuration from tool config file (mismatch with hardware config)
WARNING: fake quantize node 457/fq_weights_1 doesn't support configuration from tool config file (mismatch with hardware config)
WARNING: fake quantize node 457/fq_input_0 doesn't support configuration from tool config file (mismatch with hardware config)
WARNING: fake quantize node 347/fq_weights_1 doesn't support configuration from tool config file (mismatch with hardware config)
WARNING: fake quantize node 411/fq_input_0 doesn't support configuration from tool config file (mismatch with hardware config)
WARNING: fake quantize node 411/fq_input_0 doesn't support configuration from tool config file (mismatch with hardware config)
WARNING: fake quantize node 365/fq_weights_1 doesn't support configuration from tool config file (mismatch with hardware config)
WARNING: fake quantize node 479/fq_weights_1 doesn't support configuration from tool config file (mismatch with hardware config)
WARNING: fake quantize node 343/fq_input_0 doesn't support configuration from tool config file (mismatch with hardware config)
WARNING: fake quantize node 441/fq_input_0 doesn't support configuration from tool config file (mismatch with hardware config)
WARNING: fake quantize node 441/fq_input_0 doesn't support configuration from tool config file (mismatch with hardware config)
WARNING: fake quantize node 451/fq_input_0 doesn't support configuration from tool config file (mismatch with hardware config)
WARNING: fake quantize node 451/fq_input_0 doesn't support configuration from tool config file (mismatch with hardware config)
WARNING: fake quantize node 467/fq_input_0 doesn't support configuration from tool config file (mismatch with hardware config)
WARNING: fake quantize node 459/fq_input_0 doesn't support configuration from tool config file (mismatch with hardware config)
WARNING: fake quantize node 385/fq_weights_1 doesn't support configuration from tool config file (mismatch with hardware config)
WARNING: fake quantize node 489/fq_weights_1 doesn't support configuration from tool config file (mismatch with hardware config)
WARNING: fake quantize node 481/fq_input_0 doesn't support configuration from tool config file (mismatch with hardware config)
WARNING: fake quantize node 372/fq_weights_1 doesn't support configuration from tool config file (mismatch with hardware config)
WARNING: fake quantize node 471/fq_input_0 doesn't support configuration from tool config file (mismatch with hardware config)
WARNING: fake quantize node 405/fq_weights_1 doesn't support configuration from tool config file (mismatch with hardware config)
WARNING: fake quantize node 444/fq_weights_1 doesn't support configuration from tool config file (mismatch with hardware config)
WARNING: fake quantize node 473/fq_input_0 doesn't support configuration from tool config file (mismatch with hardware config)
WARNING: fake quantize node 473/fq_input_0 doesn't support configuration from tool config file (mismatch with hardware config)
WARNING: fake quantize node 434/fq_input_0 doesn't support configuration from tool config file (mismatch with hardware config)
WARNING: fake quantize node 447/fq_input_0 doesn't support configuration from tool config file (mismatch with hardware config)
WARNING: fake quantize node 414/fq_input_0 doesn't support configuration from tool config file (mismatch with hardware config)
WARNING: fake quantize node 407/fq_input_0 doesn't support configuration from tool config file (mismatch with hardware config)
WARNING: fake quantize node 407/fq_input_0 doesn't support configuration from tool config file (mismatch with hardware config)
WARNING: fake quantize node 469/fq_input_0 doesn't support configuration from tool config file (mismatch with hardware config)
WARNING: fake quantize node 469/fq_input_0 doesn't support configuration from tool config file (mismatch with hardware config)
WARNING: fake quantize node 357/fq_weights_1 doesn't support configuration from tool config file (mismatch with hardware config)
WARNING: fake quantize node 447/fq_weights_1 doesn't support configuration from tool config file (mismatch with hardware config)
WARNING: fake quantize node 385/fq_input_0 doesn't support configuration from tool config file (mismatch with hardware config)
WARNING: fake quantize node 402/fq_input_0 doesn't support configuration from tool config file (mismatch with hardware config)
WARNING: fake quantize node 337/fq_input_0 doesn't support configuration from tool config file (mismatch with hardware config)
WARNING: fake quantize node 337/fq_input_0 doesn't support configuration from tool config file (mismatch with hardware config)
WARNING: fake quantize node 333/fq_weights_1 doesn't support configuration from tool config file (mismatch with hardware config)
WARNING: fake quantize node 379/fq_input_0 doesn't support configuration from tool config file (mismatch with hardware config)
WARNING: fake quantize node 379/fq_input_0 doesn't support configuration from tool config file (mismatch with hardware config)
WARNING: fake quantize node 405/fq_input_0 doesn't support configuration from tool config file (mismatch with hardware config)
WARNING: fake quantize node 395/fq_input_0 doesn't support configuration from tool config file (mismatch with hardware config)
WARNING: fake quantize node 419/fq_input_0 doesn't support configuration from tool config file (mismatch with hardware config)
WARNING: fake quantize node 421/fq_weights_1 doesn't support configuration from tool config file (mismatch with hardware config)
WARNING: fake quantize node 434/fq_weights_1 doesn't support configuration from tool config file (mismatch with hardware config)
WARNING: fake quantize node 409/fq_input_1 doesn't support configuration from tool config file (mismatch with hardware config)
WARNING: fake quantize node 360/fq_input_0 doesn't support configuration from tool config file (mismatch with hardware config)
WARNING: fake quantize node 429/fq_input_0 doesn't support configuration from tool config file (mismatch with hardware config)
WARNING: fake quantize node 331/fq_weights_1 doesn't support configuration from tool config file (mismatch with hardware config)
WARNING: fake quantize node 454/fq_weights_1 doesn't support configuration from tool config file (mismatch with hardware config)
WARNING: fake quantize node 489/fq_input_0 doesn't support configuration from tool config file (mismatch with hardware config)
WARNING: fake quantize node 347/fq_input_0 doesn't support configuration from tool config file (mismatch with hardware config)
WARNING: fake quantize node 347/fq_input_0 doesn't support configuration from tool config file (mismatch with hardware config)
WARNING: fake quantize node 424/fq_input_0 doesn't support configuration from tool config file (mismatch with hardware config)
WARNING: fake quantize node 375/fq_weights_1 doesn't support configuration from tool config file (mismatch with hardware config)
WARNING: fake quantize node 491/fq_input_0 doesn't support configuration from tool config file (mismatch with hardware config)
WARNING: fake quantize node 427/fq_input_0 doesn't support configuration from tool config file (mismatch with hardware config)
WARNING: fake quantize node 387/fq_input_0 doesn't support configuration from tool config file (mismatch with hardware config)
WARNING: fake quantize node 421/fq_input_0 doesn't support configuration from tool config file (mismatch with hardware config)
WARNING: fake quantize node 421/fq_input_0 doesn't support configuration from tool config file (mismatch with hardware config)
WARNING: fake quantize node 328/fq_weights_1 doesn't support configuration from tool config file (mismatch with hardware config)
WARNING: fake quantize node 476/fq_weights_1 doesn't support configuration from tool config file (mismatch with hardware config)
WARNING: fake quantize node 454/fq_input_0 doesn't support configuration from tool config file (mismatch with hardware config)
WARNING: fake quantize node 343/fq_weights_1 doesn't support configuration from tool config file (mismatch with hardware config)
WARNING: fake quantize node 409/fq_input_0 doesn't support configuration from tool config file (mismatch with hardware config)
WARNING: fake quantize node 491/fq_input_1 doesn't support configuration from tool config file (mismatch with hardware config)
WARNING: fake quantize node 491/fq_input_1 doesn't support configuration from tool config file (mismatch with hardware config)
WARNING: fake quantize node 431/fq_weights_1 doesn't support configuration from tool config file (mismatch with hardware config)
WARNING: fake quantize node 467/fq_weights_1 doesn't support configuration from tool config file (mismatch with hardware config)
WARNING: fake quantize node 464/fq_weights_1 doesn't support configuration from tool config file (mismatch with hardware config)
WARNING: fake quantize node 350/fq_input_0 doesn't support configuration from tool config file (mismatch with hardware config)
WARNING: fake quantize node 439/fq_input_0 doesn't support configuration from tool config file (mismatch with hardware config)
WARNING: fake quantize node 431/fq_input_0 doesn't support configuration from tool config file (mismatch with hardware config)
WARNING: fake quantize node 431/fq_input_0 doesn't support configuration from tool config file (mismatch with hardware config)
WARNING: fake quantize node 340/fq_input_0 doesn't support configuration from tool config file (mismatch with hardware config)
WARNING: fake quantize node 486/fq_weights_1 doesn't support configuration from tool config file (mismatch with hardware config)
WARNING: fake quantize node 441/fq_weights_1 doesn't support configuration from tool config file (mismatch with hardware config)
WARNING: fake quantize node 335/fq_input_1 doesn't support configuration from tool config file (mismatch with hardware config)
WARNING: fake quantize node 392/fq_weights_1 doesn't support configuration from tool config file (mismatch with hardware config)
WARNING: fake quantize node 345/fq_input_0 doesn't support configuration from tool config file (mismatch with hardware config)
WARNING: fake quantize node 363/fq_input_0 doesn't support configuration from tool config file (mismatch with hardware config)
WARNING: fake quantize node 469/fq_weights_1 doesn't support configuration from tool config file (mismatch with hardware config)
WARNING: fake quantize node prob/fq_weights_1 doesn't support configuration from tool config file (mismatch with hardware config)
WARNING: fake quantize node 335/fq_input_0 doesn't support configuration from tool config file (mismatch with hardware config)
WARNING: fake quantize node 427/fq_weights_1 doesn't support configuration from tool config file (mismatch with hardware config)
WARNING: fake quantize node 367/fq_input_0 doesn't support configuration from tool config file (mismatch with hardware config)
WARNING: fake quantize node 461/fq_weights_1 doesn't support configuration from tool config file (mismatch with hardware config)
WARNING: fake quantize node 395/fq_weights_1 doesn't support configuration from tool config file (mismatch with hardware config)
WARNING: fake quantize node 331/fq_input_0 doesn't support configuration from tool config file (mismatch with hardware config)
WARNING: fake quantize node 399/fq_weights_1 doesn't support configuration from tool config file (mismatch with hardware config)
WARNING: fake quantize node 365/fq_input_0 doesn't support configuration from tool config file (mismatch with hardware config)
WARNING: fake quantize node 365/fq_input_0 doesn't support configuration from tool config file (mismatch with hardware config)
WARNING: fake quantize node 328/fq_input_0 doesn't support configuration from tool config file (mismatch with hardware config)
WARNING: fake quantize node 411/fq_weights_1 doesn't support configuration from tool config file (mismatch with hardware config)
WARNING: fake quantize node 437/fq_weights_1 doesn't support configuration from tool config file (mismatch with hardware config)
WARNING: fake quantize node 389/fq_input_0 doesn't support configuration from tool config file (mismatch with hardware config)
WARNING: fake quantize node 389/fq_input_0 doesn't support configuration from tool config file (mismatch with hardware config)
WARNING: fake quantize node 437/fq_input_0 doesn't support configuration from tool config file (mismatch with hardware config)
WARNING: fake quantize node 424/fq_weights_1 doesn't support configuration from tool config file (mismatch with hardware config)
WARNING: fake quantize node 350/fq_weights_1 doesn't support configuration from tool config file (mismatch with hardware config)
WARNING: fake quantize node 476/fq_input_0 doesn't support configuration from tool config file (mismatch with hardware config)
WARNING: fake quantize node 392/fq_input_0 doesn't support configuration from tool config file (mismatch with hardware config)
INFO:compression.engines.ac_engine:Start inference of 1000 images
INFO:compression.engines.ac_engine:Inference finished
INFO:compression.engines.ac_engine:Start inference of 1000 images
INFO:compression.engines.ac_engine:Inference finished
INFO:compression.pipeline.pipeline:Finished: DefaultQuantization
 ===========================================================================
INFO:compression.pipeline.pipeline:Evaluation of generated model
INFO:compression.engines.ac_engine:Start inference on the whole dataset
Total dataset size: 50000
1000 / 50000 processed in 70.799s
2000 / 50000 processed in 70.626s
3000 / 50000 processed in 71.992s
4000 / 50000 processed in 69.826s
5000 / 50000 processed in 70.813s
6000 / 50000 processed in 70.486s
7000 / 50000 processed in 70.678s
8000 / 50000 processed in 70.304s
9000 / 50000 processed in 70.799s
10000 / 50000 processed in 70.244s
11000 / 50000 processed in 71.221s
12000 / 50000 processed in 70.477s
13000 / 50000 processed in 71.808s
14000 / 50000 processed in 71.883s
15000 / 50000 processed in 71.697s
16000 / 50000 processed in 71.066s
17000 / 50000 processed in 70.683s
18000 / 50000 processed in 71.474s
19000 / 50000 processed in 70.806s
20000 / 50000 processed in 70.352s
21000 / 50000 processed in 70.525s
22000 / 50000 processed in 71.330s
23000 / 50000 processed in 70.614s
24000 / 50000 processed in 70.351s
25000 / 50000 processed in 71.804s
26000 / 50000 processed in 70.713s
27000 / 50000 processed in 70.991s
28000 / 50000 processed in 71.348s
29000 / 50000 processed in 70.469s
30000 / 50000 processed in 71.188s
31000 / 50000 processed in 71.164s
32000 / 50000 processed in 69.800s
33000 / 50000 processed in 70.108s
34000 / 50000 processed in 71.767s
35000 / 50000 processed in 71.096s
36000 / 50000 processed in 71.597s
37000 / 50000 processed in 71.209s
38000 / 50000 processed in 70.661s
39000 / 50000 processed in 70.863s
40000 / 50000 processed in 70.124s
41000 / 50000 processed in 71.085s
42000 / 50000 processed in 69.850s
43000 / 50000 processed in 71.274s
44000 / 50000 processed in 71.194s
45000 / 50000 processed in 69.925s
46000 / 50000 processed in 70.582s
47000 / 50000 processed in 69.762s
48000 / 50000 processed in 70.171s
49000 / 50000 processed in 71.894s
50000 / 50000 processed in 71.355s
50000 objects processed in 3542.865 seconds
INFO:compression.engines.ac_engine:Inference finished
accuracy@top1              : 0.75682
accuracy@top5              : 0.92642
