Output log dir: ./results/inception-v1_tf_uint8_int8_weights_pertensor_DefaultQuantization/2019-11-07_16-47-34
Creating pipeline:
Algorithm: DefaultQuantization
Parameters:
	target_device              : CPU
	activations                : {'bits': 8, 'scale_type': 'pertensor', 'type': 'asymmetric'}
	preset                     : accuracy
	weights                    : {'bits': 8, 'scale_type': 'pertensor', 'type': 'symmetric'}
	stat_subset_size           : 1000
===========================================================================
INFO:compression.statistics.statistics_collector:Start computing statistics for algorithms : DefaultQuantization
INFO:compression.statistics.statistics_collector:Computing statistics finished
INFO:compression.pipeline.pipeline:Start algorithm: DefaultQuantization
INFO:compression.statistics.statistics_collector:Start computing statistics for algorithms : ActivationChannelAlignment
INFO:compression.engines.ac_engine:Start inference of 1000 images
INFO:compression.engines.ac_engine:Inference finished
INFO:compression.statistics.statistics_collector:Computing statistics finished
INFO:compression.statistics.statistics_collector:Start computing statistics for algorithms : NaiveQuantization,BiasCorrection
WARNING: fake quantize node InceptionV1/InceptionV1/Mixed_5c/Branch_1/Conv2d_0a_1x1/convolution/fq_weights_1 doesn't support configuration from tool config file (mismatch with hardware config)
WARNING: fake quantize node InceptionV1/InceptionV1/Mixed_4d/Branch_2/Conv2d_0a_1x1/convolution/fq_weights_1 doesn't support configuration from tool config file (mismatch with hardware config)
WARNING: fake quantize node InceptionV1/InceptionV1/Mixed_5c/Branch_1/Conv2d_0b_3x3/convolution/fq_weights_1 doesn't support configuration from tool config file (mismatch with hardware config)
WARNING: fake quantize node InceptionV1/InceptionV1/Mixed_4b/Branch_2/Conv2d_0b_3x3/convolution/fq_input_0 doesn't support configuration from tool config file (mismatch with hardware config)
WARNING: fake quantize node InceptionV1/InceptionV1/Conv2d_1a_7x7/convolution/fq_input_0 doesn't support configuration from tool config file (mismatch with hardware config)
WARNING: fake quantize node InceptionV1/InceptionV1/Mixed_4d/Branch_1/Conv2d_0a_1x1/convolution/fq_weights_1 doesn't support configuration from tool config file (mismatch with hardware config)
WARNING: fake quantize node InceptionV1/InceptionV1/Mixed_4f/Branch_0/Conv2d_0a_1x1/convolution/fq_weights_1 doesn't support configuration from tool config file (mismatch with hardware config)
WARNING: fake quantize node InceptionV1/InceptionV1/Mixed_4d/concat_v2/fq_input_0 doesn't support configuration from tool config file (mismatch with hardware config)
WARNING: fake quantize node InceptionV1/InceptionV1/Mixed_4d/concat_v2/fq_input_0 doesn't support configuration from tool config file (mismatch with hardware config)
WARNING: fake quantize node InceptionV1/InceptionV1/Mixed_4d/concat_v2/fq_input_0 doesn't support configuration from tool config file (mismatch with hardware config)
WARNING: fake quantize node InceptionV1/InceptionV1/Mixed_4d/Branch_2/Conv2d_0b_3x3/convolution/fq_input_0 doesn't support configuration from tool config file (mismatch with hardware config)
WARNING: fake quantize node InceptionV1/InceptionV1/Mixed_5b/Branch_2/Conv2d_0a_1x1/convolution/fq_weights_1 doesn't support configuration from tool config file (mismatch with hardware config)
WARNING: fake quantize node InceptionV1/InceptionV1/Mixed_3b/Branch_1/Conv2d_0b_3x3/convolution/fq_weights_1 doesn't support configuration from tool config file (mismatch with hardware config)
WARNING: fake quantize node InceptionV1/InceptionV1/Mixed_4d/Branch_1/Conv2d_0b_3x3/convolution/fq_weights_1 doesn't support configuration from tool config file (mismatch with hardware config)
WARNING: fake quantize node InceptionV1/InceptionV1/Mixed_4f/Branch_2/Conv2d_0b_3x3/convolution/fq_input_0 doesn't support configuration from tool config file (mismatch with hardware config)
WARNING: fake quantize node InceptionV1/InceptionV1/Mixed_5b/Branch_3/Conv2d_0b_1x1/convolution/fq_weights_1 doesn't support configuration from tool config file (mismatch with hardware config)
WARNING: fake quantize node InceptionV1/InceptionV1/Mixed_5b/Branch_2/Conv2d_0a_3x3/convolution/fq_weights_1 doesn't support configuration from tool config file (mismatch with hardware config)
WARNING: fake quantize node InceptionV1/InceptionV1/Mixed_3b/Branch_2/Conv2d_0b_3x3/convolution/fq_input_0 doesn't support configuration from tool config file (mismatch with hardware config)
WARNING: fake quantize node InceptionV1/InceptionV1/Mixed_5b/concat_v2/fq_input_1 doesn't support configuration from tool config file (mismatch with hardware config)
WARNING: fake quantize node InceptionV1/InceptionV1/Mixed_5b/concat_v2/fq_input_1 doesn't support configuration from tool config file (mismatch with hardware config)
WARNING: fake quantize node InceptionV1/InceptionV1/Mixed_5b/concat_v2/fq_input_1 doesn't support configuration from tool config file (mismatch with hardware config)
WARNING: fake quantize node InceptionV1/InceptionV1/Mixed_4c/Branch_1/Conv2d_0a_1x1/convolution/fq_weights_1 doesn't support configuration from tool config file (mismatch with hardware config)
WARNING: fake quantize node InceptionV1/Logits/Conv2d_0c_1x1/convolution/fq_input_0 doesn't support configuration from tool config file (mismatch with hardware config)
WARNING: fake quantize node InceptionV1/InceptionV1/Mixed_4e/concat_v2/fq_input_1 doesn't support configuration from tool config file (mismatch with hardware config)
WARNING: fake quantize node InceptionV1/InceptionV1/Mixed_4e/concat_v2/fq_input_1 doesn't support configuration from tool config file (mismatch with hardware config)
WARNING: fake quantize node InceptionV1/InceptionV1/Mixed_4e/concat_v2/fq_input_1 doesn't support configuration from tool config file (mismatch with hardware config)
WARNING: fake quantize node InceptionV1/InceptionV1/Mixed_5b/Branch_1/Conv2d_0b_3x3/convolution/fq_input_0 doesn't support configuration from tool config file (mismatch with hardware config)
WARNING: fake quantize node InceptionV1/InceptionV1/Mixed_4d/Branch_0/Conv2d_0a_1x1/convolution/fq_weights_1 doesn't support configuration from tool config file (mismatch with hardware config)
WARNING: fake quantize node InceptionV1/InceptionV1/Mixed_5b/Branch_0/Conv2d_0a_1x1/convolution/fq_weights_1 doesn't support configuration from tool config file (mismatch with hardware config)
WARNING: fake quantize node InceptionV1/InceptionV1/Mixed_4f/Branch_1/Conv2d_0b_3x3/convolution/fq_input_0 doesn't support configuration from tool config file (mismatch with hardware config)
WARNING: fake quantize node InceptionV1/InceptionV1/Mixed_4e/Branch_2/Conv2d_0b_3x3/convolution/fq_weights_1 doesn't support configuration from tool config file (mismatch with hardware config)
WARNING: fake quantize node InceptionV1/InceptionV1/Mixed_4b/concat_v2/fq_input_1 doesn't support configuration from tool config file (mismatch with hardware config)
WARNING: fake quantize node InceptionV1/InceptionV1/Mixed_4b/concat_v2/fq_input_1 doesn't support configuration from tool config file (mismatch with hardware config)
WARNING: fake quantize node InceptionV1/InceptionV1/Mixed_4b/concat_v2/fq_input_1 doesn't support configuration from tool config file (mismatch with hardware config)
WARNING: fake quantize node InceptionV1/InceptionV1/Mixed_3c/Branch_1/Conv2d_0b_3x3/convolution/fq_weights_1 doesn't support configuration from tool config file (mismatch with hardware config)
WARNING: fake quantize node InceptionV1/InceptionV1/Mixed_5c/Branch_1/Conv2d_0b_3x3/convolution/fq_input_0 doesn't support configuration from tool config file (mismatch with hardware config)
WARNING: fake quantize node InceptionV1/InceptionV1/Conv2d_2c_3x3/convolution/fq_input_0 doesn't support configuration from tool config file (mismatch with hardware config)
WARNING: fake quantize node InceptionV1/InceptionV1/Mixed_4b/Branch_0/Conv2d_0a_1x1/convolution/fq_weights_1 doesn't support configuration from tool config file (mismatch with hardware config)
WARNING: fake quantize node InceptionV1/InceptionV1/Mixed_3b/concat_v2/fq_input_2 doesn't support configuration from tool config file (mismatch with hardware config)
WARNING: fake quantize node InceptionV1/InceptionV1/Mixed_3b/concat_v2/fq_input_2 doesn't support configuration from tool config file (mismatch with hardware config)
WARNING: fake quantize node InceptionV1/InceptionV1/Mixed_3b/concat_v2/fq_input_2 doesn't support configuration from tool config file (mismatch with hardware config)
WARNING: fake quantize node InceptionV1/InceptionV1/Mixed_3b/concat_v2/fq_input_1 doesn't support configuration from tool config file (mismatch with hardware config)
WARNING: fake quantize node InceptionV1/InceptionV1/Mixed_3b/concat_v2/fq_input_1 doesn't support configuration from tool config file (mismatch with hardware config)
WARNING: fake quantize node InceptionV1/InceptionV1/Mixed_3b/concat_v2/fq_input_1 doesn't support configuration from tool config file (mismatch with hardware config)
WARNING: fake quantize node InceptionV1/InceptionV1/Mixed_3b/Branch_0/Conv2d_0a_1x1/convolution/fq_weights_1 doesn't support configuration from tool config file (mismatch with hardware config)
WARNING: fake quantize node InceptionV1/InceptionV1/Mixed_4c/concat_v2/fq_input_3 doesn't support configuration from tool config file (mismatch with hardware config)
WARNING: fake quantize node InceptionV1/InceptionV1/Mixed_4c/concat_v2/fq_input_3 doesn't support configuration from tool config file (mismatch with hardware config)
WARNING: fake quantize node InceptionV1/InceptionV1/Mixed_4c/concat_v2/fq_input_3 doesn't support configuration from tool config file (mismatch with hardware config)
WARNING: fake quantize node InceptionV1/InceptionV1/Mixed_4f/Branch_1/Conv2d_0b_3x3/convolution/fq_weights_1 doesn't support configuration from tool config file (mismatch with hardware config)
WARNING: fake quantize node InceptionV1/InceptionV1/Mixed_4e/Branch_3/Conv2d_0b_1x1/convolution/fq_weights_1 doesn't support configuration from tool config file (mismatch with hardware config)
WARNING: fake quantize node InceptionV1/InceptionV1/Mixed_4b/Branch_1/Conv2d_0b_3x3/convolution/fq_input_0 doesn't support configuration from tool config file (mismatch with hardware config)
WARNING: fake quantize node InceptionV1/InceptionV1/Mixed_5c/Branch_0/Conv2d_0a_1x1/convolution/fq_weights_1 doesn't support configuration from tool config file (mismatch with hardware config)
WARNING: fake quantize node InceptionV1/InceptionV1/Mixed_4e/Branch_1/Conv2d_0b_3x3/convolution/fq_weights_1 doesn't support configuration from tool config file (mismatch with hardware config)
WARNING: fake quantize node InceptionV1/InceptionV1/Mixed_4e/Branch_2/Conv2d_0a_1x1/convolution/fq_weights_1 doesn't support configuration from tool config file (mismatch with hardware config)
WARNING: fake quantize node InceptionV1/InceptionV1/Mixed_5b/concat_v2/fq_input_2 doesn't support configuration from tool config file (mismatch with hardware config)
WARNING: fake quantize node InceptionV1/InceptionV1/Mixed_5b/concat_v2/fq_input_2 doesn't support configuration from tool config file (mismatch with hardware config)
WARNING: fake quantize node InceptionV1/InceptionV1/Mixed_5b/concat_v2/fq_input_2 doesn't support configuration from tool config file (mismatch with hardware config)
WARNING: fake quantize node InceptionV1/InceptionV1/Mixed_4b/Branch_2/Conv2d_0b_3x3/convolution/fq_weights_1 doesn't support configuration from tool config file (mismatch with hardware config)
WARNING: fake quantize node InceptionV1/InceptionV1/Mixed_4b/Branch_1/Conv2d_0b_3x3/convolution/fq_weights_1 doesn't support configuration from tool config file (mismatch with hardware config)
WARNING: fake quantize node InceptionV1/InceptionV1/Mixed_4f/Branch_2/Conv2d_0a_1x1/convolution/fq_weights_1 doesn't support configuration from tool config file (mismatch with hardware config)
WARNING: fake quantize node InceptionV1/InceptionV1/Mixed_4d/concat_v2/fq_input_1 doesn't support configuration from tool config file (mismatch with hardware config)
WARNING: fake quantize node InceptionV1/InceptionV1/Mixed_4d/concat_v2/fq_input_1 doesn't support configuration from tool config file (mismatch with hardware config)
WARNING: fake quantize node InceptionV1/InceptionV1/Mixed_4d/concat_v2/fq_input_1 doesn't support configuration from tool config file (mismatch with hardware config)
WARNING: fake quantize node InceptionV1/InceptionV1/Mixed_4c/concat_v2/fq_input_1 doesn't support configuration from tool config file (mismatch with hardware config)
WARNING: fake quantize node InceptionV1/InceptionV1/Mixed_4c/concat_v2/fq_input_1 doesn't support configuration from tool config file (mismatch with hardware config)
WARNING: fake quantize node InceptionV1/InceptionV1/Mixed_4c/concat_v2/fq_input_1 doesn't support configuration from tool config file (mismatch with hardware config)
WARNING: fake quantize node InceptionV1/InceptionV1/Mixed_4e/Branch_1/Conv2d_0a_1x1/convolution/fq_weights_1 doesn't support configuration from tool config file (mismatch with hardware config)
WARNING: fake quantize node InceptionV1/InceptionV1/Mixed_3c/Branch_1/Conv2d_0b_3x3/convolution/fq_input_0 doesn't support configuration from tool config file (mismatch with hardware config)
WARNING: fake quantize node InceptionV1/InceptionV1/Mixed_3c/Branch_1/Conv2d_0a_1x1/convolution/fq_weights_1 doesn't support configuration from tool config file (mismatch with hardware config)
WARNING: fake quantize node InceptionV1/InceptionV1/Mixed_4c/Branch_0/Conv2d_0a_1x1/convolution/fq_weights_1 doesn't support configuration from tool config file (mismatch with hardware config)
WARNING: fake quantize node InceptionV1/InceptionV1/Mixed_5c/Branch_2/Conv2d_0a_1x1/convolution/fq_weights_1 doesn't support configuration from tool config file (mismatch with hardware config)
WARNING: fake quantize node InceptionV1/InceptionV1/Mixed_4e/concat_v2/fq_input_0 doesn't support configuration from tool config file (mismatch with hardware config)
WARNING: fake quantize node InceptionV1/InceptionV1/Mixed_4e/concat_v2/fq_input_0 doesn't support configuration from tool config file (mismatch with hardware config)
WARNING: fake quantize node InceptionV1/InceptionV1/Mixed_4e/concat_v2/fq_input_0 doesn't support configuration from tool config file (mismatch with hardware config)
WARNING: fake quantize node InceptionV1/InceptionV1/Mixed_4d/concat_v2/fq_input_3 doesn't support configuration from tool config file (mismatch with hardware config)
WARNING: fake quantize node InceptionV1/InceptionV1/Mixed_4d/concat_v2/fq_input_3 doesn't support configuration from tool config file (mismatch with hardware config)
WARNING: fake quantize node InceptionV1/InceptionV1/Mixed_4d/concat_v2/fq_input_3 doesn't support configuration from tool config file (mismatch with hardware config)
WARNING: fake quantize node InceptionV1/InceptionV1/Mixed_3c/Branch_3/Conv2d_0b_1x1/convolution/fq_weights_1 doesn't support configuration from tool config file (mismatch with hardware config)
WARNING: fake quantize node InceptionV1/InceptionV1/Mixed_4b/Branch_1/Conv2d_0a_1x1/convolution/fq_weights_1 doesn't support configuration from tool config file (mismatch with hardware config)
WARNING: fake quantize node InceptionV1/InceptionV1/Mixed_5b/concat_v2/fq_input_0 doesn't support configuration from tool config file (mismatch with hardware config)
WARNING: fake quantize node InceptionV1/InceptionV1/Mixed_5b/concat_v2/fq_input_0 doesn't support configuration from tool config file (mismatch with hardware config)
WARNING: fake quantize node InceptionV1/InceptionV1/Mixed_5b/concat_v2/fq_input_0 doesn't support configuration from tool config file (mismatch with hardware config)
WARNING: fake quantize node InceptionV1/InceptionV1/Mixed_4d/Branch_3/Conv2d_0b_1x1/convolution/fq_weights_1 doesn't support configuration from tool config file (mismatch with hardware config)
WARNING: fake quantize node InceptionV1/InceptionV1/Mixed_5c/Branch_2/Conv2d_0b_3x3/convolution/fq_input_0 doesn't support configuration from tool config file (mismatch with hardware config)
WARNING: fake quantize node InceptionV1/InceptionV1/Mixed_3c/Branch_2/Conv2d_0a_1x1/convolution/fq_weights_1 doesn't support configuration from tool config file (mismatch with hardware config)
WARNING: fake quantize node InceptionV1/InceptionV1/Mixed_4d/Branch_2/Conv2d_0b_3x3/convolution/fq_weights_1 doesn't support configuration from tool config file (mismatch with hardware config)
WARNING: fake quantize node InceptionV1/InceptionV1/Mixed_3b/Branch_2/Conv2d_0a_1x1/convolution/fq_weights_1 doesn't support configuration from tool config file (mismatch with hardware config)
WARNING: fake quantize node InceptionV1/InceptionV1/Mixed_4b/Branch_2/Conv2d_0a_1x1/convolution/fq_weights_1 doesn't support configuration from tool config file (mismatch with hardware config)
WARNING: fake quantize node InceptionV1/InceptionV1/Conv2d_1a_7x7/convolution/fq_weights_1 doesn't support configuration from tool config file (mismatch with hardware config)
WARNING: fake quantize node InceptionV1/InceptionV1/Mixed_3b/Branch_1/Conv2d_0a_1x1/convolution/fq_weights_1 doesn't support configuration from tool config file (mismatch with hardware config)
WARNING: fake quantize node InceptionV1/InceptionV1/Mixed_4c/Branch_2/Conv2d_0b_3x3/convolution/fq_input_0 doesn't support configuration from tool config file (mismatch with hardware config)
WARNING: fake quantize node InceptionV1/InceptionV1/Mixed_4e/Branch_2/Conv2d_0b_3x3/convolution/fq_input_0 doesn't support configuration from tool config file (mismatch with hardware config)
WARNING: fake quantize node InceptionV1/InceptionV1/Mixed_5c/Branch_2/Conv2d_0b_3x3/convolution/fq_weights_1 doesn't support configuration from tool config file (mismatch with hardware config)
WARNING: fake quantize node InceptionV1/InceptionV1/Mixed_5c/Branch_3/Conv2d_0b_1x1/convolution/fq_weights_1 doesn't support configuration from tool config file (mismatch with hardware config)
WARNING: fake quantize node InceptionV1/InceptionV1/Mixed_4c/concat_v2/fq_input_0 doesn't support configuration from tool config file (mismatch with hardware config)
WARNING: fake quantize node InceptionV1/InceptionV1/Mixed_4c/concat_v2/fq_input_0 doesn't support configuration from tool config file (mismatch with hardware config)
WARNING: fake quantize node InceptionV1/InceptionV1/Mixed_4c/concat_v2/fq_input_0 doesn't support configuration from tool config file (mismatch with hardware config)
WARNING: fake quantize node InceptionV1/InceptionV1/Mixed_4c/Branch_1/Conv2d_0b_3x3/convolution/fq_weights_1 doesn't support configuration from tool config file (mismatch with hardware config)
WARNING: fake quantize node InceptionV1/InceptionV1/Mixed_3b/Branch_1/Conv2d_0b_3x3/convolution/fq_input_0 doesn't support configuration from tool config file (mismatch with hardware config)
WARNING: fake quantize node InceptionV1/InceptionV1/Mixed_4b/Branch_3/Conv2d_0b_1x1/convolution/fq_weights_1 doesn't support configuration from tool config file (mismatch with hardware config)
WARNING: fake quantize node InceptionV1/InceptionV1/Mixed_3c/Branch_2/Conv2d_0b_3x3/convolution/fq_input_0 doesn't support configuration from tool config file (mismatch with hardware config)
WARNING: fake quantize node InceptionV1/InceptionV1/Mixed_4b/concat_v2/fq_input_3 doesn't support configuration from tool config file (mismatch with hardware config)
WARNING: fake quantize node InceptionV1/InceptionV1/Mixed_4b/concat_v2/fq_input_3 doesn't support configuration from tool config file (mismatch with hardware config)
WARNING: fake quantize node InceptionV1/InceptionV1/Mixed_4b/concat_v2/fq_input_3 doesn't support configuration from tool config file (mismatch with hardware config)
WARNING: fake quantize node InceptionV1/InceptionV1/Mixed_5b/Branch_1/Conv2d_0a_1x1/convolution/fq_weights_1 doesn't support configuration from tool config file (mismatch with hardware config)
WARNING: fake quantize node InceptionV1/InceptionV1/Conv2d_2c_3x3/convolution/fq_weights_1 doesn't support configuration from tool config file (mismatch with hardware config)
WARNING: fake quantize node InceptionV1/InceptionV1/Mixed_4f/Branch_1/Conv2d_0a_1x1/convolution/fq_weights_1 doesn't support configuration from tool config file (mismatch with hardware config)
WARNING: fake quantize node InceptionV1/InceptionV1/Mixed_3c/Branch_2/Conv2d_0b_3x3/convolution/fq_weights_1 doesn't support configuration from tool config file (mismatch with hardware config)
WARNING: fake quantize node InceptionV1/InceptionV1/Mixed_4c/Branch_1/Conv2d_0b_3x3/convolution/fq_input_0 doesn't support configuration from tool config file (mismatch with hardware config)
WARNING: fake quantize node InceptionV1/InceptionV1/Mixed_4c/Branch_2/Conv2d_0b_3x3/convolution/fq_weights_1 doesn't support configuration from tool config file (mismatch with hardware config)
WARNING: fake quantize node InceptionV1/InceptionV1/Mixed_4e/Branch_1/Conv2d_0b_3x3/convolution/fq_input_0 doesn't support configuration from tool config file (mismatch with hardware config)
WARNING: fake quantize node InceptionV1/InceptionV1/Mixed_4d/concat_v2/fq_input_2 doesn't support configuration from tool config file (mismatch with hardware config)
WARNING: fake quantize node InceptionV1/InceptionV1/Mixed_4d/concat_v2/fq_input_2 doesn't support configuration from tool config file (mismatch with hardware config)
WARNING: fake quantize node InceptionV1/InceptionV1/Mixed_4d/concat_v2/fq_input_2 doesn't support configuration from tool config file (mismatch with hardware config)
WARNING: fake quantize node InceptionV1/InceptionV1/Mixed_4e/concat_v2/fq_input_2 doesn't support configuration from tool config file (mismatch with hardware config)
WARNING: fake quantize node InceptionV1/InceptionV1/Mixed_4e/concat_v2/fq_input_2 doesn't support configuration from tool config file (mismatch with hardware config)
WARNING: fake quantize node InceptionV1/InceptionV1/Mixed_4e/concat_v2/fq_input_2 doesn't support configuration from tool config file (mismatch with hardware config)
WARNING: fake quantize node InceptionV1/InceptionV1/Mixed_3b/Branch_2/Conv2d_0b_3x3/convolution/fq_weights_1 doesn't support configuration from tool config file (mismatch with hardware config)
WARNING: fake quantize node InceptionV1/InceptionV1/Mixed_4b/concat_v2/fq_input_2 doesn't support configuration from tool config file (mismatch with hardware config)
WARNING: fake quantize node InceptionV1/InceptionV1/Mixed_4b/concat_v2/fq_input_2 doesn't support configuration from tool config file (mismatch with hardware config)
WARNING: fake quantize node InceptionV1/InceptionV1/Mixed_4b/concat_v2/fq_input_2 doesn't support configuration from tool config file (mismatch with hardware config)
WARNING: fake quantize node InceptionV1/InceptionV1/Mixed_4f/Branch_3/Conv2d_0b_1x1/convolution/fq_weights_1 doesn't support configuration from tool config file (mismatch with hardware config)
WARNING: fake quantize node InceptionV1/InceptionV1/Mixed_5b/Branch_2/Conv2d_0a_3x3/convolution/fq_input_0 doesn't support configuration from tool config file (mismatch with hardware config)
WARNING: fake quantize node InceptionV1/InceptionV1/Mixed_3c/Branch_0/Conv2d_0a_1x1/convolution/fq_weights_1 doesn't support configuration from tool config file (mismatch with hardware config)
WARNING: fake quantize node InceptionV1/InceptionV1/Mixed_3b/concat_v2/fq_input_0 doesn't support configuration from tool config file (mismatch with hardware config)
WARNING: fake quantize node InceptionV1/InceptionV1/Mixed_3b/concat_v2/fq_input_0 doesn't support configuration from tool config file (mismatch with hardware config)
WARNING: fake quantize node InceptionV1/InceptionV1/Mixed_3b/concat_v2/fq_input_0 doesn't support configuration from tool config file (mismatch with hardware config)
WARNING: fake quantize node InceptionV1/InceptionV1/Mixed_4c/concat_v2/fq_input_2 doesn't support configuration from tool config file (mismatch with hardware config)
WARNING: fake quantize node InceptionV1/InceptionV1/Mixed_4c/concat_v2/fq_input_2 doesn't support configuration from tool config file (mismatch with hardware config)
WARNING: fake quantize node InceptionV1/InceptionV1/Mixed_4c/concat_v2/fq_input_2 doesn't support configuration from tool config file (mismatch with hardware config)
WARNING: fake quantize node InceptionV1/InceptionV1/Mixed_5b/Branch_1/Conv2d_0b_3x3/convolution/fq_weights_1 doesn't support configuration from tool config file (mismatch with hardware config)
WARNING: fake quantize node InceptionV1/InceptionV1/Mixed_4d/Branch_1/Conv2d_0b_3x3/convolution/fq_input_0 doesn't support configuration from tool config file (mismatch with hardware config)
WARNING: fake quantize node InceptionV1/InceptionV1/Mixed_5b/concat_v2/fq_input_3 doesn't support configuration from tool config file (mismatch with hardware config)
WARNING: fake quantize node InceptionV1/InceptionV1/Mixed_5b/concat_v2/fq_input_3 doesn't support configuration from tool config file (mismatch with hardware config)
WARNING: fake quantize node InceptionV1/InceptionV1/Mixed_5b/concat_v2/fq_input_3 doesn't support configuration from tool config file (mismatch with hardware config)
WARNING: fake quantize node InceptionV1/InceptionV1/Mixed_3b/Branch_3/Conv2d_0b_1x1/convolution/fq_weights_1 doesn't support configuration from tool config file (mismatch with hardware config)
WARNING: fake quantize node InceptionV1/InceptionV1/Conv2d_2b_1x1/convolution/fq_weights_1 doesn't support configuration from tool config file (mismatch with hardware config)
WARNING: fake quantize node InceptionV1/InceptionV1/Mixed_4e/concat_v2/fq_input_3 doesn't support configuration from tool config file (mismatch with hardware config)
WARNING: fake quantize node InceptionV1/InceptionV1/Mixed_4e/concat_v2/fq_input_3 doesn't support configuration from tool config file (mismatch with hardware config)
WARNING: fake quantize node InceptionV1/InceptionV1/Mixed_4e/concat_v2/fq_input_3 doesn't support configuration from tool config file (mismatch with hardware config)
WARNING: fake quantize node InceptionV1/InceptionV1/Mixed_4f/Branch_2/Conv2d_0b_3x3/convolution/fq_weights_1 doesn't support configuration from tool config file (mismatch with hardware config)
WARNING: fake quantize node InceptionV1/InceptionV1/Mixed_4c/Branch_2/Conv2d_0a_1x1/convolution/fq_weights_1 doesn't support configuration from tool config file (mismatch with hardware config)
WARNING: fake quantize node InceptionV1/Logits/Conv2d_0c_1x1/convolution/fq_weights_1 doesn't support configuration from tool config file (mismatch with hardware config)
WARNING: fake quantize node InceptionV1/InceptionV1/Mixed_3b/concat_v2/fq_input_3 doesn't support configuration from tool config file (mismatch with hardware config)
WARNING: fake quantize node InceptionV1/InceptionV1/Mixed_3b/concat_v2/fq_input_3 doesn't support configuration from tool config file (mismatch with hardware config)
WARNING: fake quantize node InceptionV1/InceptionV1/Mixed_3b/concat_v2/fq_input_3 doesn't support configuration from tool config file (mismatch with hardware config)
WARNING: fake quantize node InceptionV1/InceptionV1/Mixed_4e/Branch_0/Conv2d_0a_1x1/convolution/fq_weights_1 doesn't support configuration from tool config file (mismatch with hardware config)
WARNING: fake quantize node InceptionV1/InceptionV1/Mixed_4b/concat_v2/fq_input_0 doesn't support configuration from tool config file (mismatch with hardware config)
WARNING: fake quantize node InceptionV1/InceptionV1/Mixed_4b/concat_v2/fq_input_0 doesn't support configuration from tool config file (mismatch with hardware config)
WARNING: fake quantize node InceptionV1/InceptionV1/Mixed_4b/concat_v2/fq_input_0 doesn't support configuration from tool config file (mismatch with hardware config)
WARNING: fake quantize node InceptionV1/InceptionV1/Mixed_4c/Branch_3/Conv2d_0b_1x1/convolution/fq_weights_1 doesn't support configuration from tool config file (mismatch with hardware config)
INFO:compression.engines.ac_engine:Start inference of 1000 images
INFO:compression.engines.ac_engine:Inference finished
INFO:compression.statistics.statistics_collector:Computing statistics finished
WARNING: fake quantize node InceptionV1/InceptionV1/Mixed_5c/Branch_1/Conv2d_0a_1x1/convolution/fq_weights_1 doesn't support configuration from tool config file (mismatch with hardware config)
WARNING: fake quantize node InceptionV1/InceptionV1/Mixed_4d/Branch_2/Conv2d_0a_1x1/convolution/fq_weights_1 doesn't support configuration from tool config file (mismatch with hardware config)
WARNING: fake quantize node InceptionV1/InceptionV1/Mixed_5c/Branch_1/Conv2d_0b_3x3/convolution/fq_weights_1 doesn't support configuration from tool config file (mismatch with hardware config)
WARNING: fake quantize node InceptionV1/InceptionV1/Mixed_4b/Branch_2/Conv2d_0b_3x3/convolution/fq_input_0 doesn't support configuration from tool config file (mismatch with hardware config)
WARNING: fake quantize node InceptionV1/InceptionV1/Conv2d_1a_7x7/convolution/fq_input_0 doesn't support configuration from tool config file (mismatch with hardware config)
WARNING: fake quantize node InceptionV1/InceptionV1/Mixed_4d/Branch_1/Conv2d_0a_1x1/convolution/fq_weights_1 doesn't support configuration from tool config file (mismatch with hardware config)
WARNING: fake quantize node InceptionV1/InceptionV1/Mixed_4f/Branch_0/Conv2d_0a_1x1/convolution/fq_weights_1 doesn't support configuration from tool config file (mismatch with hardware config)
WARNING: fake quantize node InceptionV1/InceptionV1/Mixed_4d/concat_v2/fq_input_0 doesn't support configuration from tool config file (mismatch with hardware config)
WARNING: fake quantize node InceptionV1/InceptionV1/Mixed_4d/concat_v2/fq_input_0 doesn't support configuration from tool config file (mismatch with hardware config)
WARNING: fake quantize node InceptionV1/InceptionV1/Mixed_4d/concat_v2/fq_input_0 doesn't support configuration from tool config file (mismatch with hardware config)
WARNING: fake quantize node InceptionV1/InceptionV1/Mixed_4d/Branch_2/Conv2d_0b_3x3/convolution/fq_input_0 doesn't support configuration from tool config file (mismatch with hardware config)
WARNING: fake quantize node InceptionV1/InceptionV1/Mixed_5b/Branch_2/Conv2d_0a_1x1/convolution/fq_weights_1 doesn't support configuration from tool config file (mismatch with hardware config)
WARNING: fake quantize node InceptionV1/InceptionV1/Mixed_3b/Branch_1/Conv2d_0b_3x3/convolution/fq_weights_1 doesn't support configuration from tool config file (mismatch with hardware config)
WARNING: fake quantize node InceptionV1/InceptionV1/Mixed_4d/Branch_1/Conv2d_0b_3x3/convolution/fq_weights_1 doesn't support configuration from tool config file (mismatch with hardware config)
WARNING: fake quantize node InceptionV1/InceptionV1/Mixed_4f/Branch_2/Conv2d_0b_3x3/convolution/fq_input_0 doesn't support configuration from tool config file (mismatch with hardware config)
WARNING: fake quantize node InceptionV1/InceptionV1/Mixed_5b/Branch_3/Conv2d_0b_1x1/convolution/fq_weights_1 doesn't support configuration from tool config file (mismatch with hardware config)
WARNING: fake quantize node InceptionV1/InceptionV1/Mixed_5b/Branch_2/Conv2d_0a_3x3/convolution/fq_weights_1 doesn't support configuration from tool config file (mismatch with hardware config)
WARNING: fake quantize node InceptionV1/InceptionV1/Mixed_3b/Branch_2/Conv2d_0b_3x3/convolution/fq_input_0 doesn't support configuration from tool config file (mismatch with hardware config)
WARNING: fake quantize node InceptionV1/InceptionV1/Mixed_5b/concat_v2/fq_input_1 doesn't support configuration from tool config file (mismatch with hardware config)
WARNING: fake quantize node InceptionV1/InceptionV1/Mixed_5b/concat_v2/fq_input_1 doesn't support configuration from tool config file (mismatch with hardware config)
WARNING: fake quantize node InceptionV1/InceptionV1/Mixed_5b/concat_v2/fq_input_1 doesn't support configuration from tool config file (mismatch with hardware config)
WARNING: fake quantize node InceptionV1/InceptionV1/Mixed_4c/Branch_1/Conv2d_0a_1x1/convolution/fq_weights_1 doesn't support configuration from tool config file (mismatch with hardware config)
WARNING: fake quantize node InceptionV1/Logits/Conv2d_0c_1x1/convolution/fq_input_0 doesn't support configuration from tool config file (mismatch with hardware config)
WARNING: fake quantize node InceptionV1/InceptionV1/Mixed_5b/Branch_1/Conv2d_0b_3x3/convolution/fq_input_0 doesn't support configuration from tool config file (mismatch with hardware config)
WARNING: fake quantize node InceptionV1/InceptionV1/Mixed_4d/Branch_0/Conv2d_0a_1x1/convolution/fq_weights_1 doesn't support configuration from tool config file (mismatch with hardware config)
WARNING: fake quantize node InceptionV1/InceptionV1/Mixed_3b/concat_v2/fq_input_0 doesn't support configuration from tool config file (mismatch with hardware config)
WARNING: fake quantize node InceptionV1/InceptionV1/Mixed_3b/concat_v2/fq_input_0 doesn't support configuration from tool config file (mismatch with hardware config)
WARNING: fake quantize node InceptionV1/InceptionV1/Mixed_3b/concat_v2/fq_input_0 doesn't support configuration from tool config file (mismatch with hardware config)
WARNING: fake quantize node InceptionV1/InceptionV1/Mixed_4f/Branch_1/Conv2d_0b_3x3/convolution/fq_input_0 doesn't support configuration from tool config file (mismatch with hardware config)
WARNING: fake quantize node InceptionV1/InceptionV1/Mixed_4e/Branch_2/Conv2d_0b_3x3/convolution/fq_weights_1 doesn't support configuration from tool config file (mismatch with hardware config)
WARNING: fake quantize node InceptionV1/InceptionV1/Mixed_4b/concat_v2/fq_input_1 doesn't support configuration from tool config file (mismatch with hardware config)
WARNING: fake quantize node InceptionV1/InceptionV1/Mixed_4b/concat_v2/fq_input_1 doesn't support configuration from tool config file (mismatch with hardware config)
WARNING: fake quantize node InceptionV1/InceptionV1/Mixed_4b/concat_v2/fq_input_1 doesn't support configuration from tool config file (mismatch with hardware config)
WARNING: fake quantize node InceptionV1/InceptionV1/Mixed_3c/Branch_1/Conv2d_0b_3x3/convolution/fq_weights_1 doesn't support configuration from tool config file (mismatch with hardware config)
WARNING: fake quantize node InceptionV1/InceptionV1/Mixed_5c/Branch_1/Conv2d_0b_3x3/convolution/fq_input_0 doesn't support configuration from tool config file (mismatch with hardware config)
WARNING: fake quantize node InceptionV1/InceptionV1/Conv2d_2c_3x3/convolution/fq_input_0 doesn't support configuration from tool config file (mismatch with hardware config)
WARNING: fake quantize node InceptionV1/InceptionV1/Mixed_4b/Branch_0/Conv2d_0a_1x1/convolution/fq_weights_1 doesn't support configuration from tool config file (mismatch with hardware config)
WARNING: fake quantize node InceptionV1/InceptionV1/Mixed_4b/concat_v2/fq_input_3 doesn't support configuration from tool config file (mismatch with hardware config)
WARNING: fake quantize node InceptionV1/InceptionV1/Mixed_4b/concat_v2/fq_input_3 doesn't support configuration from tool config file (mismatch with hardware config)
WARNING: fake quantize node InceptionV1/InceptionV1/Mixed_4b/concat_v2/fq_input_3 doesn't support configuration from tool config file (mismatch with hardware config)
WARNING: fake quantize node InceptionV1/InceptionV1/Mixed_3b/concat_v2/fq_input_2 doesn't support configuration from tool config file (mismatch with hardware config)
WARNING: fake quantize node InceptionV1/InceptionV1/Mixed_3b/concat_v2/fq_input_2 doesn't support configuration from tool config file (mismatch with hardware config)
WARNING: fake quantize node InceptionV1/InceptionV1/Mixed_3b/concat_v2/fq_input_2 doesn't support configuration from tool config file (mismatch with hardware config)
WARNING: fake quantize node InceptionV1/InceptionV1/Mixed_3b/concat_v2/fq_input_1 doesn't support configuration from tool config file (mismatch with hardware config)
WARNING: fake quantize node InceptionV1/InceptionV1/Mixed_3b/concat_v2/fq_input_1 doesn't support configuration from tool config file (mismatch with hardware config)
WARNING: fake quantize node InceptionV1/InceptionV1/Mixed_3b/concat_v2/fq_input_1 doesn't support configuration from tool config file (mismatch with hardware config)
WARNING: fake quantize node InceptionV1/InceptionV1/Mixed_3b/Branch_0/Conv2d_0a_1x1/convolution/fq_weights_1 doesn't support configuration from tool config file (mismatch with hardware config)
WARNING: fake quantize node InceptionV1/InceptionV1/Mixed_4c/concat_v2/fq_input_3 doesn't support configuration from tool config file (mismatch with hardware config)
WARNING: fake quantize node InceptionV1/InceptionV1/Mixed_4c/concat_v2/fq_input_3 doesn't support configuration from tool config file (mismatch with hardware config)
WARNING: fake quantize node InceptionV1/InceptionV1/Mixed_4c/concat_v2/fq_input_3 doesn't support configuration from tool config file (mismatch with hardware config)
WARNING: fake quantize node InceptionV1/InceptionV1/Mixed_4f/Branch_1/Conv2d_0b_3x3/convolution/fq_weights_1 doesn't support configuration from tool config file (mismatch with hardware config)
WARNING: fake quantize node InceptionV1/InceptionV1/Mixed_4e/Branch_3/Conv2d_0b_1x1/convolution/fq_weights_1 doesn't support configuration from tool config file (mismatch with hardware config)
WARNING: fake quantize node InceptionV1/InceptionV1/Mixed_4b/Branch_1/Conv2d_0b_3x3/convolution/fq_input_0 doesn't support configuration from tool config file (mismatch with hardware config)
WARNING: fake quantize node InceptionV1/InceptionV1/Mixed_5c/Branch_0/Conv2d_0a_1x1/convolution/fq_weights_1 doesn't support configuration from tool config file (mismatch with hardware config)
WARNING: fake quantize node InceptionV1/InceptionV1/Mixed_4e/Branch_1/Conv2d_0b_3x3/convolution/fq_weights_1 doesn't support configuration from tool config file (mismatch with hardware config)
WARNING: fake quantize node InceptionV1/InceptionV1/Mixed_4e/Branch_2/Conv2d_0a_1x1/convolution/fq_weights_1 doesn't support configuration from tool config file (mismatch with hardware config)
WARNING: fake quantize node InceptionV1/InceptionV1/Mixed_5b/concat_v2/fq_input_2 doesn't support configuration from tool config file (mismatch with hardware config)
WARNING: fake quantize node InceptionV1/InceptionV1/Mixed_5b/concat_v2/fq_input_2 doesn't support configuration from tool config file (mismatch with hardware config)
WARNING: fake quantize node InceptionV1/InceptionV1/Mixed_5b/concat_v2/fq_input_2 doesn't support configuration from tool config file (mismatch with hardware config)
WARNING: fake quantize node InceptionV1/InceptionV1/Mixed_4b/Branch_2/Conv2d_0b_3x3/convolution/fq_weights_1 doesn't support configuration from tool config file (mismatch with hardware config)
WARNING: fake quantize node InceptionV1/InceptionV1/Mixed_4b/Branch_1/Conv2d_0b_3x3/convolution/fq_weights_1 doesn't support configuration from tool config file (mismatch with hardware config)
WARNING: fake quantize node InceptionV1/InceptionV1/Mixed_4f/Branch_2/Conv2d_0a_1x1/convolution/fq_weights_1 doesn't support configuration from tool config file (mismatch with hardware config)
WARNING: fake quantize node InceptionV1/InceptionV1/Mixed_4c/concat_v2/fq_input_1 doesn't support configuration from tool config file (mismatch with hardware config)
WARNING: fake quantize node InceptionV1/InceptionV1/Mixed_4c/concat_v2/fq_input_1 doesn't support configuration from tool config file (mismatch with hardware config)
WARNING: fake quantize node InceptionV1/InceptionV1/Mixed_4c/concat_v2/fq_input_1 doesn't support configuration from tool config file (mismatch with hardware config)
WARNING: fake quantize node InceptionV1/InceptionV1/Mixed_3c/Branch_2/Conv2d_0b_3x3/convolution/fq_input_0 doesn't support configuration from tool config file (mismatch with hardware config)
WARNING: fake quantize node InceptionV1/InceptionV1/Mixed_3c/Branch_1/Conv2d_0b_3x3/convolution/fq_input_0 doesn't support configuration from tool config file (mismatch with hardware config)
WARNING: fake quantize node InceptionV1/InceptionV1/Mixed_3c/Branch_1/Conv2d_0a_1x1/convolution/fq_weights_1 doesn't support configuration from tool config file (mismatch with hardware config)
WARNING: fake quantize node InceptionV1/InceptionV1/Mixed_4c/Branch_0/Conv2d_0a_1x1/convolution/fq_weights_1 doesn't support configuration from tool config file (mismatch with hardware config)
WARNING: fake quantize node InceptionV1/InceptionV1/Mixed_5c/Branch_2/Conv2d_0a_1x1/convolution/fq_weights_1 doesn't support configuration from tool config file (mismatch with hardware config)
WARNING: fake quantize node InceptionV1/InceptionV1/Mixed_4e/concat_v2/fq_input_0 doesn't support configuration from tool config file (mismatch with hardware config)
WARNING: fake quantize node InceptionV1/InceptionV1/Mixed_4e/concat_v2/fq_input_0 doesn't support configuration from tool config file (mismatch with hardware config)
WARNING: fake quantize node InceptionV1/InceptionV1/Mixed_4e/concat_v2/fq_input_0 doesn't support configuration from tool config file (mismatch with hardware config)
WARNING: fake quantize node InceptionV1/InceptionV1/Mixed_4d/concat_v2/fq_input_3 doesn't support configuration from tool config file (mismatch with hardware config)
WARNING: fake quantize node InceptionV1/InceptionV1/Mixed_4d/concat_v2/fq_input_3 doesn't support configuration from tool config file (mismatch with hardware config)
WARNING: fake quantize node InceptionV1/InceptionV1/Mixed_4d/concat_v2/fq_input_3 doesn't support configuration from tool config file (mismatch with hardware config)
WARNING: fake quantize node InceptionV1/InceptionV1/Mixed_3c/Branch_3/Conv2d_0b_1x1/convolution/fq_weights_1 doesn't support configuration from tool config file (mismatch with hardware config)
WARNING: fake quantize node InceptionV1/InceptionV1/Mixed_4b/Branch_1/Conv2d_0a_1x1/convolution/fq_weights_1 doesn't support configuration from tool config file (mismatch with hardware config)
WARNING: fake quantize node InceptionV1/InceptionV1/Mixed_5b/concat_v2/fq_input_0 doesn't support configuration from tool config file (mismatch with hardware config)
WARNING: fake quantize node InceptionV1/InceptionV1/Mixed_5b/concat_v2/fq_input_0 doesn't support configuration from tool config file (mismatch with hardware config)
WARNING: fake quantize node InceptionV1/InceptionV1/Mixed_5b/concat_v2/fq_input_0 doesn't support configuration from tool config file (mismatch with hardware config)
WARNING: fake quantize node InceptionV1/InceptionV1/Mixed_4d/Branch_3/Conv2d_0b_1x1/convolution/fq_weights_1 doesn't support configuration from tool config file (mismatch with hardware config)
WARNING: fake quantize node InceptionV1/InceptionV1/Mixed_4e/Branch_1/Conv2d_0a_1x1/convolution/fq_weights_1 doesn't support configuration from tool config file (mismatch with hardware config)
WARNING: fake quantize node InceptionV1/InceptionV1/Mixed_5c/Branch_2/Conv2d_0b_3x3/convolution/fq_input_0 doesn't support configuration from tool config file (mismatch with hardware config)
WARNING: fake quantize node InceptionV1/InceptionV1/Mixed_3c/Branch_2/Conv2d_0a_1x1/convolution/fq_weights_1 doesn't support configuration from tool config file (mismatch with hardware config)
WARNING: fake quantize node InceptionV1/InceptionV1/Mixed_4d/Branch_2/Conv2d_0b_3x3/convolution/fq_weights_1 doesn't support configuration from tool config file (mismatch with hardware config)
WARNING: fake quantize node InceptionV1/InceptionV1/Mixed_3b/Branch_2/Conv2d_0a_1x1/convolution/fq_weights_1 doesn't support configuration from tool config file (mismatch with hardware config)
WARNING: fake quantize node InceptionV1/InceptionV1/Mixed_4b/Branch_2/Conv2d_0a_1x1/convolution/fq_weights_1 doesn't support configuration from tool config file (mismatch with hardware config)
WARNING: fake quantize node InceptionV1/InceptionV1/Conv2d_1a_7x7/convolution/fq_weights_1 doesn't support configuration from tool config file (mismatch with hardware config)
WARNING: fake quantize node InceptionV1/InceptionV1/Mixed_3b/Branch_1/Conv2d_0a_1x1/convolution/fq_weights_1 doesn't support configuration from tool config file (mismatch with hardware config)
WARNING: fake quantize node InceptionV1/InceptionV1/Mixed_4c/Branch_2/Conv2d_0b_3x3/convolution/fq_input_0 doesn't support configuration from tool config file (mismatch with hardware config)
WARNING: fake quantize node InceptionV1/InceptionV1/Mixed_4e/Branch_2/Conv2d_0b_3x3/convolution/fq_input_0 doesn't support configuration from tool config file (mismatch with hardware config)
WARNING: fake quantize node InceptionV1/InceptionV1/Mixed_5c/Branch_2/Conv2d_0b_3x3/convolution/fq_weights_1 doesn't support configuration from tool config file (mismatch with hardware config)
WARNING: fake quantize node InceptionV1/InceptionV1/Mixed_5c/Branch_3/Conv2d_0b_1x1/convolution/fq_weights_1 doesn't support configuration from tool config file (mismatch with hardware config)
WARNING: fake quantize node InceptionV1/InceptionV1/Mixed_4c/concat_v2/fq_input_0 doesn't support configuration from tool config file (mismatch with hardware config)
WARNING: fake quantize node InceptionV1/InceptionV1/Mixed_4c/concat_v2/fq_input_0 doesn't support configuration from tool config file (mismatch with hardware config)
WARNING: fake quantize node InceptionV1/InceptionV1/Mixed_4c/concat_v2/fq_input_0 doesn't support configuration from tool config file (mismatch with hardware config)
WARNING: fake quantize node InceptionV1/InceptionV1/Mixed_4c/Branch_1/Conv2d_0b_3x3/convolution/fq_weights_1 doesn't support configuration from tool config file (mismatch with hardware config)
WARNING: fake quantize node InceptionV1/InceptionV1/Mixed_3b/Branch_1/Conv2d_0b_3x3/convolution/fq_input_0 doesn't support configuration from tool config file (mismatch with hardware config)
WARNING: fake quantize node InceptionV1/InceptionV1/Mixed_4b/Branch_3/Conv2d_0b_1x1/convolution/fq_weights_1 doesn't support configuration from tool config file (mismatch with hardware config)
WARNING: fake quantize node InceptionV1/InceptionV1/Mixed_4e/concat_v2/fq_input_1 doesn't support configuration from tool config file (mismatch with hardware config)
WARNING: fake quantize node InceptionV1/InceptionV1/Mixed_4e/concat_v2/fq_input_1 doesn't support configuration from tool config file (mismatch with hardware config)
WARNING: fake quantize node InceptionV1/InceptionV1/Mixed_4e/concat_v2/fq_input_1 doesn't support configuration from tool config file (mismatch with hardware config)
WARNING: fake quantize node InceptionV1/InceptionV1/Mixed_4d/concat_v2/fq_input_1 doesn't support configuration from tool config file (mismatch with hardware config)
WARNING: fake quantize node InceptionV1/InceptionV1/Mixed_4d/concat_v2/fq_input_1 doesn't support configuration from tool config file (mismatch with hardware config)
WARNING: fake quantize node InceptionV1/InceptionV1/Mixed_4d/concat_v2/fq_input_1 doesn't support configuration from tool config file (mismatch with hardware config)
WARNING: fake quantize node InceptionV1/InceptionV1/Mixed_5b/Branch_1/Conv2d_0a_1x1/convolution/fq_weights_1 doesn't support configuration from tool config file (mismatch with hardware config)
WARNING: fake quantize node InceptionV1/InceptionV1/Conv2d_2c_3x3/convolution/fq_weights_1 doesn't support configuration from tool config file (mismatch with hardware config)
WARNING: fake quantize node InceptionV1/InceptionV1/Mixed_4f/Branch_1/Conv2d_0a_1x1/convolution/fq_weights_1 doesn't support configuration from tool config file (mismatch with hardware config)
WARNING: fake quantize node InceptionV1/InceptionV1/Mixed_5b/Branch_0/Conv2d_0a_1x1/convolution/fq_weights_1 doesn't support configuration from tool config file (mismatch with hardware config)
WARNING: fake quantize node InceptionV1/InceptionV1/Mixed_3c/Branch_2/Conv2d_0b_3x3/convolution/fq_weights_1 doesn't support configuration from tool config file (mismatch with hardware config)
WARNING: fake quantize node InceptionV1/InceptionV1/Mixed_4c/Branch_1/Conv2d_0b_3x3/convolution/fq_input_0 doesn't support configuration from tool config file (mismatch with hardware config)
WARNING: fake quantize node InceptionV1/InceptionV1/Mixed_4c/Branch_2/Conv2d_0b_3x3/convolution/fq_weights_1 doesn't support configuration from tool config file (mismatch with hardware config)
WARNING: fake quantize node InceptionV1/InceptionV1/Mixed_4e/Branch_1/Conv2d_0b_3x3/convolution/fq_input_0 doesn't support configuration from tool config file (mismatch with hardware config)
WARNING: fake quantize node InceptionV1/InceptionV1/Mixed_4d/concat_v2/fq_input_2 doesn't support configuration from tool config file (mismatch with hardware config)
WARNING: fake quantize node InceptionV1/InceptionV1/Mixed_4d/concat_v2/fq_input_2 doesn't support configuration from tool config file (mismatch with hardware config)
WARNING: fake quantize node InceptionV1/InceptionV1/Mixed_4d/concat_v2/fq_input_2 doesn't support configuration from tool config file (mismatch with hardware config)
WARNING: fake quantize node InceptionV1/InceptionV1/Mixed_4e/concat_v2/fq_input_2 doesn't support configuration from tool config file (mismatch with hardware config)
WARNING: fake quantize node InceptionV1/InceptionV1/Mixed_4e/concat_v2/fq_input_2 doesn't support configuration from tool config file (mismatch with hardware config)
WARNING: fake quantize node InceptionV1/InceptionV1/Mixed_4e/concat_v2/fq_input_2 doesn't support configuration from tool config file (mismatch with hardware config)
WARNING: fake quantize node InceptionV1/InceptionV1/Mixed_3b/Branch_2/Conv2d_0b_3x3/convolution/fq_weights_1 doesn't support configuration from tool config file (mismatch with hardware config)
WARNING: fake quantize node InceptionV1/InceptionV1/Mixed_4b/concat_v2/fq_input_2 doesn't support configuration from tool config file (mismatch with hardware config)
WARNING: fake quantize node InceptionV1/InceptionV1/Mixed_4b/concat_v2/fq_input_2 doesn't support configuration from tool config file (mismatch with hardware config)
WARNING: fake quantize node InceptionV1/InceptionV1/Mixed_4b/concat_v2/fq_input_2 doesn't support configuration from tool config file (mismatch with hardware config)
WARNING: fake quantize node InceptionV1/InceptionV1/Mixed_4f/Branch_3/Conv2d_0b_1x1/convolution/fq_weights_1 doesn't support configuration from tool config file (mismatch with hardware config)
WARNING: fake quantize node InceptionV1/InceptionV1/Mixed_5b/Branch_2/Conv2d_0a_3x3/convolution/fq_input_0 doesn't support configuration from tool config file (mismatch with hardware config)
WARNING: fake quantize node InceptionV1/InceptionV1/Mixed_3c/Branch_0/Conv2d_0a_1x1/convolution/fq_weights_1 doesn't support configuration from tool config file (mismatch with hardware config)
WARNING: fake quantize node InceptionV1/InceptionV1/Mixed_4c/concat_v2/fq_input_2 doesn't support configuration from tool config file (mismatch with hardware config)
WARNING: fake quantize node InceptionV1/InceptionV1/Mixed_4c/concat_v2/fq_input_2 doesn't support configuration from tool config file (mismatch with hardware config)
WARNING: fake quantize node InceptionV1/InceptionV1/Mixed_4c/concat_v2/fq_input_2 doesn't support configuration from tool config file (mismatch with hardware config)
WARNING: fake quantize node InceptionV1/InceptionV1/Mixed_5b/Branch_1/Conv2d_0b_3x3/convolution/fq_weights_1 doesn't support configuration from tool config file (mismatch with hardware config)
WARNING: fake quantize node InceptionV1/InceptionV1/Mixed_4d/Branch_1/Conv2d_0b_3x3/convolution/fq_input_0 doesn't support configuration from tool config file (mismatch with hardware config)
WARNING: fake quantize node InceptionV1/InceptionV1/Mixed_5b/concat_v2/fq_input_3 doesn't support configuration from tool config file (mismatch with hardware config)
WARNING: fake quantize node InceptionV1/InceptionV1/Mixed_5b/concat_v2/fq_input_3 doesn't support configuration from tool config file (mismatch with hardware config)
WARNING: fake quantize node InceptionV1/InceptionV1/Mixed_5b/concat_v2/fq_input_3 doesn't support configuration from tool config file (mismatch with hardware config)
WARNING: fake quantize node InceptionV1/InceptionV1/Mixed_3b/Branch_3/Conv2d_0b_1x1/convolution/fq_weights_1 doesn't support configuration from tool config file (mismatch with hardware config)
WARNING: fake quantize node InceptionV1/InceptionV1/Conv2d_2b_1x1/convolution/fq_weights_1 doesn't support configuration from tool config file (mismatch with hardware config)
WARNING: fake quantize node InceptionV1/InceptionV1/Mixed_4e/concat_v2/fq_input_3 doesn't support configuration from tool config file (mismatch with hardware config)
WARNING: fake quantize node InceptionV1/InceptionV1/Mixed_4e/concat_v2/fq_input_3 doesn't support configuration from tool config file (mismatch with hardware config)
WARNING: fake quantize node InceptionV1/InceptionV1/Mixed_4e/concat_v2/fq_input_3 doesn't support configuration from tool config file (mismatch with hardware config)
WARNING: fake quantize node InceptionV1/InceptionV1/Mixed_4f/Branch_2/Conv2d_0b_3x3/convolution/fq_weights_1 doesn't support configuration from tool config file (mismatch with hardware config)
WARNING: fake quantize node InceptionV1/InceptionV1/Mixed_4c/Branch_2/Conv2d_0a_1x1/convolution/fq_weights_1 doesn't support configuration from tool config file (mismatch with hardware config)
WARNING: fake quantize node InceptionV1/Logits/Conv2d_0c_1x1/convolution/fq_weights_1 doesn't support configuration from tool config file (mismatch with hardware config)
WARNING: fake quantize node InceptionV1/InceptionV1/Mixed_3b/concat_v2/fq_input_3 doesn't support configuration from tool config file (mismatch with hardware config)
WARNING: fake quantize node InceptionV1/InceptionV1/Mixed_3b/concat_v2/fq_input_3 doesn't support configuration from tool config file (mismatch with hardware config)
WARNING: fake quantize node InceptionV1/InceptionV1/Mixed_3b/concat_v2/fq_input_3 doesn't support configuration from tool config file (mismatch with hardware config)
WARNING: fake quantize node InceptionV1/InceptionV1/Mixed_4e/Branch_0/Conv2d_0a_1x1/convolution/fq_weights_1 doesn't support configuration from tool config file (mismatch with hardware config)
WARNING: fake quantize node InceptionV1/InceptionV1/Mixed_4b/concat_v2/fq_input_0 doesn't support configuration from tool config file (mismatch with hardware config)
WARNING: fake quantize node InceptionV1/InceptionV1/Mixed_4b/concat_v2/fq_input_0 doesn't support configuration from tool config file (mismatch with hardware config)
WARNING: fake quantize node InceptionV1/InceptionV1/Mixed_4b/concat_v2/fq_input_0 doesn't support configuration from tool config file (mismatch with hardware config)
WARNING: fake quantize node InceptionV1/InceptionV1/Mixed_4c/Branch_3/Conv2d_0b_1x1/convolution/fq_weights_1 doesn't support configuration from tool config file (mismatch with hardware config)
INFO:compression.pipeline.pipeline:Finished: DefaultQuantization
 ===========================================================================
INFO:compression.pipeline.pipeline:Evaluation of generated model
INFO:compression.engines.ac_engine:Start inference on the whole dataset
Total dataset size: 50000
1000 / 50000 processed in 13.490s
2000 / 50000 processed in 15.899s
3000 / 50000 processed in 12.118s
4000 / 50000 processed in 12.797s
5000 / 50000 processed in 11.902s
6000 / 50000 processed in 12.053s
7000 / 50000 processed in 12.287s
8000 / 50000 processed in 14.391s
9000 / 50000 processed in 14.672s
10000 / 50000 processed in 13.829s
11000 / 50000 processed in 13.406s
12000 / 50000 processed in 13.733s
13000 / 50000 processed in 13.084s
14000 / 50000 processed in 12.934s
15000 / 50000 processed in 13.361s
16000 / 50000 processed in 12.318s
17000 / 50000 processed in 15.588s
18000 / 50000 processed in 13.184s
19000 / 50000 processed in 12.938s
20000 / 50000 processed in 13.673s
21000 / 50000 processed in 12.516s
22000 / 50000 processed in 13.267s
23000 / 50000 processed in 15.517s
24000 / 50000 processed in 14.334s
25000 / 50000 processed in 14.019s
26000 / 50000 processed in 16.431s
27000 / 50000 processed in 14.136s
28000 / 50000 processed in 13.243s
29000 / 50000 processed in 12.333s
30000 / 50000 processed in 12.876s
31000 / 50000 processed in 12.099s
32000 / 50000 processed in 11.954s
33000 / 50000 processed in 12.577s
34000 / 50000 processed in 12.593s
35000 / 50000 processed in 12.356s
36000 / 50000 processed in 12.513s
37000 / 50000 processed in 12.200s
38000 / 50000 processed in 13.070s
39000 / 50000 processed in 12.329s
40000 / 50000 processed in 13.580s
41000 / 50000 processed in 13.285s
42000 / 50000 processed in 12.598s
43000 / 50000 processed in 12.364s
44000 / 50000 processed in 13.287s
45000 / 50000 processed in 13.245s
46000 / 50000 processed in 13.554s
47000 / 50000 processed in 12.766s
48000 / 50000 processed in 12.967s
49000 / 50000 processed in 15.266s
50000 / 50000 processed in 12.755s
50000 objects processed in 663.697 seconds
INFO:compression.engines.ac_engine:Inference finished
accuracy@top1              : 0.59746
accuracy@top5              : 0.8351
