Output log dir: ./results/inception-v1_tf_int8_int8_weights_pertensor_DefaultQuantization/2019-11-07_16-34-31
Creating pipeline:
Algorithm: DefaultQuantization
Parameters:
	stat_subset_size           : 1000
	activations                : {'bits': 8, 'type': 'symmetric', 'scale_type': 'pertensor'}
	weights                    : {'bits': 8, 'type': 'symmetric', 'scale_type': 'pertensor'}
	target_device              : CPU
	preset                     : accuracy
===========================================================================
INFO:compression.statistics.statistics_collector:Start computing statistics for algorithms : DefaultQuantization
INFO:compression.statistics.statistics_collector:Computing statistics finished
INFO:compression.pipeline.pipeline:Start algorithm: DefaultQuantization
INFO:compression.statistics.statistics_collector:Start computing statistics for algorithms : ActivationChannelAlignment
INFO:compression.engines.ac_engine:Start inference of 1000 images
INFO:compression.engines.ac_engine:Inference finished
INFO:compression.statistics.statistics_collector:Computing statistics finished
INFO:compression.statistics.statistics_collector:Start computing statistics for algorithms : NaiveQuantization,BiasCorrection
WARNING: fake quantize node InceptionV1/Logits/Conv2d_0c_1x1/convolution/fq_input_0 doesn't support configuration from tool config file (mismatch with hardware config)
WARNING: fake quantize node InceptionV1/InceptionV1/Mixed_5c/Branch_2/Conv2d_0b_3x3/convolution/fq_input_0 doesn't support configuration from tool config file (mismatch with hardware config)
WARNING: fake quantize node InceptionV1/Logits/Conv2d_0c_1x1/convolution/fq_weights_1 doesn't support configuration from tool config file (mismatch with hardware config)
WARNING: fake quantize node InceptionV1/InceptionV1/Conv2d_2b_1x1/convolution/fq_weights_1 doesn't support configuration from tool config file (mismatch with hardware config)
WARNING: fake quantize node InceptionV1/InceptionV1/Mixed_4e/Branch_2/Conv2d_0b_3x3/convolution/fq_weights_1 doesn't support configuration from tool config file (mismatch with hardware config)
WARNING: fake quantize node InceptionV1/InceptionV1/Mixed_3b/Branch_2/Conv2d_0b_3x3/convolution/fq_weights_1 doesn't support configuration from tool config file (mismatch with hardware config)
WARNING: fake quantize node InceptionV1/InceptionV1/Mixed_4d/concat_v2/fq_input_1 doesn't support configuration from tool config file (mismatch with hardware config)
WARNING: fake quantize node InceptionV1/InceptionV1/Mixed_4d/concat_v2/fq_input_1 doesn't support configuration from tool config file (mismatch with hardware config)
WARNING: fake quantize node InceptionV1/InceptionV1/Mixed_4d/concat_v2/fq_input_1 doesn't support configuration from tool config file (mismatch with hardware config)
WARNING: fake quantize node InceptionV1/InceptionV1/Mixed_4f/Branch_1/Conv2d_0a_1x1/convolution/fq_weights_1 doesn't support configuration from tool config file (mismatch with hardware config)
WARNING: fake quantize node InceptionV1/InceptionV1/Mixed_4c/concat_v2/fq_input_2 doesn't support configuration from tool config file (mismatch with hardware config)
WARNING: fake quantize node InceptionV1/InceptionV1/Mixed_4c/concat_v2/fq_input_2 doesn't support configuration from tool config file (mismatch with hardware config)
WARNING: fake quantize node InceptionV1/InceptionV1/Mixed_4c/concat_v2/fq_input_2 doesn't support configuration from tool config file (mismatch with hardware config)
WARNING: fake quantize node InceptionV1/InceptionV1/Mixed_4d/Branch_2/Conv2d_0a_1x1/convolution/fq_weights_1 doesn't support configuration from tool config file (mismatch with hardware config)
WARNING: fake quantize node InceptionV1/InceptionV1/Mixed_3b/Branch_1/Conv2d_0b_3x3/convolution/fq_weights_1 doesn't support configuration from tool config file (mismatch with hardware config)
WARNING: fake quantize node InceptionV1/InceptionV1/Mixed_4c/concat_v2/fq_input_3 doesn't support configuration from tool config file (mismatch with hardware config)
WARNING: fake quantize node InceptionV1/InceptionV1/Mixed_4c/concat_v2/fq_input_3 doesn't support configuration from tool config file (mismatch with hardware config)
WARNING: fake quantize node InceptionV1/InceptionV1/Mixed_4c/concat_v2/fq_input_3 doesn't support configuration from tool config file (mismatch with hardware config)
WARNING: fake quantize node InceptionV1/InceptionV1/Mixed_4b/Branch_1/Conv2d_0a_1x1/convolution/fq_weights_1 doesn't support configuration from tool config file (mismatch with hardware config)
WARNING: fake quantize node InceptionV1/InceptionV1/Mixed_4d/Branch_0/Conv2d_0a_1x1/convolution/fq_weights_1 doesn't support configuration from tool config file (mismatch with hardware config)
WARNING: fake quantize node InceptionV1/InceptionV1/Mixed_5c/Branch_0/Conv2d_0a_1x1/convolution/fq_weights_1 doesn't support configuration from tool config file (mismatch with hardware config)
WARNING: fake quantize node InceptionV1/InceptionV1/Conv2d_1a_7x7/convolution/fq_weights_1 doesn't support configuration from tool config file (mismatch with hardware config)
WARNING: fake quantize node InceptionV1/InceptionV1/Mixed_5b/Branch_1/Conv2d_0b_3x3/convolution/fq_weights_1 doesn't support configuration from tool config file (mismatch with hardware config)
WARNING: fake quantize node InceptionV1/InceptionV1/Mixed_4c/concat_v2/fq_input_1 doesn't support configuration from tool config file (mismatch with hardware config)
WARNING: fake quantize node InceptionV1/InceptionV1/Mixed_4c/concat_v2/fq_input_1 doesn't support configuration from tool config file (mismatch with hardware config)
WARNING: fake quantize node InceptionV1/InceptionV1/Mixed_4c/concat_v2/fq_input_1 doesn't support configuration from tool config file (mismatch with hardware config)
WARNING: fake quantize node InceptionV1/InceptionV1/Mixed_4e/concat_v2/fq_input_2 doesn't support configuration from tool config file (mismatch with hardware config)
WARNING: fake quantize node InceptionV1/InceptionV1/Mixed_4e/concat_v2/fq_input_2 doesn't support configuration from tool config file (mismatch with hardware config)
WARNING: fake quantize node InceptionV1/InceptionV1/Mixed_4e/concat_v2/fq_input_2 doesn't support configuration from tool config file (mismatch with hardware config)
WARNING: fake quantize node InceptionV1/InceptionV1/Mixed_5b/Branch_2/Conv2d_0a_3x3/convolution/fq_weights_1 doesn't support configuration from tool config file (mismatch with hardware config)
WARNING: fake quantize node InceptionV1/InceptionV1/Mixed_4b/Branch_2/Conv2d_0b_3x3/convolution/fq_weights_1 doesn't support configuration from tool config file (mismatch with hardware config)
WARNING: fake quantize node InceptionV1/InceptionV1/Mixed_3b/concat_v2/fq_input_1 doesn't support configuration from tool config file (mismatch with hardware config)
WARNING: fake quantize node InceptionV1/InceptionV1/Mixed_3b/concat_v2/fq_input_1 doesn't support configuration from tool config file (mismatch with hardware config)
WARNING: fake quantize node InceptionV1/InceptionV1/Mixed_3b/concat_v2/fq_input_1 doesn't support configuration from tool config file (mismatch with hardware config)
WARNING: fake quantize node InceptionV1/InceptionV1/Mixed_4e/Branch_2/Conv2d_0a_1x1/convolution/fq_weights_1 doesn't support configuration from tool config file (mismatch with hardware config)
WARNING: fake quantize node InceptionV1/InceptionV1/Mixed_4e/Branch_1/Conv2d_0b_3x3/convolution/fq_input_0 doesn't support configuration from tool config file (mismatch with hardware config)
WARNING: fake quantize node InceptionV1/InceptionV1/Mixed_4d/concat_v2/fq_input_3 doesn't support configuration from tool config file (mismatch with hardware config)
WARNING: fake quantize node InceptionV1/InceptionV1/Mixed_4d/concat_v2/fq_input_3 doesn't support configuration from tool config file (mismatch with hardware config)
WARNING: fake quantize node InceptionV1/InceptionV1/Mixed_4d/concat_v2/fq_input_3 doesn't support configuration from tool config file (mismatch with hardware config)
WARNING: fake quantize node InceptionV1/InceptionV1/Mixed_5c/Branch_1/Conv2d_0b_3x3/convolution/fq_weights_1 doesn't support configuration from tool config file (mismatch with hardware config)
WARNING: fake quantize node InceptionV1/InceptionV1/Mixed_3c/Branch_1/Conv2d_0a_1x1/convolution/fq_weights_1 doesn't support configuration from tool config file (mismatch with hardware config)
WARNING: fake quantize node InceptionV1/InceptionV1/Mixed_5c/Branch_2/Conv2d_0a_1x1/convolution/fq_weights_1 doesn't support configuration from tool config file (mismatch with hardware config)
WARNING: fake quantize node InceptionV1/InceptionV1/Mixed_3c/Branch_2/Conv2d_0b_3x3/convolution/fq_input_0 doesn't support configuration from tool config file (mismatch with hardware config)
WARNING: fake quantize node InceptionV1/InceptionV1/Mixed_3b/Branch_2/Conv2d_0a_1x1/convolution/fq_weights_1 doesn't support configuration from tool config file (mismatch with hardware config)
WARNING: fake quantize node InceptionV1/InceptionV1/Mixed_3c/Branch_1/Conv2d_0b_3x3/convolution/fq_input_0 doesn't support configuration from tool config file (mismatch with hardware config)
WARNING: fake quantize node InceptionV1/InceptionV1/Mixed_4e/concat_v2/fq_input_1 doesn't support configuration from tool config file (mismatch with hardware config)
WARNING: fake quantize node InceptionV1/InceptionV1/Mixed_4e/concat_v2/fq_input_1 doesn't support configuration from tool config file (mismatch with hardware config)
WARNING: fake quantize node InceptionV1/InceptionV1/Mixed_4e/concat_v2/fq_input_1 doesn't support configuration from tool config file (mismatch with hardware config)
WARNING: fake quantize node InceptionV1/InceptionV1/Mixed_4d/Branch_2/Conv2d_0b_3x3/convolution/fq_input_0 doesn't support configuration from tool config file (mismatch with hardware config)
WARNING: fake quantize node InceptionV1/InceptionV1/Mixed_5b/concat_v2/fq_input_1 doesn't support configuration from tool config file (mismatch with hardware config)
WARNING: fake quantize node InceptionV1/InceptionV1/Mixed_5b/concat_v2/fq_input_1 doesn't support configuration from tool config file (mismatch with hardware config)
WARNING: fake quantize node InceptionV1/InceptionV1/Mixed_5b/concat_v2/fq_input_1 doesn't support configuration from tool config file (mismatch with hardware config)
WARNING: fake quantize node InceptionV1/InceptionV1/Mixed_4b/concat_v2/fq_input_0 doesn't support configuration from tool config file (mismatch with hardware config)
WARNING: fake quantize node InceptionV1/InceptionV1/Mixed_4b/concat_v2/fq_input_0 doesn't support configuration from tool config file (mismatch with hardware config)
WARNING: fake quantize node InceptionV1/InceptionV1/Mixed_4b/concat_v2/fq_input_0 doesn't support configuration from tool config file (mismatch with hardware config)
WARNING: fake quantize node InceptionV1/InceptionV1/Mixed_4e/Branch_1/Conv2d_0a_1x1/convolution/fq_weights_1 doesn't support configuration from tool config file (mismatch with hardware config)
WARNING: fake quantize node InceptionV1/InceptionV1/Mixed_5b/Branch_1/Conv2d_0b_3x3/convolution/fq_input_0 doesn't support configuration from tool config file (mismatch with hardware config)
WARNING: fake quantize node InceptionV1/InceptionV1/Mixed_4f/Branch_1/Conv2d_0b_3x3/convolution/fq_weights_1 doesn't support configuration from tool config file (mismatch with hardware config)
WARNING: fake quantize node InceptionV1/InceptionV1/Mixed_4b/Branch_2/Conv2d_0a_1x1/convolution/fq_weights_1 doesn't support configuration from tool config file (mismatch with hardware config)
WARNING: fake quantize node InceptionV1/InceptionV1/Mixed_3b/Branch_2/Conv2d_0b_3x3/convolution/fq_input_0 doesn't support configuration from tool config file (mismatch with hardware config)
WARNING: fake quantize node InceptionV1/InceptionV1/Conv2d_1a_7x7/convolution/fq_input_0 doesn't support configuration from tool config file (mismatch with hardware config)
WARNING: fake quantize node InceptionV1/InceptionV1/Mixed_5c/Branch_1/Conv2d_0a_1x1/convolution/fq_weights_1 doesn't support configuration from tool config file (mismatch with hardware config)
WARNING: fake quantize node InceptionV1/InceptionV1/Mixed_5b/Branch_0/Conv2d_0a_1x1/convolution/fq_weights_1 doesn't support configuration from tool config file (mismatch with hardware config)
WARNING: fake quantize node InceptionV1/InceptionV1/Mixed_3c/Branch_1/Conv2d_0b_3x3/convolution/fq_weights_1 doesn't support configuration from tool config file (mismatch with hardware config)
WARNING: fake quantize node InceptionV1/InceptionV1/Mixed_4b/Branch_2/Conv2d_0b_3x3/convolution/fq_input_0 doesn't support configuration from tool config file (mismatch with hardware config)
WARNING: fake quantize node InceptionV1/InceptionV1/Mixed_4c/Branch_1/Conv2d_0b_3x3/convolution/fq_input_0 doesn't support configuration from tool config file (mismatch with hardware config)
WARNING: fake quantize node InceptionV1/InceptionV1/Mixed_5b/Branch_1/Conv2d_0a_1x1/convolution/fq_weights_1 doesn't support configuration from tool config file (mismatch with hardware config)
WARNING: fake quantize node InceptionV1/InceptionV1/Mixed_4f/Branch_1/Conv2d_0b_3x3/convolution/fq_input_0 doesn't support configuration from tool config file (mismatch with hardware config)
WARNING: fake quantize node InceptionV1/InceptionV1/Mixed_4d/Branch_1/Conv2d_0a_1x1/convolution/fq_weights_1 doesn't support configuration from tool config file (mismatch with hardware config)
WARNING: fake quantize node InceptionV1/InceptionV1/Mixed_4e/Branch_1/Conv2d_0b_3x3/convolution/fq_weights_1 doesn't support configuration from tool config file (mismatch with hardware config)
WARNING: fake quantize node InceptionV1/InceptionV1/Mixed_5b/concat_v2/fq_input_3 doesn't support configuration from tool config file (mismatch with hardware config)
WARNING: fake quantize node InceptionV1/InceptionV1/Mixed_5b/concat_v2/fq_input_3 doesn't support configuration from tool config file (mismatch with hardware config)
WARNING: fake quantize node InceptionV1/InceptionV1/Mixed_5b/concat_v2/fq_input_3 doesn't support configuration from tool config file (mismatch with hardware config)
WARNING: fake quantize node InceptionV1/InceptionV1/Mixed_4b/Branch_3/Conv2d_0b_1x1/convolution/fq_weights_1 doesn't support configuration from tool config file (mismatch with hardware config)
WARNING: fake quantize node InceptionV1/InceptionV1/Conv2d_2c_3x3/convolution/fq_input_0 doesn't support configuration from tool config file (mismatch with hardware config)
WARNING: fake quantize node InceptionV1/InceptionV1/Mixed_4e/Branch_3/Conv2d_0b_1x1/convolution/fq_weights_1 doesn't support configuration from tool config file (mismatch with hardware config)
WARNING: fake quantize node InceptionV1/InceptionV1/Mixed_3b/Branch_0/Conv2d_0a_1x1/convolution/fq_weights_1 doesn't support configuration from tool config file (mismatch with hardware config)
WARNING: fake quantize node InceptionV1/InceptionV1/Mixed_5b/concat_v2/fq_input_2 doesn't support configuration from tool config file (mismatch with hardware config)
WARNING: fake quantize node InceptionV1/InceptionV1/Mixed_5b/concat_v2/fq_input_2 doesn't support configuration from tool config file (mismatch with hardware config)
WARNING: fake quantize node InceptionV1/InceptionV1/Mixed_5b/concat_v2/fq_input_2 doesn't support configuration from tool config file (mismatch with hardware config)
WARNING: fake quantize node InceptionV1/InceptionV1/Mixed_4d/Branch_3/Conv2d_0b_1x1/convolution/fq_weights_1 doesn't support configuration from tool config file (mismatch with hardware config)
WARNING: fake quantize node InceptionV1/InceptionV1/Mixed_3b/concat_v2/fq_input_2 doesn't support configuration from tool config file (mismatch with hardware config)
WARNING: fake quantize node InceptionV1/InceptionV1/Mixed_3b/concat_v2/fq_input_2 doesn't support configuration from tool config file (mismatch with hardware config)
WARNING: fake quantize node InceptionV1/InceptionV1/Mixed_3b/concat_v2/fq_input_2 doesn't support configuration from tool config file (mismatch with hardware config)
WARNING: fake quantize node InceptionV1/InceptionV1/Mixed_4c/Branch_0/Conv2d_0a_1x1/convolution/fq_weights_1 doesn't support configuration from tool config file (mismatch with hardware config)
WARNING: fake quantize node InceptionV1/InceptionV1/Mixed_5b/Branch_3/Conv2d_0b_1x1/convolution/fq_weights_1 doesn't support configuration from tool config file (mismatch with hardware config)
WARNING: fake quantize node InceptionV1/InceptionV1/Mixed_3b/Branch_1/Conv2d_0b_3x3/convolution/fq_input_0 doesn't support configuration from tool config file (mismatch with hardware config)
WARNING: fake quantize node InceptionV1/InceptionV1/Mixed_4c/Branch_1/Conv2d_0b_3x3/convolution/fq_weights_1 doesn't support configuration from tool config file (mismatch with hardware config)
WARNING: fake quantize node InceptionV1/InceptionV1/Mixed_4f/Branch_2/Conv2d_0b_3x3/convolution/fq_input_0 doesn't support configuration from tool config file (mismatch with hardware config)
WARNING: fake quantize node InceptionV1/InceptionV1/Mixed_4c/Branch_1/Conv2d_0a_1x1/convolution/fq_weights_1 doesn't support configuration from tool config file (mismatch with hardware config)
WARNING: fake quantize node InceptionV1/InceptionV1/Mixed_4b/Branch_1/Conv2d_0b_3x3/convolution/fq_weights_1 doesn't support configuration from tool config file (mismatch with hardware config)
WARNING: fake quantize node InceptionV1/InceptionV1/Mixed_5c/Branch_2/Conv2d_0b_3x3/convolution/fq_weights_1 doesn't support configuration from tool config file (mismatch with hardware config)
WARNING: fake quantize node InceptionV1/InceptionV1/Mixed_4c/Branch_2/Conv2d_0a_1x1/convolution/fq_weights_1 doesn't support configuration from tool config file (mismatch with hardware config)
WARNING: fake quantize node InceptionV1/InceptionV1/Mixed_3c/Branch_2/Conv2d_0a_1x1/convolution/fq_weights_1 doesn't support configuration from tool config file (mismatch with hardware config)
WARNING: fake quantize node InceptionV1/InceptionV1/Mixed_4c/concat_v2/fq_input_0 doesn't support configuration from tool config file (mismatch with hardware config)
WARNING: fake quantize node InceptionV1/InceptionV1/Mixed_4c/concat_v2/fq_input_0 doesn't support configuration from tool config file (mismatch with hardware config)
WARNING: fake quantize node InceptionV1/InceptionV1/Mixed_4c/concat_v2/fq_input_0 doesn't support configuration from tool config file (mismatch with hardware config)
WARNING: fake quantize node InceptionV1/InceptionV1/Mixed_3b/concat_v2/fq_input_3 doesn't support configuration from tool config file (mismatch with hardware config)
WARNING: fake quantize node InceptionV1/InceptionV1/Mixed_3b/concat_v2/fq_input_3 doesn't support configuration from tool config file (mismatch with hardware config)
WARNING: fake quantize node InceptionV1/InceptionV1/Mixed_3b/concat_v2/fq_input_3 doesn't support configuration from tool config file (mismatch with hardware config)
WARNING: fake quantize node InceptionV1/InceptionV1/Mixed_5b/concat_v2/fq_input_0 doesn't support configuration from tool config file (mismatch with hardware config)
WARNING: fake quantize node InceptionV1/InceptionV1/Mixed_5b/concat_v2/fq_input_0 doesn't support configuration from tool config file (mismatch with hardware config)
WARNING: fake quantize node InceptionV1/InceptionV1/Mixed_5b/concat_v2/fq_input_0 doesn't support configuration from tool config file (mismatch with hardware config)
WARNING: fake quantize node InceptionV1/InceptionV1/Mixed_4d/Branch_2/Conv2d_0b_3x3/convolution/fq_weights_1 doesn't support configuration from tool config file (mismatch with hardware config)
WARNING: fake quantize node InceptionV1/InceptionV1/Mixed_4b/Branch_1/Conv2d_0b_3x3/convolution/fq_input_0 doesn't support configuration from tool config file (mismatch with hardware config)
WARNING: fake quantize node InceptionV1/InceptionV1/Mixed_3b/concat_v2/fq_input_0 doesn't support configuration from tool config file (mismatch with hardware config)
WARNING: fake quantize node InceptionV1/InceptionV1/Mixed_3b/concat_v2/fq_input_0 doesn't support configuration from tool config file (mismatch with hardware config)
WARNING: fake quantize node InceptionV1/InceptionV1/Mixed_3b/concat_v2/fq_input_0 doesn't support configuration from tool config file (mismatch with hardware config)
WARNING: fake quantize node InceptionV1/InceptionV1/Mixed_4e/Branch_0/Conv2d_0a_1x1/convolution/fq_weights_1 doesn't support configuration from tool config file (mismatch with hardware config)
WARNING: fake quantize node InceptionV1/InceptionV1/Mixed_4e/Branch_2/Conv2d_0b_3x3/convolution/fq_input_0 doesn't support configuration from tool config file (mismatch with hardware config)
WARNING: fake quantize node InceptionV1/InceptionV1/Mixed_3c/Branch_3/Conv2d_0b_1x1/convolution/fq_weights_1 doesn't support configuration from tool config file (mismatch with hardware config)
WARNING: fake quantize node InceptionV1/InceptionV1/Mixed_4c/Branch_2/Conv2d_0b_3x3/convolution/fq_weights_1 doesn't support configuration from tool config file (mismatch with hardware config)
WARNING: fake quantize node InceptionV1/InceptionV1/Mixed_5b/Branch_2/Conv2d_0a_1x1/convolution/fq_weights_1 doesn't support configuration from tool config file (mismatch with hardware config)
WARNING: fake quantize node InceptionV1/InceptionV1/Mixed_4c/Branch_3/Conv2d_0b_1x1/convolution/fq_weights_1 doesn't support configuration from tool config file (mismatch with hardware config)
WARNING: fake quantize node InceptionV1/InceptionV1/Mixed_4b/concat_v2/fq_input_3 doesn't support configuration from tool config file (mismatch with hardware config)
WARNING: fake quantize node InceptionV1/InceptionV1/Mixed_4b/concat_v2/fq_input_3 doesn't support configuration from tool config file (mismatch with hardware config)
WARNING: fake quantize node InceptionV1/InceptionV1/Mixed_4b/concat_v2/fq_input_3 doesn't support configuration from tool config file (mismatch with hardware config)
WARNING: fake quantize node InceptionV1/InceptionV1/Mixed_4d/concat_v2/fq_input_0 doesn't support configuration from tool config file (mismatch with hardware config)
WARNING: fake quantize node InceptionV1/InceptionV1/Mixed_4d/concat_v2/fq_input_0 doesn't support configuration from tool config file (mismatch with hardware config)
WARNING: fake quantize node InceptionV1/InceptionV1/Mixed_4d/concat_v2/fq_input_0 doesn't support configuration from tool config file (mismatch with hardware config)
WARNING: fake quantize node InceptionV1/InceptionV1/Conv2d_2c_3x3/convolution/fq_weights_1 doesn't support configuration from tool config file (mismatch with hardware config)
WARNING: fake quantize node InceptionV1/InceptionV1/Mixed_4e/concat_v2/fq_input_3 doesn't support configuration from tool config file (mismatch with hardware config)
WARNING: fake quantize node InceptionV1/InceptionV1/Mixed_4e/concat_v2/fq_input_3 doesn't support configuration from tool config file (mismatch with hardware config)
WARNING: fake quantize node InceptionV1/InceptionV1/Mixed_4e/concat_v2/fq_input_3 doesn't support configuration from tool config file (mismatch with hardware config)
WARNING: fake quantize node InceptionV1/InceptionV1/Mixed_4f/Branch_2/Conv2d_0a_1x1/convolution/fq_weights_1 doesn't support configuration from tool config file (mismatch with hardware config)
WARNING: fake quantize node InceptionV1/InceptionV1/Mixed_4f/Branch_2/Conv2d_0b_3x3/convolution/fq_weights_1 doesn't support configuration from tool config file (mismatch with hardware config)
WARNING: fake quantize node InceptionV1/InceptionV1/Mixed_3b/Branch_1/Conv2d_0a_1x1/convolution/fq_weights_1 doesn't support configuration from tool config file (mismatch with hardware config)
WARNING: fake quantize node InceptionV1/InceptionV1/Mixed_4e/concat_v2/fq_input_0 doesn't support configuration from tool config file (mismatch with hardware config)
WARNING: fake quantize node InceptionV1/InceptionV1/Mixed_4e/concat_v2/fq_input_0 doesn't support configuration from tool config file (mismatch with hardware config)
WARNING: fake quantize node InceptionV1/InceptionV1/Mixed_4e/concat_v2/fq_input_0 doesn't support configuration from tool config file (mismatch with hardware config)
WARNING: fake quantize node InceptionV1/InceptionV1/Mixed_5b/Branch_2/Conv2d_0a_3x3/convolution/fq_input_0 doesn't support configuration from tool config file (mismatch with hardware config)
WARNING: fake quantize node InceptionV1/InceptionV1/Mixed_4d/Branch_1/Conv2d_0b_3x3/convolution/fq_input_0 doesn't support configuration from tool config file (mismatch with hardware config)
WARNING: fake quantize node InceptionV1/InceptionV1/Mixed_4b/concat_v2/fq_input_1 doesn't support configuration from tool config file (mismatch with hardware config)
WARNING: fake quantize node InceptionV1/InceptionV1/Mixed_4b/concat_v2/fq_input_1 doesn't support configuration from tool config file (mismatch with hardware config)
WARNING: fake quantize node InceptionV1/InceptionV1/Mixed_4b/concat_v2/fq_input_1 doesn't support configuration from tool config file (mismatch with hardware config)
WARNING: fake quantize node InceptionV1/InceptionV1/Mixed_5c/Branch_3/Conv2d_0b_1x1/convolution/fq_weights_1 doesn't support configuration from tool config file (mismatch with hardware config)
WARNING: fake quantize node InceptionV1/InceptionV1/Mixed_3c/Branch_0/Conv2d_0a_1x1/convolution/fq_weights_1 doesn't support configuration from tool config file (mismatch with hardware config)
WARNING: fake quantize node InceptionV1/InceptionV1/Mixed_5c/Branch_1/Conv2d_0b_3x3/convolution/fq_input_0 doesn't support configuration from tool config file (mismatch with hardware config)
WARNING: fake quantize node InceptionV1/InceptionV1/Mixed_4f/Branch_0/Conv2d_0a_1x1/convolution/fq_weights_1 doesn't support configuration from tool config file (mismatch with hardware config)
WARNING: fake quantize node InceptionV1/InceptionV1/Mixed_4d/Branch_1/Conv2d_0b_3x3/convolution/fq_weights_1 doesn't support configuration from tool config file (mismatch with hardware config)
WARNING: fake quantize node InceptionV1/InceptionV1/Mixed_3b/Branch_3/Conv2d_0b_1x1/convolution/fq_weights_1 doesn't support configuration from tool config file (mismatch with hardware config)
WARNING: fake quantize node InceptionV1/InceptionV1/Mixed_3c/Branch_2/Conv2d_0b_3x3/convolution/fq_weights_1 doesn't support configuration from tool config file (mismatch with hardware config)
WARNING: fake quantize node InceptionV1/InceptionV1/Mixed_4d/concat_v2/fq_input_2 doesn't support configuration from tool config file (mismatch with hardware config)
WARNING: fake quantize node InceptionV1/InceptionV1/Mixed_4d/concat_v2/fq_input_2 doesn't support configuration from tool config file (mismatch with hardware config)
WARNING: fake quantize node InceptionV1/InceptionV1/Mixed_4d/concat_v2/fq_input_2 doesn't support configuration from tool config file (mismatch with hardware config)
WARNING: fake quantize node InceptionV1/InceptionV1/Mixed_4b/Branch_0/Conv2d_0a_1x1/convolution/fq_weights_1 doesn't support configuration from tool config file (mismatch with hardware config)
WARNING: fake quantize node InceptionV1/InceptionV1/Mixed_4b/concat_v2/fq_input_2 doesn't support configuration from tool config file (mismatch with hardware config)
WARNING: fake quantize node InceptionV1/InceptionV1/Mixed_4b/concat_v2/fq_input_2 doesn't support configuration from tool config file (mismatch with hardware config)
WARNING: fake quantize node InceptionV1/InceptionV1/Mixed_4b/concat_v2/fq_input_2 doesn't support configuration from tool config file (mismatch with hardware config)
WARNING: fake quantize node InceptionV1/InceptionV1/Mixed_4c/Branch_2/Conv2d_0b_3x3/convolution/fq_input_0 doesn't support configuration from tool config file (mismatch with hardware config)
WARNING: fake quantize node InceptionV1/InceptionV1/Mixed_4f/Branch_3/Conv2d_0b_1x1/convolution/fq_weights_1 doesn't support configuration from tool config file (mismatch with hardware config)
INFO:compression.engines.ac_engine:Start inference of 1000 images
INFO:compression.engines.ac_engine:Inference finished
INFO:compression.statistics.statistics_collector:Computing statistics finished
WARNING: fake quantize node InceptionV1/Logits/Conv2d_0c_1x1/convolution/fq_input_0 doesn't support configuration from tool config file (mismatch with hardware config)
WARNING: fake quantize node InceptionV1/InceptionV1/Mixed_5c/Branch_2/Conv2d_0b_3x3/convolution/fq_input_0 doesn't support configuration from tool config file (mismatch with hardware config)
WARNING: fake quantize node InceptionV1/Logits/Conv2d_0c_1x1/convolution/fq_weights_1 doesn't support configuration from tool config file (mismatch with hardware config)
WARNING: fake quantize node InceptionV1/InceptionV1/Conv2d_2b_1x1/convolution/fq_weights_1 doesn't support configuration from tool config file (mismatch with hardware config)
WARNING: fake quantize node InceptionV1/InceptionV1/Mixed_4e/Branch_2/Conv2d_0b_3x3/convolution/fq_weights_1 doesn't support configuration from tool config file (mismatch with hardware config)
WARNING: fake quantize node InceptionV1/InceptionV1/Mixed_3b/Branch_2/Conv2d_0b_3x3/convolution/fq_weights_1 doesn't support configuration from tool config file (mismatch with hardware config)
WARNING: fake quantize node InceptionV1/InceptionV1/Mixed_3b/Branch_2/Conv2d_0a_1x1/convolution/fq_weights_1 doesn't support configuration from tool config file (mismatch with hardware config)
WARNING: fake quantize node InceptionV1/InceptionV1/Mixed_4f/Branch_1/Conv2d_0a_1x1/convolution/fq_weights_1 doesn't support configuration from tool config file (mismatch with hardware config)
WARNING: fake quantize node InceptionV1/InceptionV1/Mixed_4c/concat_v2/fq_input_2 doesn't support configuration from tool config file (mismatch with hardware config)
WARNING: fake quantize node InceptionV1/InceptionV1/Mixed_4c/concat_v2/fq_input_2 doesn't support configuration from tool config file (mismatch with hardware config)
WARNING: fake quantize node InceptionV1/InceptionV1/Mixed_4c/concat_v2/fq_input_2 doesn't support configuration from tool config file (mismatch with hardware config)
WARNING: fake quantize node InceptionV1/InceptionV1/Mixed_4d/Branch_2/Conv2d_0a_1x1/convolution/fq_weights_1 doesn't support configuration from tool config file (mismatch with hardware config)
WARNING: fake quantize node InceptionV1/InceptionV1/Mixed_3b/Branch_1/Conv2d_0b_3x3/convolution/fq_weights_1 doesn't support configuration from tool config file (mismatch with hardware config)
WARNING: fake quantize node InceptionV1/InceptionV1/Mixed_4c/concat_v2/fq_input_3 doesn't support configuration from tool config file (mismatch with hardware config)
WARNING: fake quantize node InceptionV1/InceptionV1/Mixed_4c/concat_v2/fq_input_3 doesn't support configuration from tool config file (mismatch with hardware config)
WARNING: fake quantize node InceptionV1/InceptionV1/Mixed_4c/concat_v2/fq_input_3 doesn't support configuration from tool config file (mismatch with hardware config)
WARNING: fake quantize node InceptionV1/InceptionV1/Mixed_5c/Branch_1/Conv2d_0b_3x3/convolution/fq_weights_1 doesn't support configuration from tool config file (mismatch with hardware config)
WARNING: fake quantize node InceptionV1/InceptionV1/Mixed_4b/Branch_1/Conv2d_0a_1x1/convolution/fq_weights_1 doesn't support configuration from tool config file (mismatch with hardware config)
WARNING: fake quantize node InceptionV1/InceptionV1/Mixed_4d/Branch_0/Conv2d_0a_1x1/convolution/fq_weights_1 doesn't support configuration from tool config file (mismatch with hardware config)
WARNING: fake quantize node InceptionV1/InceptionV1/Mixed_5c/Branch_0/Conv2d_0a_1x1/convolution/fq_weights_1 doesn't support configuration from tool config file (mismatch with hardware config)
WARNING: fake quantize node InceptionV1/InceptionV1/Conv2d_1a_7x7/convolution/fq_weights_1 doesn't support configuration from tool config file (mismatch with hardware config)
WARNING: fake quantize node InceptionV1/InceptionV1/Mixed_5b/Branch_1/Conv2d_0b_3x3/convolution/fq_weights_1 doesn't support configuration from tool config file (mismatch with hardware config)
WARNING: fake quantize node InceptionV1/InceptionV1/Mixed_4c/concat_v2/fq_input_1 doesn't support configuration from tool config file (mismatch with hardware config)
WARNING: fake quantize node InceptionV1/InceptionV1/Mixed_4c/concat_v2/fq_input_1 doesn't support configuration from tool config file (mismatch with hardware config)
WARNING: fake quantize node InceptionV1/InceptionV1/Mixed_4c/concat_v2/fq_input_1 doesn't support configuration from tool config file (mismatch with hardware config)
WARNING: fake quantize node InceptionV1/InceptionV1/Mixed_4e/concat_v2/fq_input_2 doesn't support configuration from tool config file (mismatch with hardware config)
WARNING: fake quantize node InceptionV1/InceptionV1/Mixed_4e/concat_v2/fq_input_2 doesn't support configuration from tool config file (mismatch with hardware config)
WARNING: fake quantize node InceptionV1/InceptionV1/Mixed_4e/concat_v2/fq_input_2 doesn't support configuration from tool config file (mismatch with hardware config)
WARNING: fake quantize node InceptionV1/InceptionV1/Mixed_5b/Branch_2/Conv2d_0a_3x3/convolution/fq_weights_1 doesn't support configuration from tool config file (mismatch with hardware config)
WARNING: fake quantize node InceptionV1/InceptionV1/Mixed_4b/Branch_2/Conv2d_0b_3x3/convolution/fq_weights_1 doesn't support configuration from tool config file (mismatch with hardware config)
WARNING: fake quantize node InceptionV1/InceptionV1/Mixed_3b/concat_v2/fq_input_1 doesn't support configuration from tool config file (mismatch with hardware config)
WARNING: fake quantize node InceptionV1/InceptionV1/Mixed_3b/concat_v2/fq_input_1 doesn't support configuration from tool config file (mismatch with hardware config)
WARNING: fake quantize node InceptionV1/InceptionV1/Mixed_3b/concat_v2/fq_input_1 doesn't support configuration from tool config file (mismatch with hardware config)
WARNING: fake quantize node InceptionV1/InceptionV1/Mixed_4e/Branch_2/Conv2d_0a_1x1/convolution/fq_weights_1 doesn't support configuration from tool config file (mismatch with hardware config)
WARNING: fake quantize node InceptionV1/InceptionV1/Mixed_4e/Branch_1/Conv2d_0b_3x3/convolution/fq_input_0 doesn't support configuration from tool config file (mismatch with hardware config)
WARNING: fake quantize node InceptionV1/InceptionV1/Mixed_4d/concat_v2/fq_input_3 doesn't support configuration from tool config file (mismatch with hardware config)
WARNING: fake quantize node InceptionV1/InceptionV1/Mixed_4d/concat_v2/fq_input_3 doesn't support configuration from tool config file (mismatch with hardware config)
WARNING: fake quantize node InceptionV1/InceptionV1/Mixed_4d/concat_v2/fq_input_3 doesn't support configuration from tool config file (mismatch with hardware config)
WARNING: fake quantize node InceptionV1/InceptionV1/Mixed_3c/Branch_1/Conv2d_0a_1x1/convolution/fq_weights_1 doesn't support configuration from tool config file (mismatch with hardware config)
WARNING: fake quantize node InceptionV1/InceptionV1/Mixed_5c/Branch_2/Conv2d_0a_1x1/convolution/fq_weights_1 doesn't support configuration from tool config file (mismatch with hardware config)
WARNING: fake quantize node InceptionV1/InceptionV1/Mixed_3c/Branch_2/Conv2d_0b_3x3/convolution/fq_input_0 doesn't support configuration from tool config file (mismatch with hardware config)
WARNING: fake quantize node InceptionV1/InceptionV1/Mixed_4d/concat_v2/fq_input_1 doesn't support configuration from tool config file (mismatch with hardware config)
WARNING: fake quantize node InceptionV1/InceptionV1/Mixed_4d/concat_v2/fq_input_1 doesn't support configuration from tool config file (mismatch with hardware config)
WARNING: fake quantize node InceptionV1/InceptionV1/Mixed_4d/concat_v2/fq_input_1 doesn't support configuration from tool config file (mismatch with hardware config)
WARNING: fake quantize node InceptionV1/InceptionV1/Mixed_3c/Branch_1/Conv2d_0b_3x3/convolution/fq_input_0 doesn't support configuration from tool config file (mismatch with hardware config)
WARNING: fake quantize node InceptionV1/InceptionV1/Mixed_4e/concat_v2/fq_input_1 doesn't support configuration from tool config file (mismatch with hardware config)
WARNING: fake quantize node InceptionV1/InceptionV1/Mixed_4e/concat_v2/fq_input_1 doesn't support configuration from tool config file (mismatch with hardware config)
WARNING: fake quantize node InceptionV1/InceptionV1/Mixed_4e/concat_v2/fq_input_1 doesn't support configuration from tool config file (mismatch with hardware config)
WARNING: fake quantize node InceptionV1/InceptionV1/Mixed_4d/Branch_2/Conv2d_0b_3x3/convolution/fq_input_0 doesn't support configuration from tool config file (mismatch with hardware config)
WARNING: fake quantize node InceptionV1/InceptionV1/Mixed_5b/concat_v2/fq_input_1 doesn't support configuration from tool config file (mismatch with hardware config)
WARNING: fake quantize node InceptionV1/InceptionV1/Mixed_5b/concat_v2/fq_input_1 doesn't support configuration from tool config file (mismatch with hardware config)
WARNING: fake quantize node InceptionV1/InceptionV1/Mixed_5b/concat_v2/fq_input_1 doesn't support configuration from tool config file (mismatch with hardware config)
WARNING: fake quantize node InceptionV1/InceptionV1/Mixed_4b/concat_v2/fq_input_0 doesn't support configuration from tool config file (mismatch with hardware config)
WARNING: fake quantize node InceptionV1/InceptionV1/Mixed_4b/concat_v2/fq_input_0 doesn't support configuration from tool config file (mismatch with hardware config)
WARNING: fake quantize node InceptionV1/InceptionV1/Mixed_4b/concat_v2/fq_input_0 doesn't support configuration from tool config file (mismatch with hardware config)
WARNING: fake quantize node InceptionV1/InceptionV1/Mixed_4e/Branch_1/Conv2d_0a_1x1/convolution/fq_weights_1 doesn't support configuration from tool config file (mismatch with hardware config)
WARNING: fake quantize node InceptionV1/InceptionV1/Mixed_5b/Branch_1/Conv2d_0b_3x3/convolution/fq_input_0 doesn't support configuration from tool config file (mismatch with hardware config)
WARNING: fake quantize node InceptionV1/InceptionV1/Mixed_4f/Branch_1/Conv2d_0b_3x3/convolution/fq_weights_1 doesn't support configuration from tool config file (mismatch with hardware config)
WARNING: fake quantize node InceptionV1/InceptionV1/Mixed_4b/Branch_2/Conv2d_0a_1x1/convolution/fq_weights_1 doesn't support configuration from tool config file (mismatch with hardware config)
WARNING: fake quantize node InceptionV1/InceptionV1/Mixed_4d/Branch_2/Conv2d_0b_3x3/convolution/fq_weights_1 doesn't support configuration from tool config file (mismatch with hardware config)
WARNING: fake quantize node InceptionV1/InceptionV1/Conv2d_1a_7x7/convolution/fq_input_0 doesn't support configuration from tool config file (mismatch with hardware config)
WARNING: fake quantize node InceptionV1/InceptionV1/Mixed_5c/Branch_1/Conv2d_0a_1x1/convolution/fq_weights_1 doesn't support configuration from tool config file (mismatch with hardware config)
WARNING: fake quantize node InceptionV1/InceptionV1/Mixed_5b/Branch_0/Conv2d_0a_1x1/convolution/fq_weights_1 doesn't support configuration from tool config file (mismatch with hardware config)
WARNING: fake quantize node InceptionV1/InceptionV1/Mixed_3c/Branch_1/Conv2d_0b_3x3/convolution/fq_weights_1 doesn't support configuration from tool config file (mismatch with hardware config)
WARNING: fake quantize node InceptionV1/InceptionV1/Mixed_4b/Branch_2/Conv2d_0b_3x3/convolution/fq_input_0 doesn't support configuration from tool config file (mismatch with hardware config)
WARNING: fake quantize node InceptionV1/InceptionV1/Mixed_4c/Branch_1/Conv2d_0b_3x3/convolution/fq_input_0 doesn't support configuration from tool config file (mismatch with hardware config)
WARNING: fake quantize node InceptionV1/InceptionV1/Mixed_5b/Branch_1/Conv2d_0a_1x1/convolution/fq_weights_1 doesn't support configuration from tool config file (mismatch with hardware config)
WARNING: fake quantize node InceptionV1/InceptionV1/Mixed_4f/Branch_1/Conv2d_0b_3x3/convolution/fq_input_0 doesn't support configuration from tool config file (mismatch with hardware config)
WARNING: fake quantize node InceptionV1/InceptionV1/Mixed_4d/Branch_1/Conv2d_0a_1x1/convolution/fq_weights_1 doesn't support configuration from tool config file (mismatch with hardware config)
WARNING: fake quantize node InceptionV1/InceptionV1/Mixed_4e/Branch_1/Conv2d_0b_3x3/convolution/fq_weights_1 doesn't support configuration from tool config file (mismatch with hardware config)
WARNING: fake quantize node InceptionV1/InceptionV1/Mixed_5b/concat_v2/fq_input_3 doesn't support configuration from tool config file (mismatch with hardware config)
WARNING: fake quantize node InceptionV1/InceptionV1/Mixed_5b/concat_v2/fq_input_3 doesn't support configuration from tool config file (mismatch with hardware config)
WARNING: fake quantize node InceptionV1/InceptionV1/Mixed_5b/concat_v2/fq_input_3 doesn't support configuration from tool config file (mismatch with hardware config)
WARNING: fake quantize node InceptionV1/InceptionV1/Mixed_4b/Branch_3/Conv2d_0b_1x1/convolution/fq_weights_1 doesn't support configuration from tool config file (mismatch with hardware config)
WARNING: fake quantize node InceptionV1/InceptionV1/Conv2d_2c_3x3/convolution/fq_input_0 doesn't support configuration from tool config file (mismatch with hardware config)
WARNING: fake quantize node InceptionV1/InceptionV1/Mixed_4e/Branch_3/Conv2d_0b_1x1/convolution/fq_weights_1 doesn't support configuration from tool config file (mismatch with hardware config)
WARNING: fake quantize node InceptionV1/InceptionV1/Mixed_3b/Branch_0/Conv2d_0a_1x1/convolution/fq_weights_1 doesn't support configuration from tool config file (mismatch with hardware config)
WARNING: fake quantize node InceptionV1/InceptionV1/Mixed_5b/concat_v2/fq_input_2 doesn't support configuration from tool config file (mismatch with hardware config)
WARNING: fake quantize node InceptionV1/InceptionV1/Mixed_5b/concat_v2/fq_input_2 doesn't support configuration from tool config file (mismatch with hardware config)
WARNING: fake quantize node InceptionV1/InceptionV1/Mixed_5b/concat_v2/fq_input_2 doesn't support configuration from tool config file (mismatch with hardware config)
WARNING: fake quantize node InceptionV1/InceptionV1/Mixed_4d/Branch_3/Conv2d_0b_1x1/convolution/fq_weights_1 doesn't support configuration from tool config file (mismatch with hardware config)
WARNING: fake quantize node InceptionV1/InceptionV1/Mixed_3b/concat_v2/fq_input_2 doesn't support configuration from tool config file (mismatch with hardware config)
WARNING: fake quantize node InceptionV1/InceptionV1/Mixed_3b/concat_v2/fq_input_2 doesn't support configuration from tool config file (mismatch with hardware config)
WARNING: fake quantize node InceptionV1/InceptionV1/Mixed_3b/concat_v2/fq_input_2 doesn't support configuration from tool config file (mismatch with hardware config)
WARNING: fake quantize node InceptionV1/InceptionV1/Mixed_4c/Branch_0/Conv2d_0a_1x1/convolution/fq_weights_1 doesn't support configuration from tool config file (mismatch with hardware config)
WARNING: fake quantize node InceptionV1/InceptionV1/Mixed_5b/Branch_3/Conv2d_0b_1x1/convolution/fq_weights_1 doesn't support configuration from tool config file (mismatch with hardware config)
WARNING: fake quantize node InceptionV1/InceptionV1/Mixed_3b/Branch_1/Conv2d_0b_3x3/convolution/fq_input_0 doesn't support configuration from tool config file (mismatch with hardware config)
WARNING: fake quantize node InceptionV1/InceptionV1/Mixed_4c/Branch_1/Conv2d_0b_3x3/convolution/fq_weights_1 doesn't support configuration from tool config file (mismatch with hardware config)
WARNING: fake quantize node InceptionV1/InceptionV1/Mixed_4f/Branch_2/Conv2d_0b_3x3/convolution/fq_input_0 doesn't support configuration from tool config file (mismatch with hardware config)
WARNING: fake quantize node InceptionV1/InceptionV1/Mixed_4c/Branch_1/Conv2d_0a_1x1/convolution/fq_weights_1 doesn't support configuration from tool config file (mismatch with hardware config)
WARNING: fake quantize node InceptionV1/InceptionV1/Mixed_4b/Branch_1/Conv2d_0b_3x3/convolution/fq_weights_1 doesn't support configuration from tool config file (mismatch with hardware config)
WARNING: fake quantize node InceptionV1/InceptionV1/Mixed_5c/Branch_2/Conv2d_0b_3x3/convolution/fq_weights_1 doesn't support configuration from tool config file (mismatch with hardware config)
WARNING: fake quantize node InceptionV1/InceptionV1/Mixed_4c/Branch_2/Conv2d_0a_1x1/convolution/fq_weights_1 doesn't support configuration from tool config file (mismatch with hardware config)
WARNING: fake quantize node InceptionV1/InceptionV1/Mixed_3c/Branch_2/Conv2d_0a_1x1/convolution/fq_weights_1 doesn't support configuration from tool config file (mismatch with hardware config)
WARNING: fake quantize node InceptionV1/InceptionV1/Mixed_4c/concat_v2/fq_input_0 doesn't support configuration from tool config file (mismatch with hardware config)
WARNING: fake quantize node InceptionV1/InceptionV1/Mixed_4c/concat_v2/fq_input_0 doesn't support configuration from tool config file (mismatch with hardware config)
WARNING: fake quantize node InceptionV1/InceptionV1/Mixed_4c/concat_v2/fq_input_0 doesn't support configuration from tool config file (mismatch with hardware config)
WARNING: fake quantize node InceptionV1/InceptionV1/Mixed_3b/concat_v2/fq_input_3 doesn't support configuration from tool config file (mismatch with hardware config)
WARNING: fake quantize node InceptionV1/InceptionV1/Mixed_3b/concat_v2/fq_input_3 doesn't support configuration from tool config file (mismatch with hardware config)
WARNING: fake quantize node InceptionV1/InceptionV1/Mixed_3b/concat_v2/fq_input_3 doesn't support configuration from tool config file (mismatch with hardware config)
WARNING: fake quantize node InceptionV1/InceptionV1/Mixed_5b/concat_v2/fq_input_0 doesn't support configuration from tool config file (mismatch with hardware config)
WARNING: fake quantize node InceptionV1/InceptionV1/Mixed_5b/concat_v2/fq_input_0 doesn't support configuration from tool config file (mismatch with hardware config)
WARNING: fake quantize node InceptionV1/InceptionV1/Mixed_5b/concat_v2/fq_input_0 doesn't support configuration from tool config file (mismatch with hardware config)
WARNING: fake quantize node InceptionV1/InceptionV1/Mixed_3b/Branch_2/Conv2d_0b_3x3/convolution/fq_input_0 doesn't support configuration from tool config file (mismatch with hardware config)
WARNING: fake quantize node InceptionV1/InceptionV1/Mixed_4b/Branch_1/Conv2d_0b_3x3/convolution/fq_input_0 doesn't support configuration from tool config file (mismatch with hardware config)
WARNING: fake quantize node InceptionV1/InceptionV1/Mixed_3b/concat_v2/fq_input_0 doesn't support configuration from tool config file (mismatch with hardware config)
WARNING: fake quantize node InceptionV1/InceptionV1/Mixed_3b/concat_v2/fq_input_0 doesn't support configuration from tool config file (mismatch with hardware config)
WARNING: fake quantize node InceptionV1/InceptionV1/Mixed_3b/concat_v2/fq_input_0 doesn't support configuration from tool config file (mismatch with hardware config)
WARNING: fake quantize node InceptionV1/InceptionV1/Mixed_4e/Branch_0/Conv2d_0a_1x1/convolution/fq_weights_1 doesn't support configuration from tool config file (mismatch with hardware config)
WARNING: fake quantize node InceptionV1/InceptionV1/Mixed_4e/Branch_2/Conv2d_0b_3x3/convolution/fq_input_0 doesn't support configuration from tool config file (mismatch with hardware config)
WARNING: fake quantize node InceptionV1/InceptionV1/Mixed_3c/Branch_3/Conv2d_0b_1x1/convolution/fq_weights_1 doesn't support configuration from tool config file (mismatch with hardware config)
WARNING: fake quantize node InceptionV1/InceptionV1/Mixed_4c/Branch_2/Conv2d_0b_3x3/convolution/fq_weights_1 doesn't support configuration from tool config file (mismatch with hardware config)
WARNING: fake quantize node InceptionV1/InceptionV1/Mixed_5b/Branch_2/Conv2d_0a_1x1/convolution/fq_weights_1 doesn't support configuration from tool config file (mismatch with hardware config)
WARNING: fake quantize node InceptionV1/InceptionV1/Mixed_4c/Branch_3/Conv2d_0b_1x1/convolution/fq_weights_1 doesn't support configuration from tool config file (mismatch with hardware config)
WARNING: fake quantize node InceptionV1/InceptionV1/Mixed_4b/concat_v2/fq_input_3 doesn't support configuration from tool config file (mismatch with hardware config)
WARNING: fake quantize node InceptionV1/InceptionV1/Mixed_4b/concat_v2/fq_input_3 doesn't support configuration from tool config file (mismatch with hardware config)
WARNING: fake quantize node InceptionV1/InceptionV1/Mixed_4b/concat_v2/fq_input_3 doesn't support configuration from tool config file (mismatch with hardware config)
WARNING: fake quantize node InceptionV1/InceptionV1/Mixed_4d/concat_v2/fq_input_0 doesn't support configuration from tool config file (mismatch with hardware config)
WARNING: fake quantize node InceptionV1/InceptionV1/Mixed_4d/concat_v2/fq_input_0 doesn't support configuration from tool config file (mismatch with hardware config)
WARNING: fake quantize node InceptionV1/InceptionV1/Mixed_4d/concat_v2/fq_input_0 doesn't support configuration from tool config file (mismatch with hardware config)
WARNING: fake quantize node InceptionV1/InceptionV1/Conv2d_2c_3x3/convolution/fq_weights_1 doesn't support configuration from tool config file (mismatch with hardware config)
WARNING: fake quantize node InceptionV1/InceptionV1/Mixed_4e/concat_v2/fq_input_3 doesn't support configuration from tool config file (mismatch with hardware config)
WARNING: fake quantize node InceptionV1/InceptionV1/Mixed_4e/concat_v2/fq_input_3 doesn't support configuration from tool config file (mismatch with hardware config)
WARNING: fake quantize node InceptionV1/InceptionV1/Mixed_4e/concat_v2/fq_input_3 doesn't support configuration from tool config file (mismatch with hardware config)
WARNING: fake quantize node InceptionV1/InceptionV1/Mixed_4f/Branch_2/Conv2d_0a_1x1/convolution/fq_weights_1 doesn't support configuration from tool config file (mismatch with hardware config)
WARNING: fake quantize node InceptionV1/InceptionV1/Mixed_4f/Branch_2/Conv2d_0b_3x3/convolution/fq_weights_1 doesn't support configuration from tool config file (mismatch with hardware config)
WARNING: fake quantize node InceptionV1/InceptionV1/Mixed_3b/Branch_1/Conv2d_0a_1x1/convolution/fq_weights_1 doesn't support configuration from tool config file (mismatch with hardware config)
WARNING: fake quantize node InceptionV1/InceptionV1/Mixed_4e/concat_v2/fq_input_0 doesn't support configuration from tool config file (mismatch with hardware config)
WARNING: fake quantize node InceptionV1/InceptionV1/Mixed_4e/concat_v2/fq_input_0 doesn't support configuration from tool config file (mismatch with hardware config)
WARNING: fake quantize node InceptionV1/InceptionV1/Mixed_4e/concat_v2/fq_input_0 doesn't support configuration from tool config file (mismatch with hardware config)
WARNING: fake quantize node InceptionV1/InceptionV1/Mixed_5b/Branch_2/Conv2d_0a_3x3/convolution/fq_input_0 doesn't support configuration from tool config file (mismatch with hardware config)
WARNING: fake quantize node InceptionV1/InceptionV1/Mixed_4d/Branch_1/Conv2d_0b_3x3/convolution/fq_input_0 doesn't support configuration from tool config file (mismatch with hardware config)
WARNING: fake quantize node InceptionV1/InceptionV1/Mixed_4b/concat_v2/fq_input_1 doesn't support configuration from tool config file (mismatch with hardware config)
WARNING: fake quantize node InceptionV1/InceptionV1/Mixed_4b/concat_v2/fq_input_1 doesn't support configuration from tool config file (mismatch with hardware config)
WARNING: fake quantize node InceptionV1/InceptionV1/Mixed_4b/concat_v2/fq_input_1 doesn't support configuration from tool config file (mismatch with hardware config)
WARNING: fake quantize node InceptionV1/InceptionV1/Mixed_5c/Branch_3/Conv2d_0b_1x1/convolution/fq_weights_1 doesn't support configuration from tool config file (mismatch with hardware config)
WARNING: fake quantize node InceptionV1/InceptionV1/Mixed_3c/Branch_0/Conv2d_0a_1x1/convolution/fq_weights_1 doesn't support configuration from tool config file (mismatch with hardware config)
WARNING: fake quantize node InceptionV1/InceptionV1/Mixed_5c/Branch_1/Conv2d_0b_3x3/convolution/fq_input_0 doesn't support configuration from tool config file (mismatch with hardware config)
WARNING: fake quantize node InceptionV1/InceptionV1/Mixed_4f/Branch_0/Conv2d_0a_1x1/convolution/fq_weights_1 doesn't support configuration from tool config file (mismatch with hardware config)
WARNING: fake quantize node InceptionV1/InceptionV1/Mixed_4d/Branch_1/Conv2d_0b_3x3/convolution/fq_weights_1 doesn't support configuration from tool config file (mismatch with hardware config)
WARNING: fake quantize node InceptionV1/InceptionV1/Mixed_3b/Branch_3/Conv2d_0b_1x1/convolution/fq_weights_1 doesn't support configuration from tool config file (mismatch with hardware config)
WARNING: fake quantize node InceptionV1/InceptionV1/Mixed_3c/Branch_2/Conv2d_0b_3x3/convolution/fq_weights_1 doesn't support configuration from tool config file (mismatch with hardware config)
WARNING: fake quantize node InceptionV1/InceptionV1/Mixed_4d/concat_v2/fq_input_2 doesn't support configuration from tool config file (mismatch with hardware config)
WARNING: fake quantize node InceptionV1/InceptionV1/Mixed_4d/concat_v2/fq_input_2 doesn't support configuration from tool config file (mismatch with hardware config)
WARNING: fake quantize node InceptionV1/InceptionV1/Mixed_4d/concat_v2/fq_input_2 doesn't support configuration from tool config file (mismatch with hardware config)
WARNING: fake quantize node InceptionV1/InceptionV1/Mixed_4b/Branch_0/Conv2d_0a_1x1/convolution/fq_weights_1 doesn't support configuration from tool config file (mismatch with hardware config)
WARNING: fake quantize node InceptionV1/InceptionV1/Mixed_4b/concat_v2/fq_input_2 doesn't support configuration from tool config file (mismatch with hardware config)
WARNING: fake quantize node InceptionV1/InceptionV1/Mixed_4b/concat_v2/fq_input_2 doesn't support configuration from tool config file (mismatch with hardware config)
WARNING: fake quantize node InceptionV1/InceptionV1/Mixed_4b/concat_v2/fq_input_2 doesn't support configuration from tool config file (mismatch with hardware config)
WARNING: fake quantize node InceptionV1/InceptionV1/Mixed_4c/Branch_2/Conv2d_0b_3x3/convolution/fq_input_0 doesn't support configuration from tool config file (mismatch with hardware config)
WARNING: fake quantize node InceptionV1/InceptionV1/Mixed_4f/Branch_3/Conv2d_0b_1x1/convolution/fq_weights_1 doesn't support configuration from tool config file (mismatch with hardware config)
INFO:compression.pipeline.pipeline:Finished: DefaultQuantization
 ===========================================================================
INFO:compression.pipeline.pipeline:Evaluation of generated model
INFO:compression.engines.ac_engine:Start inference on the whole dataset
Total dataset size: 50000
1000 / 50000 processed in 11.902s
2000 / 50000 processed in 11.764s
3000 / 50000 processed in 11.675s
4000 / 50000 processed in 13.015s
5000 / 50000 processed in 13.342s
6000 / 50000 processed in 12.445s
7000 / 50000 processed in 12.997s
8000 / 50000 processed in 13.032s
9000 / 50000 processed in 12.086s
10000 / 50000 processed in 14.527s
11000 / 50000 processed in 13.616s
12000 / 50000 processed in 14.975s
13000 / 50000 processed in 12.509s
14000 / 50000 processed in 12.246s
15000 / 50000 processed in 12.208s
16000 / 50000 processed in 12.699s
17000 / 50000 processed in 12.833s
18000 / 50000 processed in 15.602s
19000 / 50000 processed in 13.857s
20000 / 50000 processed in 13.183s
21000 / 50000 processed in 12.553s
22000 / 50000 processed in 13.675s
23000 / 50000 processed in 12.917s
24000 / 50000 processed in 12.579s
25000 / 50000 processed in 12.429s
26000 / 50000 processed in 13.485s
27000 / 50000 processed in 12.363s
28000 / 50000 processed in 14.228s
29000 / 50000 processed in 13.910s
30000 / 50000 processed in 13.354s
31000 / 50000 processed in 12.589s
32000 / 50000 processed in 15.539s
33000 / 50000 processed in 13.323s
34000 / 50000 processed in 13.869s
35000 / 50000 processed in 13.901s
36000 / 50000 processed in 12.485s
37000 / 50000 processed in 14.905s
38000 / 50000 processed in 13.219s
39000 / 50000 processed in 15.353s
40000 / 50000 processed in 12.672s
41000 / 50000 processed in 12.477s
42000 / 50000 processed in 12.270s
43000 / 50000 processed in 12.604s
44000 / 50000 processed in 12.829s
45000 / 50000 processed in 13.819s
46000 / 50000 processed in 12.697s
47000 / 50000 processed in 12.995s
48000 / 50000 processed in 12.600s
49000 / 50000 processed in 13.148s
50000 / 50000 processed in 12.178s
50000 objects processed in 657.489 seconds
INFO:compression.engines.ac_engine:Inference finished
accuracy@top1              : 0.59732
accuracy@top5              : 0.83528
