Output log dir: ./results/squeezenet1_1_pytorch_uint8_uint8_weights_pertensor_DefaultQuantization/2019-11-07_18-32-11
Creating pipeline:
Algorithm: DefaultQuantization
Parameters:
	activations                : {'bits': 8, 'type': 'asymmetric', 'scale_type': 'pertensor'}
	target_device              : CPU
	weights                    : {'bits': 8, 'type': 'asymmetric', 'scale_type': 'pertensor'}
	stat_subset_size           : 1000
	preset                     : accuracy
===========================================================================
INFO:compression.statistics.statistics_collector:Start computing statistics for algorithms : DefaultQuantization
INFO:compression.statistics.statistics_collector:Computing statistics finished
INFO:compression.pipeline.pipeline:Start algorithm: DefaultQuantization
INFO:compression.statistics.statistics_collector:Start computing statistics for algorithms : ActivationChannelAlignment
INFO:compression.engines.ac_engine:Start inference of 1000 images
INFO:compression.engines.ac_engine:Inference finished
INFO:compression.statistics.statistics_collector:Computing statistics finished
INFO:compression.statistics.statistics_collector:Start computing statistics for algorithms : NaiveQuantization,BiasCorrection
WARNING: fake quantize node 113/fq_input_0 doesn't support configuration from tool config file (mismatch with hardware config)
WARNING: fake quantize node 73/fq_weights_1 doesn't support configuration from tool config file (mismatch with hardware config)
WARNING: fake quantize node 67/fq_weights_1 doesn't support configuration from tool config file (mismatch with hardware config)
WARNING: fake quantize node 86/fq_weights_1 doesn't support configuration from tool config file (mismatch with hardware config)
WARNING: fake quantize node 102/fq_weights_1 doesn't support configuration from tool config file (mismatch with hardware config)
WARNING: fake quantize node 106/fq_input_0 doesn't support configuration from tool config file (mismatch with hardware config)
WARNING: fake quantize node 114/fq_weights_1 doesn't support configuration from tool config file (mismatch with hardware config)
WARNING: fake quantize node 80/fq_input_0 doesn't support configuration from tool config file (mismatch with hardware config)
WARNING: fake quantize node 80/fq_input_0 doesn't support configuration from tool config file (mismatch with hardware config)
WARNING: fake quantize node 95/fq_weights_1 doesn't support configuration from tool config file (mismatch with hardware config)
WARNING: fake quantize node 56/fq_weights_1 doesn't support configuration from tool config file (mismatch with hardware config)
WARNING: fake quantize node 99/fq_input_0 doesn't support configuration from tool config file (mismatch with hardware config)
WARNING: fake quantize node 60/fq_input_0 doesn't support configuration from tool config file (mismatch with hardware config)
WARNING: fake quantize node 60/fq_input_0 doesn't support configuration from tool config file (mismatch with hardware config)
WARNING: fake quantize node 100/fq_weights_1 doesn't support configuration from tool config file (mismatch with hardware config)
WARNING: fake quantize node 97/fq_weights_1 doesn't support configuration from tool config file (mismatch with hardware config)
WARNING: fake quantize node 113/fq_input_1 doesn't support configuration from tool config file (mismatch with hardware config)
WARNING: fake quantize node 88/fq_weights_1 doesn't support configuration from tool config file (mismatch with hardware config)
WARNING: fake quantize node 107/fq_weights_1 doesn't support configuration from tool config file (mismatch with hardware config)
WARNING: fake quantize node 65/fq_input_0 doesn't support configuration from tool config file (mismatch with hardware config)
WARNING: fake quantize node 65/fq_input_0 doesn't support configuration from tool config file (mismatch with hardware config)
WARNING: fake quantize node 104/fq_weights_1 doesn't support configuration from tool config file (mismatch with hardware config)
WARNING: fake quantize node 63/fq_weights_1 doesn't support configuration from tool config file (mismatch with hardware config)
WARNING: fake quantize node 62/fq_input_1 doesn't support configuration from tool config file (mismatch with hardware config)
WARNING: fake quantize node 62/fq_input_0 doesn't support configuration from tool config file (mismatch with hardware config)
WARNING: fake quantize node 75/fq_weights_1 doesn't support configuration from tool config file (mismatch with hardware config)
WARNING: fake quantize node 53/fq_input_0 doesn't support configuration from tool config file (mismatch with hardware config)
WARNING: fake quantize node 71/fq_weights_1 doesn't support configuration from tool config file (mismatch with hardware config)
WARNING: fake quantize node 58/fq_weights_1 doesn't support configuration from tool config file (mismatch with hardware config)
WARNING: fake quantize node 92/fq_input_1 doesn't support configuration from tool config file (mismatch with hardware config)
WARNING: fake quantize node 97/fq_input_0 doesn't support configuration from tool config file (mismatch with hardware config)
WARNING: fake quantize node 97/fq_input_0 doesn't support configuration from tool config file (mismatch with hardware config)
WARNING: fake quantize node 80/fq_weights_1 doesn't support configuration from tool config file (mismatch with hardware config)
WARNING: fake quantize node 104/fq_input_0 doesn't support configuration from tool config file (mismatch with hardware config)
WARNING: fake quantize node 104/fq_input_0 doesn't support configuration from tool config file (mismatch with hardware config)
WARNING: fake quantize node 90/fq_weights_1 doesn't support configuration from tool config file (mismatch with hardware config)
WARNING: fake quantize node 53/fq_weights_1 doesn't support configuration from tool config file (mismatch with hardware config)
WARNING: fake quantize node 99/fq_input_1 doesn't support configuration from tool config file (mismatch with hardware config)
WARNING: fake quantize node 90/fq_input_0 doesn't support configuration from tool config file (mismatch with hardware config)
WARNING: fake quantize node 90/fq_input_0 doesn't support configuration from tool config file (mismatch with hardware config)
WARNING: fake quantize node 73/fq_input_0 doesn't support configuration from tool config file (mismatch with hardware config)
WARNING: fake quantize node 73/fq_input_0 doesn't support configuration from tool config file (mismatch with hardware config)
WARNING: fake quantize node 111/fq_weights_1 doesn't support configuration from tool config file (mismatch with hardware config)
WARNING: fake quantize node 77/fq_input_0 doesn't support configuration from tool config file (mismatch with hardware config)
WARNING: fake quantize node 109/fq_input_0 doesn't support configuration from tool config file (mismatch with hardware config)
WARNING: fake quantize node 109/fq_input_0 doesn't support configuration from tool config file (mismatch with hardware config)
WARNING: fake quantize node 93/fq_weights_1 doesn't support configuration from tool config file (mismatch with hardware config)
WARNING: fake quantize node 92/fq_input_0 doesn't support configuration from tool config file (mismatch with hardware config)
WARNING: fake quantize node 77/fq_input_1 doesn't support configuration from tool config file (mismatch with hardware config)
WARNING: fake quantize node 65/fq_weights_1 doesn't support configuration from tool config file (mismatch with hardware config)
WARNING: fake quantize node 109/fq_weights_1 doesn't support configuration from tool config file (mismatch with hardware config)
WARNING: fake quantize node 106/fq_input_1 doesn't support configuration from tool config file (mismatch with hardware config)
WARNING: fake quantize node 82/fq_weights_1 doesn't support configuration from tool config file (mismatch with hardware config)
WARNING: fake quantize node 78/fq_weights_1 doesn't support configuration from tool config file (mismatch with hardware config)
WARNING: fake quantize node 60/fq_weights_1 doesn't support configuration from tool config file (mismatch with hardware config)
INFO:compression.engines.ac_engine:Start inference of 1000 images
INFO:compression.engines.ac_engine:Inference finished
INFO:compression.statistics.statistics_collector:Computing statistics finished
WARNING: fake quantize node 113/fq_input_0 doesn't support configuration from tool config file (mismatch with hardware config)
WARNING: fake quantize node 73/fq_weights_1 doesn't support configuration from tool config file (mismatch with hardware config)
WARNING: fake quantize node 67/fq_weights_1 doesn't support configuration from tool config file (mismatch with hardware config)
WARNING: fake quantize node 86/fq_weights_1 doesn't support configuration from tool config file (mismatch with hardware config)
WARNING: fake quantize node 102/fq_weights_1 doesn't support configuration from tool config file (mismatch with hardware config)
WARNING: fake quantize node 106/fq_input_0 doesn't support configuration from tool config file (mismatch with hardware config)
WARNING: fake quantize node 114/fq_weights_1 doesn't support configuration from tool config file (mismatch with hardware config)
WARNING: fake quantize node 80/fq_input_0 doesn't support configuration from tool config file (mismatch with hardware config)
WARNING: fake quantize node 80/fq_input_0 doesn't support configuration from tool config file (mismatch with hardware config)
WARNING: fake quantize node 95/fq_weights_1 doesn't support configuration from tool config file (mismatch with hardware config)
WARNING: fake quantize node 56/fq_weights_1 doesn't support configuration from tool config file (mismatch with hardware config)
WARNING: fake quantize node 99/fq_input_0 doesn't support configuration from tool config file (mismatch with hardware config)
WARNING: fake quantize node 60/fq_input_0 doesn't support configuration from tool config file (mismatch with hardware config)
WARNING: fake quantize node 60/fq_input_0 doesn't support configuration from tool config file (mismatch with hardware config)
WARNING: fake quantize node 100/fq_weights_1 doesn't support configuration from tool config file (mismatch with hardware config)
WARNING: fake quantize node 97/fq_weights_1 doesn't support configuration from tool config file (mismatch with hardware config)
WARNING: fake quantize node 113/fq_input_1 doesn't support configuration from tool config file (mismatch with hardware config)
WARNING: fake quantize node 88/fq_weights_1 doesn't support configuration from tool config file (mismatch with hardware config)
WARNING: fake quantize node 107/fq_weights_1 doesn't support configuration from tool config file (mismatch with hardware config)
WARNING: fake quantize node 65/fq_input_0 doesn't support configuration from tool config file (mismatch with hardware config)
WARNING: fake quantize node 65/fq_input_0 doesn't support configuration from tool config file (mismatch with hardware config)
WARNING: fake quantize node 104/fq_weights_1 doesn't support configuration from tool config file (mismatch with hardware config)
WARNING: fake quantize node 63/fq_weights_1 doesn't support configuration from tool config file (mismatch with hardware config)
WARNING: fake quantize node 62/fq_input_1 doesn't support configuration from tool config file (mismatch with hardware config)
WARNING: fake quantize node 62/fq_input_0 doesn't support configuration from tool config file (mismatch with hardware config)
WARNING: fake quantize node 75/fq_weights_1 doesn't support configuration from tool config file (mismatch with hardware config)
WARNING: fake quantize node 53/fq_input_0 doesn't support configuration from tool config file (mismatch with hardware config)
WARNING: fake quantize node 71/fq_weights_1 doesn't support configuration from tool config file (mismatch with hardware config)
WARNING: fake quantize node 58/fq_weights_1 doesn't support configuration from tool config file (mismatch with hardware config)
WARNING: fake quantize node 92/fq_input_1 doesn't support configuration from tool config file (mismatch with hardware config)
WARNING: fake quantize node 97/fq_input_0 doesn't support configuration from tool config file (mismatch with hardware config)
WARNING: fake quantize node 97/fq_input_0 doesn't support configuration from tool config file (mismatch with hardware config)
WARNING: fake quantize node 80/fq_weights_1 doesn't support configuration from tool config file (mismatch with hardware config)
WARNING: fake quantize node 104/fq_input_0 doesn't support configuration from tool config file (mismatch with hardware config)
WARNING: fake quantize node 104/fq_input_0 doesn't support configuration from tool config file (mismatch with hardware config)
WARNING: fake quantize node 90/fq_weights_1 doesn't support configuration from tool config file (mismatch with hardware config)
WARNING: fake quantize node 53/fq_weights_1 doesn't support configuration from tool config file (mismatch with hardware config)
WARNING: fake quantize node 99/fq_input_1 doesn't support configuration from tool config file (mismatch with hardware config)
WARNING: fake quantize node 90/fq_input_0 doesn't support configuration from tool config file (mismatch with hardware config)
WARNING: fake quantize node 90/fq_input_0 doesn't support configuration from tool config file (mismatch with hardware config)
WARNING: fake quantize node 73/fq_input_0 doesn't support configuration from tool config file (mismatch with hardware config)
WARNING: fake quantize node 73/fq_input_0 doesn't support configuration from tool config file (mismatch with hardware config)
WARNING: fake quantize node 111/fq_weights_1 doesn't support configuration from tool config file (mismatch with hardware config)
WARNING: fake quantize node 77/fq_input_0 doesn't support configuration from tool config file (mismatch with hardware config)
WARNING: fake quantize node 109/fq_input_0 doesn't support configuration from tool config file (mismatch with hardware config)
WARNING: fake quantize node 109/fq_input_0 doesn't support configuration from tool config file (mismatch with hardware config)
WARNING: fake quantize node 93/fq_weights_1 doesn't support configuration from tool config file (mismatch with hardware config)
WARNING: fake quantize node 92/fq_input_0 doesn't support configuration from tool config file (mismatch with hardware config)
WARNING: fake quantize node 77/fq_input_1 doesn't support configuration from tool config file (mismatch with hardware config)
WARNING: fake quantize node 65/fq_weights_1 doesn't support configuration from tool config file (mismatch with hardware config)
WARNING: fake quantize node 109/fq_weights_1 doesn't support configuration from tool config file (mismatch with hardware config)
WARNING: fake quantize node 106/fq_input_1 doesn't support configuration from tool config file (mismatch with hardware config)
WARNING: fake quantize node 82/fq_weights_1 doesn't support configuration from tool config file (mismatch with hardware config)
WARNING: fake quantize node 78/fq_weights_1 doesn't support configuration from tool config file (mismatch with hardware config)
WARNING: fake quantize node 60/fq_weights_1 doesn't support configuration from tool config file (mismatch with hardware config)
INFO:compression.pipeline.pipeline:Finished: DefaultQuantization
 ===========================================================================
INFO:compression.pipeline.pipeline:Evaluation of generated model
INFO:compression.engines.ac_engine:Start inference on the whole dataset
Total dataset size: 50000
1000 / 50000 processed in 8.663s
2000 / 50000 processed in 8.485s
3000 / 50000 processed in 8.619s
4000 / 50000 processed in 8.209s
5000 / 50000 processed in 8.340s
6000 / 50000 processed in 8.326s
7000 / 50000 processed in 8.521s
8000 / 50000 processed in 8.140s
9000 / 50000 processed in 8.432s
10000 / 50000 processed in 8.607s
11000 / 50000 processed in 8.553s
12000 / 50000 processed in 8.336s
13000 / 50000 processed in 8.947s
14000 / 50000 processed in 8.776s
15000 / 50000 processed in 8.722s
16000 / 50000 processed in 8.365s
17000 / 50000 processed in 8.580s
18000 / 50000 processed in 9.034s
19000 / 50000 processed in 8.652s
20000 / 50000 processed in 8.693s
21000 / 50000 processed in 8.366s
22000 / 50000 processed in 8.261s
23000 / 50000 processed in 8.510s
24000 / 50000 processed in 8.447s
25000 / 50000 processed in 8.551s
26000 / 50000 processed in 8.552s
27000 / 50000 processed in 8.334s
28000 / 50000 processed in 8.492s
29000 / 50000 processed in 8.950s
30000 / 50000 processed in 8.482s
31000 / 50000 processed in 8.640s
32000 / 50000 processed in 8.331s
33000 / 50000 processed in 8.537s
34000 / 50000 processed in 8.729s
35000 / 50000 processed in 8.472s
36000 / 50000 processed in 8.620s
37000 / 50000 processed in 8.064s
38000 / 50000 processed in 9.033s
39000 / 50000 processed in 8.553s
40000 / 50000 processed in 8.737s
41000 / 50000 processed in 8.354s
42000 / 50000 processed in 8.508s
43000 / 50000 processed in 8.193s
44000 / 50000 processed in 8.588s
45000 / 50000 processed in 8.432s
46000 / 50000 processed in 8.511s
47000 / 50000 processed in 8.914s
48000 / 50000 processed in 8.341s
49000 / 50000 processed in 9.206s
50000 / 50000 processed in 8.441s
50000 objects processed in 427.160 seconds
INFO:compression.engines.ac_engine:Inference finished
accuracy@top1              : 0.57504
accuracy@top5              : 0.8017
