running install_as_extension
Output log dir: ./results/face-detection-retail-0004-uint8_int8_weights_pertensor_DefaultQuantization/2019-12-12_15-37-57
Creating pipeline:
Algorithm: DefaultQuantization
Parameters:
	activations                : {'granularity': 'pertensor', 'bits': 8, 'mode': 'asymmetric'}
	target_device              : CPU
	stat_subset_size           : 300
	weights                    : {'granularity': 'pertensor', 'bits': 8, 'mode': 'symmetric'}
===========================================================================
INFO:compression.statistics.collector:Start computing statistics for algorithms : DefaultQuantization
INFO:compression.statistics.collector:Computing statistics finished
INFO:compression.pipeline.pipeline:Start algorithm: DefaultQuantization
INFO:compression.statistics.collector:Start computing statistics for algorithms : ActivationChannelAlignment
INFO:compression.statistics.collector:Computing statistics finished
INFO:compression.statistics.collector:Start computing statistics for algorithms : MinMaxQuantization,BiasCorrection
WARNING: fake quantize node Concat4/fq_input_0 doesn't support configuration from tool config file (mismatch with hardware config)
WARNING: fake quantize node fire11/expand3x3/fq_weights_1 doesn't support configuration from tool config file (mismatch with hardware config)
WARNING: fake quantize node Concat7/fq_input_0 doesn't support configuration from tool config file (mismatch with hardware config)
WARNING: fake quantize node Concat6/fq_input_0 doesn't support configuration from tool config file (mismatch with hardware config)
WARNING: fake quantize node fire11/squeeze1x1/fq_weights_1 doesn't support configuration from tool config file (mismatch with hardware config)
WARNING: fake quantize node Concat1/fq_input_1 doesn't support configuration from tool config file (mismatch with hardware config)
WARNING: fake quantize node fire2/expand3x3/fq_weights_1 doesn't support configuration from tool config file (mismatch with hardware config)
WARNING: fake quantize node fire7/expand1x1/fq_weights_1 doesn't support configuration from tool config file (mismatch with hardware config)
WARNING: fake quantize node fire4/expand1x1/fq_weights_1 doesn't support configuration from tool config file (mismatch with hardware config)
WARNING: fake quantize node fire9/squeeze1x1/fq_weights_1 doesn't support configuration from tool config file (mismatch with hardware config)
WARNING: fake quantize node Concat8/fq_input_0 doesn't support configuration from tool config file (mismatch with hardware config)
WARNING: fake quantize node Concat3/fq_input_0 doesn't support configuration from tool config file (mismatch with hardware config)
WARNING: fake quantize node fire9/expand1x1/fq_weights_1 doesn't support configuration from tool config file (mismatch with hardware config)
WARNING: fake quantize node fire7/squeeze1x1/fq_weights_1 doesn't support configuration from tool config file (mismatch with hardware config)
WARNING: fake quantize node Concat5/fq_input_1 doesn't support configuration from tool config file (mismatch with hardware config)
WARNING: fake quantize node fire3/expand1x1/fq_weights_1 doesn't support configuration from tool config file (mismatch with hardware config)
WARNING: fake quantize node fire9/expand3x3/fq_weights_1 doesn't support configuration from tool config file (mismatch with hardware config)
WARNING: fake quantize node fc7_mbox_conf/fq_weights_1 doesn't support configuration from tool config file (mismatch with hardware config)
WARNING: fake quantize node fire8/squeeze1x1/fq_weights_1 doesn't support configuration from tool config file (mismatch with hardware config)
WARNING: fake quantize node Concat8/fq_input_1 doesn't support configuration from tool config file (mismatch with hardware config)
WARNING: fake quantize node Concat7/fq_input_1 doesn't support configuration from tool config file (mismatch with hardware config)
WARNING: fake quantize node fire8/expand1x1/fq_weights_1 doesn't support configuration from tool config file (mismatch with hardware config)
WARNING: fake quantize node fire11/expand1x1/fq_input_0 doesn't support configuration from tool config file (mismatch with hardware config)
WARNING: fake quantize node fire11/expand1x1/fq_input_0 doesn't support configuration from tool config file (mismatch with hardware config)
WARNING: fake quantize node fire2/expand1x1/fq_weights_1 doesn't support configuration from tool config file (mismatch with hardware config)
WARNING: fake quantize node fire7/expand1x1/fq_input_0 doesn't support configuration from tool config file (mismatch with hardware config)
WARNING: fake quantize node fire7/expand1x1/fq_input_0 doesn't support configuration from tool config file (mismatch with hardware config)
WARNING: fake quantize node fc7_mbox_conf/fq_input_0 doesn't support configuration from tool config file (mismatch with hardware config)
WARNING: fake quantize node fc7_mbox_conf/fq_input_0 doesn't support configuration from tool config file (mismatch with hardware config)
WARNING: fake quantize node Convolution1/fq_input_0 doesn't support configuration from tool config file (mismatch with hardware config)
WARNING: fake quantize node Concat9/fq_input_1 doesn't support configuration from tool config file (mismatch with hardware config)
WARNING: fake quantize node fire8/expand1x1/fq_input_0 doesn't support configuration from tool config file (mismatch with hardware config)
WARNING: fake quantize node fire8/expand1x1/fq_input_0 doesn't support configuration from tool config file (mismatch with hardware config)
WARNING: fake quantize node fire5/squeeze1x1/fq_weights_1 doesn't support configuration from tool config file (mismatch with hardware config)
WARNING: fake quantize node fc7_mbox_loc/fq_weights_1 doesn't support configuration from tool config file (mismatch with hardware config)
WARNING: fake quantize node fire2/expand1x1/fq_input_0 doesn't support configuration from tool config file (mismatch with hardware config)
WARNING: fake quantize node fire2/expand1x1/fq_input_0 doesn't support configuration from tool config file (mismatch with hardware config)
WARNING: fake quantize node Concat1/fq_input_0 doesn't support configuration from tool config file (mismatch with hardware config)
WARNING: fake quantize node fire5/expand1x1/fq_weights_1 doesn't support configuration from tool config file (mismatch with hardware config)
WARNING: fake quantize node Convolution1/fq_weights_1 doesn't support configuration from tool config file (mismatch with hardware config)
WARNING: fake quantize node fire10/squeeze1x1/fq_weights_1 doesn't support configuration from tool config file (mismatch with hardware config)
WARNING: fake quantize node Concat6/fq_input_1 doesn't support configuration from tool config file (mismatch with hardware config)
WARNING: fake quantize node fire6/expand1x1/fq_weights_1 doesn't support configuration from tool config file (mismatch with hardware config)
WARNING: fake quantize node fire4/expand3x3/fq_weights_1 doesn't support configuration from tool config file (mismatch with hardware config)
WARNING: fake quantize node Concat2/fq_input_1 doesn't support configuration from tool config file (mismatch with hardware config)
WARNING: fake quantize node Concat2/fq_input_0 doesn't support configuration from tool config file (mismatch with hardware config)
WARNING: fake quantize node fire4/expand1x1/fq_input_0 doesn't support configuration from tool config file (mismatch with hardware config)
WARNING: fake quantize node fire4/expand1x1/fq_input_0 doesn't support configuration from tool config file (mismatch with hardware config)
WARNING: fake quantize node fire10/expand1x1/fq_input_0 doesn't support configuration from tool config file (mismatch with hardware config)
WARNING: fake quantize node fire10/expand1x1/fq_input_0 doesn't support configuration from tool config file (mismatch with hardware config)
WARNING: fake quantize node Concat9/fq_input_0 doesn't support configuration from tool config file (mismatch with hardware config)
WARNING: fake quantize node fire6/squeeze1x1/fq_weights_1 doesn't support configuration from tool config file (mismatch with hardware config)
WARNING: fake quantize node fire8/expand3x3/fq_weights_1 doesn't support configuration from tool config file (mismatch with hardware config)
WARNING: fake quantize node Concat3/fq_input_1 doesn't support configuration from tool config file (mismatch with hardware config)
WARNING: fake quantize node fire10/expand3x3/fq_weights_1 doesn't support configuration from tool config file (mismatch with hardware config)
WARNING: fake quantize node fire6/expand3x3/fq_weights_1 doesn't support configuration from tool config file (mismatch with hardware config)
WARNING: fake quantize node Concat5/fq_input_0 doesn't support configuration from tool config file (mismatch with hardware config)
WARNING: fake quantize node fire5/expand3x3/fq_weights_1 doesn't support configuration from tool config file (mismatch with hardware config)
WARNING: fake quantize node fire6/expand1x1/fq_input_0 doesn't support configuration from tool config file (mismatch with hardware config)
WARNING: fake quantize node fire6/expand1x1/fq_input_0 doesn't support configuration from tool config file (mismatch with hardware config)
WARNING: fake quantize node fire11/expand1x1/fq_weights_1 doesn't support configuration from tool config file (mismatch with hardware config)
WARNING: fake quantize node fire2/squeeze1x1/fq_weights_1 doesn't support configuration from tool config file (mismatch with hardware config)
WARNING: fake quantize node Concat4/fq_input_1 doesn't support configuration from tool config file (mismatch with hardware config)
WARNING: fake quantize node fire7/expand3x3/fq_weights_1 doesn't support configuration from tool config file (mismatch with hardware config)
WARNING: fake quantize node fire4/squeeze1x1/fq_weights_1 doesn't support configuration from tool config file (mismatch with hardware config)
WARNING: fake quantize node fire3/squeeze1x1/fq_weights_1 doesn't support configuration from tool config file (mismatch with hardware config)
WARNING: fake quantize node fire3/expand3x3/fq_weights_1 doesn't support configuration from tool config file (mismatch with hardware config)
WARNING: fake quantize node fire10/expand1x1/fq_weights_1 doesn't support configuration from tool config file (mismatch with hardware config)
WARNING: fake quantize node fire5/expand1x1/fq_input_0 doesn't support configuration from tool config file (mismatch with hardware config)
WARNING: fake quantize node fire5/expand1x1/fq_input_0 doesn't support configuration from tool config file (mismatch with hardware config)
WARNING: fake quantize node fire9/expand1x1/fq_input_0 doesn't support configuration from tool config file (mismatch with hardware config)
WARNING: fake quantize node fire9/expand1x1/fq_input_0 doesn't support configuration from tool config file (mismatch with hardware config)
WARNING: fake quantize node fire3/expand1x1/fq_input_0 doesn't support configuration from tool config file (mismatch with hardware config)
WARNING: fake quantize node fire3/expand1x1/fq_input_0 doesn't support configuration from tool config file (mismatch with hardware config)
INFO:compression.statistics.collector:Computing statistics finished
WARNING: fake quantize node Concat4/fq_input_0 doesn't support configuration from tool config file (mismatch with hardware config)
WARNING: fake quantize node fire11/expand3x3/fq_weights_1 doesn't support configuration from tool config file (mismatch with hardware config)
WARNING: fake quantize node Concat7/fq_input_0 doesn't support configuration from tool config file (mismatch with hardware config)
WARNING: fake quantize node Concat6/fq_input_0 doesn't support configuration from tool config file (mismatch with hardware config)
WARNING: fake quantize node fire11/squeeze1x1/fq_weights_1 doesn't support configuration from tool config file (mismatch with hardware config)
WARNING: fake quantize node Concat1/fq_input_1 doesn't support configuration from tool config file (mismatch with hardware config)
WARNING: fake quantize node fire2/expand3x3/fq_weights_1 doesn't support configuration from tool config file (mismatch with hardware config)
WARNING: fake quantize node fire7/expand1x1/fq_weights_1 doesn't support configuration from tool config file (mismatch with hardware config)
WARNING: fake quantize node fire4/expand1x1/fq_weights_1 doesn't support configuration from tool config file (mismatch with hardware config)
WARNING: fake quantize node fire9/squeeze1x1/fq_weights_1 doesn't support configuration from tool config file (mismatch with hardware config)
WARNING: fake quantize node Concat8/fq_input_0 doesn't support configuration from tool config file (mismatch with hardware config)
WARNING: fake quantize node Concat3/fq_input_0 doesn't support configuration from tool config file (mismatch with hardware config)
WARNING: fake quantize node fire9/expand1x1/fq_weights_1 doesn't support configuration from tool config file (mismatch with hardware config)
WARNING: fake quantize node fire7/squeeze1x1/fq_weights_1 doesn't support configuration from tool config file (mismatch with hardware config)
WARNING: fake quantize node Concat5/fq_input_1 doesn't support configuration from tool config file (mismatch with hardware config)
WARNING: fake quantize node fire3/expand1x1/fq_weights_1 doesn't support configuration from tool config file (mismatch with hardware config)
WARNING: fake quantize node fire9/expand3x3/fq_weights_1 doesn't support configuration from tool config file (mismatch with hardware config)
WARNING: fake quantize node fc7_mbox_conf/fq_weights_1 doesn't support configuration from tool config file (mismatch with hardware config)
WARNING: fake quantize node fire8/squeeze1x1/fq_weights_1 doesn't support configuration from tool config file (mismatch with hardware config)
WARNING: fake quantize node Concat8/fq_input_1 doesn't support configuration from tool config file (mismatch with hardware config)
WARNING: fake quantize node Concat7/fq_input_1 doesn't support configuration from tool config file (mismatch with hardware config)
WARNING: fake quantize node fire8/expand1x1/fq_weights_1 doesn't support configuration from tool config file (mismatch with hardware config)
WARNING: fake quantize node fire11/expand1x1/fq_input_0 doesn't support configuration from tool config file (mismatch with hardware config)
WARNING: fake quantize node fire11/expand1x1/fq_input_0 doesn't support configuration from tool config file (mismatch with hardware config)
WARNING: fake quantize node fire2/expand1x1/fq_weights_1 doesn't support configuration from tool config file (mismatch with hardware config)
WARNING: fake quantize node fire7/expand1x1/fq_input_0 doesn't support configuration from tool config file (mismatch with hardware config)
WARNING: fake quantize node fire7/expand1x1/fq_input_0 doesn't support configuration from tool config file (mismatch with hardware config)
WARNING: fake quantize node fc7_mbox_conf/fq_input_0 doesn't support configuration from tool config file (mismatch with hardware config)
WARNING: fake quantize node fc7_mbox_conf/fq_input_0 doesn't support configuration from tool config file (mismatch with hardware config)
WARNING: fake quantize node Convolution1/fq_input_0 doesn't support configuration from tool config file (mismatch with hardware config)
WARNING: fake quantize node Concat9/fq_input_1 doesn't support configuration from tool config file (mismatch with hardware config)
WARNING: fake quantize node fire8/expand1x1/fq_input_0 doesn't support configuration from tool config file (mismatch with hardware config)
WARNING: fake quantize node fire8/expand1x1/fq_input_0 doesn't support configuration from tool config file (mismatch with hardware config)
WARNING: fake quantize node fire5/squeeze1x1/fq_weights_1 doesn't support configuration from tool config file (mismatch with hardware config)
WARNING: fake quantize node fc7_mbox_loc/fq_weights_1 doesn't support configuration from tool config file (mismatch with hardware config)
WARNING: fake quantize node fire2/expand1x1/fq_input_0 doesn't support configuration from tool config file (mismatch with hardware config)
WARNING: fake quantize node fire2/expand1x1/fq_input_0 doesn't support configuration from tool config file (mismatch with hardware config)
WARNING: fake quantize node Concat1/fq_input_0 doesn't support configuration from tool config file (mismatch with hardware config)
WARNING: fake quantize node fire5/expand1x1/fq_weights_1 doesn't support configuration from tool config file (mismatch with hardware config)
WARNING: fake quantize node Convolution1/fq_weights_1 doesn't support configuration from tool config file (mismatch with hardware config)
WARNING: fake quantize node fire10/squeeze1x1/fq_weights_1 doesn't support configuration from tool config file (mismatch with hardware config)
WARNING: fake quantize node Concat6/fq_input_1 doesn't support configuration from tool config file (mismatch with hardware config)
WARNING: fake quantize node fire6/expand1x1/fq_weights_1 doesn't support configuration from tool config file (mismatch with hardware config)
WARNING: fake quantize node fire4/expand3x3/fq_weights_1 doesn't support configuration from tool config file (mismatch with hardware config)
WARNING: fake quantize node Concat2/fq_input_1 doesn't support configuration from tool config file (mismatch with hardware config)
WARNING: fake quantize node Concat2/fq_input_0 doesn't support configuration from tool config file (mismatch with hardware config)
WARNING: fake quantize node fire4/expand1x1/fq_input_0 doesn't support configuration from tool config file (mismatch with hardware config)
WARNING: fake quantize node fire4/expand1x1/fq_input_0 doesn't support configuration from tool config file (mismatch with hardware config)
WARNING: fake quantize node fire10/expand1x1/fq_input_0 doesn't support configuration from tool config file (mismatch with hardware config)
WARNING: fake quantize node fire10/expand1x1/fq_input_0 doesn't support configuration from tool config file (mismatch with hardware config)
WARNING: fake quantize node Concat9/fq_input_0 doesn't support configuration from tool config file (mismatch with hardware config)
WARNING: fake quantize node fire6/squeeze1x1/fq_weights_1 doesn't support configuration from tool config file (mismatch with hardware config)
WARNING: fake quantize node fire8/expand3x3/fq_weights_1 doesn't support configuration from tool config file (mismatch with hardware config)
WARNING: fake quantize node Concat3/fq_input_1 doesn't support configuration from tool config file (mismatch with hardware config)
WARNING: fake quantize node fire10/expand3x3/fq_weights_1 doesn't support configuration from tool config file (mismatch with hardware config)
WARNING: fake quantize node fire6/expand3x3/fq_weights_1 doesn't support configuration from tool config file (mismatch with hardware config)
WARNING: fake quantize node Concat5/fq_input_0 doesn't support configuration from tool config file (mismatch with hardware config)
WARNING: fake quantize node fire5/expand3x3/fq_weights_1 doesn't support configuration from tool config file (mismatch with hardware config)
WARNING: fake quantize node fire6/expand1x1/fq_input_0 doesn't support configuration from tool config file (mismatch with hardware config)
WARNING: fake quantize node fire6/expand1x1/fq_input_0 doesn't support configuration from tool config file (mismatch with hardware config)
WARNING: fake quantize node fire11/expand1x1/fq_weights_1 doesn't support configuration from tool config file (mismatch with hardware config)
WARNING: fake quantize node fire2/squeeze1x1/fq_weights_1 doesn't support configuration from tool config file (mismatch with hardware config)
WARNING: fake quantize node Concat4/fq_input_1 doesn't support configuration from tool config file (mismatch with hardware config)
WARNING: fake quantize node fire7/expand3x3/fq_weights_1 doesn't support configuration from tool config file (mismatch with hardware config)
WARNING: fake quantize node fire4/squeeze1x1/fq_weights_1 doesn't support configuration from tool config file (mismatch with hardware config)
WARNING: fake quantize node fire3/squeeze1x1/fq_weights_1 doesn't support configuration from tool config file (mismatch with hardware config)
WARNING: fake quantize node fire3/expand3x3/fq_weights_1 doesn't support configuration from tool config file (mismatch with hardware config)
WARNING: fake quantize node fire10/expand1x1/fq_weights_1 doesn't support configuration from tool config file (mismatch with hardware config)
WARNING: fake quantize node fire5/expand1x1/fq_input_0 doesn't support configuration from tool config file (mismatch with hardware config)
WARNING: fake quantize node fire5/expand1x1/fq_input_0 doesn't support configuration from tool config file (mismatch with hardware config)
WARNING: fake quantize node fire9/expand1x1/fq_input_0 doesn't support configuration from tool config file (mismatch with hardware config)
WARNING: fake quantize node fire9/expand1x1/fq_input_0 doesn't support configuration from tool config file (mismatch with hardware config)
WARNING: fake quantize node fire3/expand1x1/fq_input_0 doesn't support configuration from tool config file (mismatch with hardware config)
WARNING: fake quantize node fire3/expand1x1/fq_input_0 doesn't support configuration from tool config file (mismatch with hardware config)
INFO:compression.pipeline.pipeline:Finished: DefaultQuantization
 ===========================================================================
INFO:compression.pipeline.pipeline:Evaluation of generated model
INFO:compression.engines.ac_engine:Start inference on the whole dataset
Total dataset size: 3226
1000 / 3226 processed in 21.738s
2000 / 3226 processed in 21.016s
3000 / 3226 processed in 20.461s
3226 objects processed in 68.173 seconds
INFO:compression.engines.ac_engine:Inference finished
map                        : 0.8325556732805888
