Output log dir: ./results/tiny_yolo_v1_caffe_uint8_int8_weights_per_tensor_DefaultQuantization/2019-12-09_12-34-46
Creating pipeline:
Algorithm: DefaultQuantization
Parameters:
	target_device              : CPU
	weights                    : {'mode': 'symmetric', 'bits': 8, 'granularity': 'pertensor'}
	stat_subset_size           : 1000
	activations                : {'mode': 'asymmetric', 'bits': 8, 'granularity': 'pertensor'}
===========================================================================
INFO:compression.statistics.collector:Start computing statistics for algorithms : DefaultQuantization
INFO:compression.statistics.collector:Computing statistics finished
INFO:compression.pipeline.pipeline:Start algorithm: DefaultQuantization
INFO:compression.statistics.collector:Start computing statistics for algorithms : ActivationChannelAlignment
INFO:compression.statistics.collector:Computing statistics finished
INFO:compression.statistics.collector:Start computing statistics for algorithms : MinMaxQuantization,BiasCorrection
WARNING: fake quantize node conv8/fq_weights_1 doesn't support configuration from tool config file (mismatch with hardware config)
WARNING: fake quantize node conv6/fq_weights_1 doesn't support configuration from tool config file (mismatch with hardware config)
WARNING: fake quantize node conv7/fq_weights_1 doesn't support configuration from tool config file (mismatch with hardware config)
WARNING: fake quantize node conv1/fq_input_0 doesn't support configuration from tool config file (mismatch with hardware config)
WARNING: fake quantize node conv3/fq_weights_1 doesn't support configuration from tool config file (mismatch with hardware config)
WARNING: fake quantize node conv4/fq_weights_1 doesn't support configuration from tool config file (mismatch with hardware config)
WARNING: fake quantize node fc9/WithoutBiases/fq_weights_1 doesn't support configuration from tool config file (mismatch with hardware config)
WARNING: fake quantize node fc9/flatten_fc_input/fq_input_0 doesn't support configuration from tool config file (mismatch with hardware config)
WARNING: fake quantize node conv8/fq_input_0 doesn't support configuration from tool config file (mismatch with hardware config)
WARNING: fake quantize node conv5/fq_weights_1 doesn't support configuration from tool config file (mismatch with hardware config)
WARNING: fake quantize node conv2/fq_weights_1 doesn't support configuration from tool config file (mismatch with hardware config)
WARNING: fake quantize node conv1/fq_weights_1 doesn't support configuration from tool config file (mismatch with hardware config)
INFO:compression.statistics.collector:Computing statistics finished
WARNING: fake quantize node conv8/fq_weights_1 doesn't support configuration from tool config file (mismatch with hardware config)
WARNING: fake quantize node conv6/fq_weights_1 doesn't support configuration from tool config file (mismatch with hardware config)
WARNING: fake quantize node conv7/fq_weights_1 doesn't support configuration from tool config file (mismatch with hardware config)
WARNING: fake quantize node conv1/fq_weights_1 doesn't support configuration from tool config file (mismatch with hardware config)
WARNING: fake quantize node conv1/fq_input_0 doesn't support configuration from tool config file (mismatch with hardware config)
WARNING: fake quantize node conv4/fq_weights_1 doesn't support configuration from tool config file (mismatch with hardware config)
WARNING: fake quantize node fc9/WithoutBiases/fq_weights_1 doesn't support configuration from tool config file (mismatch with hardware config)
WARNING: fake quantize node fc9/flatten_fc_input/fq_input_0 doesn't support configuration from tool config file (mismatch with hardware config)
WARNING: fake quantize node conv8/fq_input_0 doesn't support configuration from tool config file (mismatch with hardware config)
WARNING: fake quantize node conv5/fq_weights_1 doesn't support configuration from tool config file (mismatch with hardware config)
WARNING: fake quantize node conv3/fq_weights_1 doesn't support configuration from tool config file (mismatch with hardware config)
WARNING: fake quantize node conv2/fq_weights_1 doesn't support configuration from tool config file (mismatch with hardware config)
INFO:compression.pipeline.pipeline:Finished: DefaultQuantization
 ===========================================================================
INFO:compression.pipeline.pipeline:Evaluation of generated model
INFO:compression.engines.ac_engine:Start inference on the whole dataset
Total dataset size: 4952
1000 / 4952 processed in 32.842s
2000 / 4952 processed in 32.484s
3000 / 4952 processed in 32.413s
4000 / 4952 processed in 32.434s
4952 objects processed in 161.110 seconds
INFO:compression.engines.ac_engine:Inference finished
map                        : 0.49804242167793794
coco_precision             : 0.5422474612044714
