running install_as_extension
Output log dir: ./results/vehicle-license-plate-detection-barrier-0106-uint8_int8_weights_pertensor_DefaultQuantization/2019-12-11_19-14-08
Creating pipeline:
Algorithm: DefaultQuantization
Parameters:
	activations                : {'mode': 'asymmetric', 'bits': 8, 'granularity': 'pertensor'}
	weights                    : {'mode': 'symmetric', 'bits': 8, 'granularity': 'pertensor'}
	target_device              : CPU
	stat_subset_size           : 500
===========================================================================
INFO:compression.statistics.collector:Start computing statistics for algorithms : DefaultQuantization
INFO:compression.statistics.collector:Computing statistics finished
INFO:compression.pipeline.pipeline:Start algorithm: DefaultQuantization
INFO:compression.statistics.collector:Start computing statistics for algorithms : ActivationChannelAlignment
INFO:compression.statistics.collector:Computing statistics finished
INFO:compression.statistics.collector:Start computing statistics for algorithms : MinMaxQuantization,BiasCorrection
WARNING: fake quantize node MobilenetV2/expanded_conv_14/depthwise/depthwise/fq_input_0 doesn't support configuration from tool config file (mismatch with hardware config)
WARNING: fake quantize node MobilenetV2/expanded_conv_14/depthwise/depthwise/fq_input_0 doesn't support configuration from tool config file (mismatch with hardware config)
WARNING: fake quantize node MobilenetV2/expanded_conv_2/depthwise/depthwise/fq_weights_1 doesn't support configuration from tool config file (mismatch with hardware config)
WARNING: fake quantize node MobilenetV2/expanded_conv_2/depthwise/depthwise/fq_weights_1 doesn't support configuration from tool config file (mismatch with hardware config)
WARNING: fake quantize node SSD/ssd_head_2/feature_map_1_mbox_loc/Conv2D/fq_weights_1 doesn't support configuration from tool config file (mismatch with hardware config)
WARNING: fake quantize node features/intermediate_3/Conv2D/fq_weights_1 doesn't support configuration from tool config file (mismatch with hardware config)
WARNING: fake quantize node MobilenetV2/expanded_conv_11/add/fq_input_0 doesn't support configuration from tool config file (mismatch with hardware config)
WARNING: fake quantize node MobilenetV2/expanded_conv_16/depthwise/depthwise/fq_input_0 doesn't support configuration from tool config file (mismatch with hardware config)
WARNING: fake quantize node MobilenetV2/expanded_conv_16/depthwise/depthwise/fq_input_0 doesn't support configuration from tool config file (mismatch with hardware config)
WARNING: fake quantize node MobilenetV2/expanded_conv_14/depthwise/depthwise/fq_weights_1 doesn't support configuration from tool config file (mismatch with hardware config)
WARNING: fake quantize node MobilenetV2/expanded_conv_14/depthwise/depthwise/fq_weights_1 doesn't support configuration from tool config file (mismatch with hardware config)
WARNING: fake quantize node SSD/ssd_head_1/layer_18/output_mbox_loc/Conv2D/fq_weights_1 doesn't support configuration from tool config file (mismatch with hardware config)
WARNING: fake quantize node features/feature_map_1/Conv2D/fq_input_0 doesn't support configuration from tool config file (mismatch with hardware config)
WARNING: fake quantize node MobilenetV2/expanded_conv_15/add/fq_input_1 doesn't support configuration from tool config file (mismatch with hardware config)
WARNING: fake quantize node MobilenetV2/expanded_conv_15/add/fq_input_1 doesn't support configuration from tool config file (mismatch with hardware config)
WARNING: fake quantize node SSD/ssd_head_2/feature_map_1_mbox_conf/Conv2D/fq_input_0 doesn't support configuration from tool config file (mismatch with hardware config)
WARNING: fake quantize node SSD/ssd_head_2/feature_map_1_mbox_conf/Conv2D/fq_input_0 doesn't support configuration from tool config file (mismatch with hardware config)
WARNING: fake quantize node SSD/ssd_head_2/feature_map_1_mbox_conf/Conv2D/fq_input_0 doesn't support configuration from tool config file (mismatch with hardware config)
WARNING: fake quantize node SSD/ssd_head_3/feature_map_2_mbox_loc/Conv2D/fq_weights_1 doesn't support configuration from tool config file (mismatch with hardware config)
WARNING: fake quantize node MobilenetV2/expanded_conv_3/expand/Conv2D/fq_weights_1 doesn't support configuration from tool config file (mismatch with hardware config)
WARNING: fake quantize node MobilenetV2/expanded_conv_2/add/fq_input_1 doesn't support configuration from tool config file (mismatch with hardware config)
WARNING: fake quantize node MobilenetV2/expanded_conv_2/add/fq_input_1 doesn't support configuration from tool config file (mismatch with hardware config)
WARNING: fake quantize node MobilenetV2/expanded_conv_4/add/fq_input_0 doesn't support configuration from tool config file (mismatch with hardware config)
WARNING: fake quantize node MobilenetV2/expanded_conv_8/project/Conv2D/fq_weights_1 doesn't support configuration from tool config file (mismatch with hardware config)
WARNING: fake quantize node MobilenetV2/expanded_conv_16/expand/Conv2D/fq_input_0 doesn't support configuration from tool config file (mismatch with hardware config)
WARNING: fake quantize node SSD/ssd_head_2/feature_map_1_mbox_conf/Conv2D/fq_weights_1 doesn't support configuration from tool config file (mismatch with hardware config)
WARNING: fake quantize node MobilenetV2/expanded_conv_8/depthwise/depthwise/fq_weights_1 doesn't support configuration from tool config file (mismatch with hardware config)
WARNING: fake quantize node MobilenetV2/expanded_conv_8/depthwise/depthwise/fq_weights_1 doesn't support configuration from tool config file (mismatch with hardware config)
WARNING: fake quantize node MobilenetV2/expanded_conv_8/project/Conv2D/fq_input_0 doesn't support configuration from tool config file (mismatch with hardware config)
WARNING: fake quantize node MobilenetV2/expanded_conv_16/expand/Conv2D/fq_weights_1 doesn't support configuration from tool config file (mismatch with hardware config)
WARNING: fake quantize node MobilenetV2/expanded_conv_12/expand/Conv2D/fq_weights_1 doesn't support configuration from tool config file (mismatch with hardware config)
WARNING: fake quantize node MobilenetV2/expanded_conv_6/expand/Conv2D/fq_weights_1 doesn't support configuration from tool config file (mismatch with hardware config)
WARNING: fake quantize node features/feature_map_2/Conv2D/fq_input_0 doesn't support configuration from tool config file (mismatch with hardware config)
WARNING: fake quantize node MobilenetV2/expanded_conv_7/add/fq_input_1 doesn't support configuration from tool config file (mismatch with hardware config)
WARNING: fake quantize node MobilenetV2/expanded_conv_7/add/fq_input_1 doesn't support configuration from tool config file (mismatch with hardware config)
WARNING: fake quantize node SSD/ssd_head_4/feature_map_3_mbox_loc/Conv2D/fq_weights_1 doesn't support configuration from tool config file (mismatch with hardware config)
WARNING: fake quantize node MobilenetV2/expanded_conv_7/add/fq_input_0 doesn't support configuration from tool config file (mismatch with hardware config)
WARNING: fake quantize node MobilenetV2/expanded_conv_1/project/Conv2D/fq_weights_1 doesn't support configuration from tool config file (mismatch with hardware config)
WARNING: fake quantize node MobilenetV2/expanded_conv_5/add/fq_input_0 doesn't support configuration from tool config file (mismatch with hardware config)
WARNING: fake quantize node MobilenetV2/expanded_conv_14/project/Conv2D/fq_weights_1 doesn't support configuration from tool config file (mismatch with hardware config)
WARNING: fake quantize node MobilenetV2/expanded_conv_10/depthwise/depthwise/fq_weights_1 doesn't support configuration from tool config file (mismatch with hardware config)
WARNING: fake quantize node MobilenetV2/expanded_conv_10/depthwise/depthwise/fq_weights_1 doesn't support configuration from tool config file (mismatch with hardware config)
WARNING: fake quantize node MobilenetV2/expanded_conv_9/depthwise/depthwise/fq_weights_1 doesn't support configuration from tool config file (mismatch with hardware config)
WARNING: fake quantize node MobilenetV2/expanded_conv_9/depthwise/depthwise/fq_weights_1 doesn't support configuration from tool config file (mismatch with hardware config)
WARNING: fake quantize node SSD/ssd_head_3/feature_map_2_mbox_conf/Conv2D/fq_input_0 doesn't support configuration from tool config file (mismatch with hardware config)
WARNING: fake quantize node SSD/ssd_head_3/feature_map_2_mbox_conf/Conv2D/fq_input_0 doesn't support configuration from tool config file (mismatch with hardware config)
WARNING: fake quantize node SSD/ssd_head_3/feature_map_2_mbox_conf/Conv2D/fq_input_0 doesn't support configuration from tool config file (mismatch with hardware config)
WARNING: fake quantize node MobilenetV2/expanded_conv_4/project/Conv2D/fq_weights_1 doesn't support configuration from tool config file (mismatch with hardware config)
WARNING: fake quantize node SSD/ssd_head_5/feature_map_4_mbox_conf/Conv2D/fq_weights_1 doesn't support configuration from tool config file (mismatch with hardware config)
WARNING: fake quantize node MobilenetV2/expanded_conv_10/depthwise/depthwise/fq_input_0 doesn't support configuration from tool config file (mismatch with hardware config)
WARNING: fake quantize node MobilenetV2/expanded_conv_10/depthwise/depthwise/fq_input_0 doesn't support configuration from tool config file (mismatch with hardware config)
WARNING: fake quantize node MobilenetV2/expanded_conv_15/depthwise/depthwise/fq_weights_1 doesn't support configuration from tool config file (mismatch with hardware config)
WARNING: fake quantize node MobilenetV2/expanded_conv_15/depthwise/depthwise/fq_weights_1 doesn't support configuration from tool config file (mismatch with hardware config)
WARNING: fake quantize node MobilenetV2/expanded_conv_13/expand/Conv2D/fq_weights_1 doesn't support configuration from tool config file (mismatch with hardware config)
WARNING: fake quantize node MobilenetV2/expanded_conv_11/project/Conv2D/fq_input_0 doesn't support configuration from tool config file (mismatch with hardware config)
WARNING: fake quantize node MobilenetV2/expanded_conv_5/project/Conv2D/fq_weights_1 doesn't support configuration from tool config file (mismatch with hardware config)
WARNING: fake quantize node MobilenetV2/expanded_conv_15/project/Conv2D/fq_input_0 doesn't support configuration from tool config file (mismatch with hardware config)
WARNING: fake quantize node MobilenetV2/expanded_conv_12/add/fq_input_0 doesn't support configuration from tool config file (mismatch with hardware config)
WARNING: fake quantize node MobilenetV2/expanded_conv_10/project/Conv2D/fq_weights_1 doesn't support configuration from tool config file (mismatch with hardware config)
WARNING: fake quantize node MobilenetV2/expanded_conv_1/depthwise/depthwise/fq_weights_1 doesn't support configuration from tool config file (mismatch with hardware config)
WARNING: fake quantize node MobilenetV2/expanded_conv_1/depthwise/depthwise/fq_weights_1 doesn't support configuration from tool config file (mismatch with hardware config)
WARNING: fake quantize node MobilenetV2/expanded_conv_6/project/Conv2D/fq_input_0 doesn't support configuration from tool config file (mismatch with hardware config)
WARNING: fake quantize node MobilenetV2/expanded_conv_13/depthwise/depthwise/fq_input_0 doesn't support configuration from tool config file (mismatch with hardware config)
WARNING: fake quantize node MobilenetV2/expanded_conv_13/depthwise/depthwise/fq_input_0 doesn't support configuration from tool config file (mismatch with hardware config)
WARNING: fake quantize node MobilenetV2/expanded_conv_7/depthwise/depthwise/fq_weights_1 doesn't support configuration from tool config file (mismatch with hardware config)
WARNING: fake quantize node MobilenetV2/expanded_conv_7/depthwise/depthwise/fq_weights_1 doesn't support configuration from tool config file (mismatch with hardware config)
WARNING: fake quantize node features/feature_map_3/Conv2D/fq_weights_1 doesn't support configuration from tool config file (mismatch with hardware config)
WARNING: fake quantize node MobilenetV2/expanded_conv_11/depthwise/depthwise/fq_weights_1 doesn't support configuration from tool config file (mismatch with hardware config)
WARNING: fake quantize node MobilenetV2/expanded_conv_11/depthwise/depthwise/fq_weights_1 doesn't support configuration from tool config file (mismatch with hardware config)
WARNING: fake quantize node MobilenetV2/expanded_conv_12/depthwise/depthwise/fq_weights_1 doesn't support configuration from tool config file (mismatch with hardware config)
WARNING: fake quantize node MobilenetV2/expanded_conv_12/depthwise/depthwise/fq_weights_1 doesn't support configuration from tool config file (mismatch with hardware config)
WARNING: fake quantize node MobilenetV2/expanded_conv_13/depthwise/depthwise/fq_weights_1 doesn't support configuration from tool config file (mismatch with hardware config)
WARNING: fake quantize node MobilenetV2/expanded_conv_13/depthwise/depthwise/fq_weights_1 doesn't support configuration from tool config file (mismatch with hardware config)
WARNING: fake quantize node MobilenetV2/expanded_conv/add/fq_input_1 doesn't support configuration from tool config file (mismatch with hardware config)
WARNING: fake quantize node MobilenetV2/expanded_conv/add/fq_input_1 doesn't support configuration from tool config file (mismatch with hardware config)
WARNING: fake quantize node MobilenetV2/expanded_conv/add/fq_input_1 doesn't support configuration from tool config file (mismatch with hardware config)
WARNING: fake quantize node MobilenetV2/expanded_conv_9/project/Conv2D/fq_input_0 doesn't support configuration from tool config file (mismatch with hardware config)
WARNING: fake quantize node MobilenetV2/expanded_conv_4/depthwise/depthwise/fq_weights_1 doesn't support configuration from tool config file (mismatch with hardware config)
WARNING: fake quantize node MobilenetV2/expanded_conv_4/depthwise/depthwise/fq_weights_1 doesn't support configuration from tool config file (mismatch with hardware config)
WARNING: fake quantize node MobilenetV2/expanded_conv_13/project/Conv2D/fq_input_0 doesn't support configuration from tool config file (mismatch with hardware config)
WARNING: fake quantize node MobilenetV2/expanded_conv_2/depthwise/depthwise/fq_input_0 doesn't support configuration from tool config file (mismatch with hardware config)
WARNING: fake quantize node MobilenetV2/expanded_conv_2/depthwise/depthwise/fq_input_0 doesn't support configuration from tool config file (mismatch with hardware config)
WARNING: fake quantize node MobilenetV2/expanded_conv_5/expand/Conv2D/fq_weights_1 doesn't support configuration from tool config file (mismatch with hardware config)
WARNING: fake quantize node MobilenetV2/expanded_conv_11/add/fq_input_1 doesn't support configuration from tool config file (mismatch with hardware config)
WARNING: fake quantize node MobilenetV2/expanded_conv_11/add/fq_input_1 doesn't support configuration from tool config file (mismatch with hardware config)
WARNING: fake quantize node MobilenetV2/expanded_conv_15/add/fq_input_0 doesn't support configuration from tool config file (mismatch with hardware config)
WARNING: fake quantize node MobilenetV2/expanded_conv_7/project/Conv2D/fq_input_0 doesn't support configuration from tool config file (mismatch with hardware config)
WARNING: fake quantize node MobilenetV2/expanded_conv_2/project/Conv2D/fq_weights_1 doesn't support configuration from tool config file (mismatch with hardware config)
WARNING: fake quantize node MobilenetV2/expanded_conv_14/project/Conv2D/fq_input_0 doesn't support configuration from tool config file (mismatch with hardware config)
WARNING: fake quantize node MobilenetV2/expanded_conv_7/depthwise/depthwise/fq_input_0 doesn't support configuration from tool config file (mismatch with hardware config)
WARNING: fake quantize node MobilenetV2/expanded_conv_7/depthwise/depthwise/fq_input_0 doesn't support configuration from tool config file (mismatch with hardware config)
WARNING: fake quantize node MobilenetV2/expanded_conv/depthwise/depthwise/fq_weights_1 doesn't support configuration from tool config file (mismatch with hardware config)
WARNING: fake quantize node MobilenetV2/expanded_conv/depthwise/depthwise/fq_weights_1 doesn't support configuration from tool config file (mismatch with hardware config)
WARNING: fake quantize node MobilenetV2/expanded_conv_13/expand/Conv2D/fq_input_0 doesn't support configuration from tool config file (mismatch with hardware config)
WARNING: fake quantize node MobilenetV2/expanded_conv_13/expand/Conv2D/fq_input_0 doesn't support configuration from tool config file (mismatch with hardware config)
WARNING: fake quantize node MobilenetV2/expanded_conv_13/expand/Conv2D/fq_input_0 doesn't support configuration from tool config file (mismatch with hardware config)
WARNING: fake quantize node MobilenetV2/expanded_conv_1/expand/Conv2D/fq_weights_1 doesn't support configuration from tool config file (mismatch with hardware config)
WARNING: fake quantize node MobilenetV2/expanded_conv_8/depthwise/depthwise/fq_input_0 doesn't support configuration from tool config file (mismatch with hardware config)
WARNING: fake quantize node MobilenetV2/expanded_conv_8/depthwise/depthwise/fq_input_0 doesn't support configuration from tool config file (mismatch with hardware config)
WARNING: fake quantize node MobilenetV2/expanded_conv_7/expand/Conv2D/fq_weights_1 doesn't support configuration from tool config file (mismatch with hardware config)
WARNING: fake quantize node MobilenetV2/expanded_conv_8/add/fq_input_0 doesn't support configuration from tool config file (mismatch with hardware config)
WARNING: fake quantize node features/feature_map_2/Conv2D/fq_weights_1 doesn't support configuration from tool config file (mismatch with hardware config)
WARNING: fake quantize node MobilenetV2/expanded_conv_2/project/Conv2D/fq_input_0 doesn't support configuration from tool config file (mismatch with hardware config)
WARNING: fake quantize node MobilenetV2/expanded_conv_3/project/Conv2D/fq_weights_1 doesn't support configuration from tool config file (mismatch with hardware config)
WARNING: fake quantize node MobilenetV2/expanded_conv_4/add/fq_input_1 doesn't support configuration from tool config file (mismatch with hardware config)
WARNING: fake quantize node MobilenetV2/expanded_conv_4/add/fq_input_1 doesn't support configuration from tool config file (mismatch with hardware config)
WARNING: fake quantize node MobilenetV2/expanded_conv_1/project/Conv2D/fq_input_0 doesn't support configuration from tool config file (mismatch with hardware config)
WARNING: fake quantize node features/intermediate_2/Conv2D/fq_weights_1 doesn't support configuration from tool config file (mismatch with hardware config)
WARNING: fake quantize node MobilenetV2/expanded_conv_9/project/Conv2D/fq_weights_1 doesn't support configuration from tool config file (mismatch with hardware config)
WARNING: fake quantize node features/intermediate_1/Conv2D/fq_weights_1 doesn't support configuration from tool config file (mismatch with hardware config)
WARNING: fake quantize node MobilenetV2/expanded_conv_6/depthwise/depthwise/fq_input_0 doesn't support configuration from tool config file (mismatch with hardware config)
WARNING: fake quantize node MobilenetV2/expanded_conv_6/depthwise/depthwise/fq_input_0 doesn't support configuration from tool config file (mismatch with hardware config)
WARNING: fake quantize node MobilenetV2/expanded_conv_5/depthwise/depthwise/fq_weights_1 doesn't support configuration from tool config file (mismatch with hardware config)
WARNING: fake quantize node MobilenetV2/expanded_conv_5/depthwise/depthwise/fq_weights_1 doesn't support configuration from tool config file (mismatch with hardware config)
WARNING: fake quantize node MobilenetV2/expanded_conv_12/depthwise/depthwise/fq_input_0 doesn't support configuration from tool config file (mismatch with hardware config)
WARNING: fake quantize node MobilenetV2/expanded_conv_12/depthwise/depthwise/fq_input_0 doesn't support configuration from tool config file (mismatch with hardware config)
WARNING: fake quantize node features/feature_map_4/Conv2D/fq_weights_1 doesn't support configuration from tool config file (mismatch with hardware config)
WARNING: fake quantize node MobilenetV2/expanded_conv/project/Conv2D/fq_weights_1 doesn't support configuration from tool config file (mismatch with hardware config)
WARNING: fake quantize node MobilenetV2/expanded_conv_10/project/Conv2D/fq_input_0 doesn't support configuration from tool config file (mismatch with hardware config)
WARNING: fake quantize node features/feature_map_3/Conv2D/fq_input_0 doesn't support configuration from tool config file (mismatch with hardware config)
WARNING: fake quantize node MobilenetV2/expanded_conv_14/add/fq_input_1 doesn't support configuration from tool config file (mismatch with hardware config)
WARNING: fake quantize node MobilenetV2/expanded_conv_14/add/fq_input_1 doesn't support configuration from tool config file (mismatch with hardware config)
WARNING: fake quantize node SSD/ssd_head_1/layer_18/output_mbox_conf/Conv2D/fq_weights_1 doesn't support configuration from tool config file (mismatch with hardware config)
WARNING: fake quantize node features/intermediate_4/Conv2D/fq_weights_1 doesn't support configuration from tool config file (mismatch with hardware config)
WARNING: fake quantize node MobilenetV2/expanded_conv_6/depthwise/depthwise/fq_weights_1 doesn't support configuration from tool config file (mismatch with hardware config)
WARNING: fake quantize node MobilenetV2/expanded_conv_6/depthwise/depthwise/fq_weights_1 doesn't support configuration from tool config file (mismatch with hardware config)
WARNING: fake quantize node MobilenetV2/expanded_conv_9/expand/Conv2D/fq_weights_1 doesn't support configuration from tool config file (mismatch with hardware config)
WARNING: fake quantize node features/feature_map_4/Conv2D/fq_input_0 doesn't support configuration from tool config file (mismatch with hardware config)
WARNING: fake quantize node MobilenetV2/expanded_conv/project/Conv2D/fq_input_0 doesn't support configuration from tool config file (mismatch with hardware config)
WARNING: fake quantize node MobilenetV2/expanded_conv_12/project/Conv2D/fq_input_0 doesn't support configuration from tool config file (mismatch with hardware config)
WARNING: fake quantize node SSD/ssd_head_4/feature_map_3_mbox_conf/Conv2D/fq_weights_1 doesn't support configuration from tool config file (mismatch with hardware config)
WARNING: fake quantize node MobilenetV2/expanded_conv_3/depthwise/depthwise/fq_input_0 doesn't support configuration from tool config file (mismatch with hardware config)
WARNING: fake quantize node MobilenetV2/expanded_conv_3/depthwise/depthwise/fq_input_0 doesn't support configuration from tool config file (mismatch with hardware config)
WARNING: fake quantize node MobilenetV2/expanded_conv_3/expand/Conv2D/fq_input_0 doesn't support configuration from tool config file (mismatch with hardware config)
WARNING: fake quantize node MobilenetV2/expanded_conv_16/project/Conv2D/fq_weights_1 doesn't support configuration from tool config file (mismatch with hardware config)
WARNING: fake quantize node MobilenetV2/expanded_conv_14/add/fq_input_0 doesn't support configuration from tool config file (mismatch with hardware config)
WARNING: fake quantize node MobilenetV2/expanded_conv_9/add/fq_input_0 doesn't support configuration from tool config file (mismatch with hardware config)
WARNING: fake quantize node MobilenetV2/Conv/Conv2D/fq_input_0 doesn't support configuration from tool config file (mismatch with hardware config)
WARNING: fake quantize node MobilenetV2/expanded_conv_10/expand/Conv2D/fq_weights_1 doesn't support configuration from tool config file (mismatch with hardware config)
WARNING: fake quantize node MobilenetV2/expanded_conv_3/depthwise/depthwise/fq_weights_1 doesn't support configuration from tool config file (mismatch with hardware config)
WARNING: fake quantize node MobilenetV2/expanded_conv_3/depthwise/depthwise/fq_weights_1 doesn't support configuration from tool config file (mismatch with hardware config)
WARNING: fake quantize node SSD/ssd_head/layer_14/output_mbox_loc/Conv2D/fq_weights_1 doesn't support configuration from tool config file (mismatch with hardware config)
WARNING: fake quantize node MobilenetV2/expanded_conv_16/project/Conv2D/fq_input_0 doesn't support configuration from tool config file (mismatch with hardware config)
WARNING: fake quantize node MobilenetV2/expanded_conv_14/expand/Conv2D/fq_weights_1 doesn't support configuration from tool config file (mismatch with hardware config)
WARNING: fake quantize node MobilenetV2/expanded_conv_15/project/Conv2D/fq_weights_1 doesn't support configuration from tool config file (mismatch with hardware config)
WARNING: fake quantize node features/feature_map_1/Conv2D/fq_weights_1 doesn't support configuration from tool config file (mismatch with hardware config)
WARNING: fake quantize node MobilenetV2/expanded_conv_11/expand/Conv2D/fq_weights_1 doesn't support configuration from tool config file (mismatch with hardware config)
WARNING: fake quantize node MobilenetV2/expanded_conv_1/depthwise/depthwise/fq_input_0 doesn't support configuration from tool config file (mismatch with hardware config)
WARNING: fake quantize node MobilenetV2/expanded_conv_1/depthwise/depthwise/fq_input_0 doesn't support configuration from tool config file (mismatch with hardware config)
WARNING: fake quantize node MobilenetV2/expanded_conv_11/depthwise/depthwise/fq_input_0 doesn't support configuration from tool config file (mismatch with hardware config)
WARNING: fake quantize node MobilenetV2/expanded_conv_11/depthwise/depthwise/fq_input_0 doesn't support configuration from tool config file (mismatch with hardware config)
WARNING: fake quantize node MobilenetV2/expanded_conv_16/depthwise/depthwise/fq_weights_1 doesn't support configuration from tool config file (mismatch with hardware config)
WARNING: fake quantize node MobilenetV2/expanded_conv_16/depthwise/depthwise/fq_weights_1 doesn't support configuration from tool config file (mismatch with hardware config)
WARNING: fake quantize node MobilenetV2/expanded_conv_10/expand/Conv2D/fq_input_0 doesn't support configuration from tool config file (mismatch with hardware config)
WARNING: fake quantize node MobilenetV2/expanded_conv_6/expand/Conv2D/fq_input_0 doesn't support configuration from tool config file (mismatch with hardware config)
WARNING: fake quantize node SSD/ssd_head_5/feature_map_4_mbox_loc/Conv2D/fq_weights_1 doesn't support configuration from tool config file (mismatch with hardware config)
WARNING: fake quantize node SSD/ssd_head_5/feature_map_4_mbox_conf/Conv2D/fq_input_0 doesn't support configuration from tool config file (mismatch with hardware config)
WARNING: fake quantize node SSD/ssd_head_5/feature_map_4_mbox_conf/Conv2D/fq_input_0 doesn't support configuration from tool config file (mismatch with hardware config)
WARNING: fake quantize node SSD/ssd_head_4/feature_map_3_mbox_conf/Conv2D/fq_input_0 doesn't support configuration from tool config file (mismatch with hardware config)
WARNING: fake quantize node SSD/ssd_head_4/feature_map_3_mbox_conf/Conv2D/fq_input_0 doesn't support configuration from tool config file (mismatch with hardware config)
WARNING: fake quantize node SSD/ssd_head_4/feature_map_3_mbox_conf/Conv2D/fq_input_0 doesn't support configuration from tool config file (mismatch with hardware config)
WARNING: fake quantize node MobilenetV2/expanded_conv_2/add/fq_input_0 doesn't support configuration from tool config file (mismatch with hardware config)
WARNING: fake quantize node MobilenetV2/expanded_conv_8/expand/Conv2D/fq_weights_1 doesn't support configuration from tool config file (mismatch with hardware config)
WARNING: fake quantize node MobilenetV2/expanded_conv_8/add/fq_input_1 doesn't support configuration from tool config file (mismatch with hardware config)
WARNING: fake quantize node MobilenetV2/expanded_conv_8/add/fq_input_1 doesn't support configuration from tool config file (mismatch with hardware config)
WARNING: fake quantize node MobilenetV2/expanded_conv_13/project/Conv2D/fq_weights_1 doesn't support configuration from tool config file (mismatch with hardware config)
WARNING: fake quantize node MobilenetV2/expanded_conv_12/project/Conv2D/fq_weights_1 doesn't support configuration from tool config file (mismatch with hardware config)
WARNING: fake quantize node MobilenetV2/expanded_conv_4/depthwise/depthwise/fq_input_0 doesn't support configuration from tool config file (mismatch with hardware config)
WARNING: fake quantize node MobilenetV2/expanded_conv_4/depthwise/depthwise/fq_input_0 doesn't support configuration from tool config file (mismatch with hardware config)
WARNING: fake quantize node MobilenetV2/expanded_conv_9/add/fq_input_1 doesn't support configuration from tool config file (mismatch with hardware config)
WARNING: fake quantize node MobilenetV2/expanded_conv_9/add/fq_input_1 doesn't support configuration from tool config file (mismatch with hardware config)
WARNING: fake quantize node MobilenetV2/Conv/Conv2D/fq_weights_1 doesn't support configuration from tool config file (mismatch with hardware config)
WARNING: fake quantize node SSD/ssd_head_3/feature_map_2_mbox_conf/Conv2D/fq_weights_1 doesn't support configuration from tool config file (mismatch with hardware config)
WARNING: fake quantize node MobilenetV2/expanded_conv_15/expand/Conv2D/fq_weights_1 doesn't support configuration from tool config file (mismatch with hardware config)
WARNING: fake quantize node SSD/ssd_head_1/layer_18/output_mbox_conf/Conv2D/fq_input_0 doesn't support configuration from tool config file (mismatch with hardware config)
WARNING: fake quantize node SSD/ssd_head_1/layer_18/output_mbox_conf/Conv2D/fq_input_0 doesn't support configuration from tool config file (mismatch with hardware config)
WARNING: fake quantize node SSD/ssd_head_1/layer_18/output_mbox_conf/Conv2D/fq_input_0 doesn't support configuration from tool config file (mismatch with hardware config)
WARNING: fake quantize node MobilenetV2/expanded_conv/add/fq_input_0 doesn't support configuration from tool config file (mismatch with hardware config)
WARNING: fake quantize node MobilenetV2/expanded_conv_11/project/Conv2D/fq_weights_1 doesn't support configuration from tool config file (mismatch with hardware config)
WARNING: fake quantize node MobilenetV2/expanded_conv_2/expand/Conv2D/fq_weights_1 doesn't support configuration from tool config file (mismatch with hardware config)
WARNING: fake quantize node MobilenetV2/expanded_conv_5/project/Conv2D/fq_input_0 doesn't support configuration from tool config file (mismatch with hardware config)
WARNING: fake quantize node MobilenetV2/expanded_conv_7/project/Conv2D/fq_weights_1 doesn't support configuration from tool config file (mismatch with hardware config)
WARNING: fake quantize node MobilenetV2/expanded_conv_6/project/Conv2D/fq_weights_1 doesn't support configuration from tool config file (mismatch with hardware config)
WARNING: fake quantize node MobilenetV2/expanded_conv_5/add/fq_input_1 doesn't support configuration from tool config file (mismatch with hardware config)
WARNING: fake quantize node MobilenetV2/expanded_conv_5/add/fq_input_1 doesn't support configuration from tool config file (mismatch with hardware config)
WARNING: fake quantize node MobilenetV2/expanded_conv_3/project/Conv2D/fq_input_0 doesn't support configuration from tool config file (mismatch with hardware config)
WARNING: fake quantize node MobilenetV2/expanded_conv_15/depthwise/depthwise/fq_input_0 doesn't support configuration from tool config file (mismatch with hardware config)
WARNING: fake quantize node MobilenetV2/expanded_conv_15/depthwise/depthwise/fq_input_0 doesn't support configuration from tool config file (mismatch with hardware config)
WARNING: fake quantize node MobilenetV2/expanded_conv_5/depthwise/depthwise/fq_input_0 doesn't support configuration from tool config file (mismatch with hardware config)
WARNING: fake quantize node MobilenetV2/expanded_conv_5/depthwise/depthwise/fq_input_0 doesn't support configuration from tool config file (mismatch with hardware config)
WARNING: fake quantize node SSD/ssd_head/layer_14/output_mbox_conf/Conv2D/fq_weights_1 doesn't support configuration from tool config file (mismatch with hardware config)
WARNING: fake quantize node MobilenetV2/expanded_conv_4/project/Conv2D/fq_input_0 doesn't support configuration from tool config file (mismatch with hardware config)
WARNING: fake quantize node MobilenetV2/expanded_conv_12/add/fq_input_1 doesn't support configuration from tool config file (mismatch with hardware config)
WARNING: fake quantize node MobilenetV2/expanded_conv_12/add/fq_input_1 doesn't support configuration from tool config file (mismatch with hardware config)
WARNING: fake quantize node MobilenetV2/expanded_conv_1/expand/Conv2D/fq_input_0 doesn't support configuration from tool config file (mismatch with hardware config)
WARNING: fake quantize node MobilenetV2/expanded_conv_9/depthwise/depthwise/fq_input_0 doesn't support configuration from tool config file (mismatch with hardware config)
WARNING: fake quantize node MobilenetV2/expanded_conv_9/depthwise/depthwise/fq_input_0 doesn't support configuration from tool config file (mismatch with hardware config)
WARNING: fake quantize node MobilenetV2/expanded_conv_4/expand/Conv2D/fq_weights_1 doesn't support configuration from tool config file (mismatch with hardware config)
INFO:compression.statistics.collector:Computing statistics finished
WARNING: fake quantize node MobilenetV2/expanded_conv_14/depthwise/depthwise/fq_input_0 doesn't support configuration from tool config file (mismatch with hardware config)
WARNING: fake quantize node MobilenetV2/expanded_conv_14/depthwise/depthwise/fq_input_0 doesn't support configuration from tool config file (mismatch with hardware config)
WARNING: fake quantize node MobilenetV2/expanded_conv_2/depthwise/depthwise/fq_weights_1 doesn't support configuration from tool config file (mismatch with hardware config)
WARNING: fake quantize node MobilenetV2/expanded_conv_2/depthwise/depthwise/fq_weights_1 doesn't support configuration from tool config file (mismatch with hardware config)
WARNING: fake quantize node SSD/ssd_head_2/feature_map_1_mbox_loc/Conv2D/fq_weights_1 doesn't support configuration from tool config file (mismatch with hardware config)
WARNING: fake quantize node MobilenetV2/expanded_conv_4/add/fq_input_0 doesn't support configuration from tool config file (mismatch with hardware config)
WARNING: fake quantize node MobilenetV2/expanded_conv_11/add/fq_input_0 doesn't support configuration from tool config file (mismatch with hardware config)
WARNING: fake quantize node MobilenetV2/expanded_conv_16/depthwise/depthwise/fq_input_0 doesn't support configuration from tool config file (mismatch with hardware config)
WARNING: fake quantize node MobilenetV2/expanded_conv_16/depthwise/depthwise/fq_input_0 doesn't support configuration from tool config file (mismatch with hardware config)
WARNING: fake quantize node MobilenetV2/expanded_conv_14/depthwise/depthwise/fq_weights_1 doesn't support configuration from tool config file (mismatch with hardware config)
WARNING: fake quantize node MobilenetV2/expanded_conv_14/depthwise/depthwise/fq_weights_1 doesn't support configuration from tool config file (mismatch with hardware config)
WARNING: fake quantize node MobilenetV2/expanded_conv_12/depthwise/depthwise/fq_input_0 doesn't support configuration from tool config file (mismatch with hardware config)
WARNING: fake quantize node MobilenetV2/expanded_conv_12/depthwise/depthwise/fq_input_0 doesn't support configuration from tool config file (mismatch with hardware config)
WARNING: fake quantize node features/feature_map_1/Conv2D/fq_input_0 doesn't support configuration from tool config file (mismatch with hardware config)
WARNING: fake quantize node MobilenetV2/expanded_conv_15/add/fq_input_1 doesn't support configuration from tool config file (mismatch with hardware config)
WARNING: fake quantize node MobilenetV2/expanded_conv_15/add/fq_input_1 doesn't support configuration from tool config file (mismatch with hardware config)
WARNING: fake quantize node SSD/ssd_head_2/feature_map_1_mbox_conf/Conv2D/fq_input_0 doesn't support configuration from tool config file (mismatch with hardware config)
WARNING: fake quantize node SSD/ssd_head_2/feature_map_1_mbox_conf/Conv2D/fq_input_0 doesn't support configuration from tool config file (mismatch with hardware config)
WARNING: fake quantize node SSD/ssd_head_2/feature_map_1_mbox_conf/Conv2D/fq_input_0 doesn't support configuration from tool config file (mismatch with hardware config)
WARNING: fake quantize node SSD/ssd_head_3/feature_map_2_mbox_loc/Conv2D/fq_weights_1 doesn't support configuration from tool config file (mismatch with hardware config)
WARNING: fake quantize node MobilenetV2/expanded_conv_3/expand/Conv2D/fq_weights_1 doesn't support configuration from tool config file (mismatch with hardware config)
WARNING: fake quantize node MobilenetV2/expanded_conv_2/add/fq_input_1 doesn't support configuration from tool config file (mismatch with hardware config)
WARNING: fake quantize node MobilenetV2/expanded_conv_2/add/fq_input_1 doesn't support configuration from tool config file (mismatch with hardware config)
WARNING: fake quantize node features/intermediate_3/Conv2D/fq_weights_1 doesn't support configuration from tool config file (mismatch with hardware config)
WARNING: fake quantize node MobilenetV2/expanded_conv_8/project/Conv2D/fq_weights_1 doesn't support configuration from tool config file (mismatch with hardware config)
WARNING: fake quantize node MobilenetV2/expanded_conv_16/expand/Conv2D/fq_input_0 doesn't support configuration from tool config file (mismatch with hardware config)
WARNING: fake quantize node SSD/ssd_head_2/feature_map_1_mbox_conf/Conv2D/fq_weights_1 doesn't support configuration from tool config file (mismatch with hardware config)
WARNING: fake quantize node MobilenetV2/expanded_conv_8/depthwise/depthwise/fq_weights_1 doesn't support configuration from tool config file (mismatch with hardware config)
WARNING: fake quantize node MobilenetV2/expanded_conv_8/depthwise/depthwise/fq_weights_1 doesn't support configuration from tool config file (mismatch with hardware config)
WARNING: fake quantize node MobilenetV2/expanded_conv_8/project/Conv2D/fq_input_0 doesn't support configuration from tool config file (mismatch with hardware config)
WARNING: fake quantize node MobilenetV2/expanded_conv_16/expand/Conv2D/fq_weights_1 doesn't support configuration from tool config file (mismatch with hardware config)
WARNING: fake quantize node MobilenetV2/expanded_conv_12/expand/Conv2D/fq_weights_1 doesn't support configuration from tool config file (mismatch with hardware config)
WARNING: fake quantize node MobilenetV2/expanded_conv_6/expand/Conv2D/fq_weights_1 doesn't support configuration from tool config file (mismatch with hardware config)
WARNING: fake quantize node features/feature_map_2/Conv2D/fq_input_0 doesn't support configuration from tool config file (mismatch with hardware config)
WARNING: fake quantize node MobilenetV2/expanded_conv_7/add/fq_input_1 doesn't support configuration from tool config file (mismatch with hardware config)
WARNING: fake quantize node MobilenetV2/expanded_conv_7/add/fq_input_1 doesn't support configuration from tool config file (mismatch with hardware config)
WARNING: fake quantize node SSD/ssd_head_4/feature_map_3_mbox_loc/Conv2D/fq_weights_1 doesn't support configuration from tool config file (mismatch with hardware config)
WARNING: fake quantize node MobilenetV2/expanded_conv_7/add/fq_input_0 doesn't support configuration from tool config file (mismatch with hardware config)
WARNING: fake quantize node MobilenetV2/expanded_conv_1/project/Conv2D/fq_weights_1 doesn't support configuration from tool config file (mismatch with hardware config)
WARNING: fake quantize node MobilenetV2/expanded_conv_5/add/fq_input_0 doesn't support configuration from tool config file (mismatch with hardware config)
WARNING: fake quantize node MobilenetV2/expanded_conv_14/project/Conv2D/fq_weights_1 doesn't support configuration from tool config file (mismatch with hardware config)
WARNING: fake quantize node MobilenetV2/expanded_conv_10/depthwise/depthwise/fq_weights_1 doesn't support configuration from tool config file (mismatch with hardware config)
WARNING: fake quantize node MobilenetV2/expanded_conv_10/depthwise/depthwise/fq_weights_1 doesn't support configuration from tool config file (mismatch with hardware config)
WARNING: fake quantize node MobilenetV2/expanded_conv_9/depthwise/depthwise/fq_weights_1 doesn't support configuration from tool config file (mismatch with hardware config)
WARNING: fake quantize node MobilenetV2/expanded_conv_9/depthwise/depthwise/fq_weights_1 doesn't support configuration from tool config file (mismatch with hardware config)
WARNING: fake quantize node SSD/ssd_head_3/feature_map_2_mbox_conf/Conv2D/fq_input_0 doesn't support configuration from tool config file (mismatch with hardware config)
WARNING: fake quantize node SSD/ssd_head_3/feature_map_2_mbox_conf/Conv2D/fq_input_0 doesn't support configuration from tool config file (mismatch with hardware config)
WARNING: fake quantize node SSD/ssd_head_3/feature_map_2_mbox_conf/Conv2D/fq_input_0 doesn't support configuration from tool config file (mismatch with hardware config)
WARNING: fake quantize node MobilenetV2/expanded_conv_4/project/Conv2D/fq_weights_1 doesn't support configuration from tool config file (mismatch with hardware config)
WARNING: fake quantize node SSD/ssd_head_5/feature_map_4_mbox_conf/Conv2D/fq_weights_1 doesn't support configuration from tool config file (mismatch with hardware config)
WARNING: fake quantize node MobilenetV2/expanded_conv_10/depthwise/depthwise/fq_input_0 doesn't support configuration from tool config file (mismatch with hardware config)
WARNING: fake quantize node MobilenetV2/expanded_conv_10/depthwise/depthwise/fq_input_0 doesn't support configuration from tool config file (mismatch with hardware config)
WARNING: fake quantize node MobilenetV2/expanded_conv_15/depthwise/depthwise/fq_weights_1 doesn't support configuration from tool config file (mismatch with hardware config)
WARNING: fake quantize node MobilenetV2/expanded_conv_15/depthwise/depthwise/fq_weights_1 doesn't support configuration from tool config file (mismatch with hardware config)
WARNING: fake quantize node MobilenetV2/expanded_conv_2/project/Conv2D/fq_weights_1 doesn't support configuration from tool config file (mismatch with hardware config)
WARNING: fake quantize node MobilenetV2/expanded_conv_13/expand/Conv2D/fq_weights_1 doesn't support configuration from tool config file (mismatch with hardware config)
WARNING: fake quantize node MobilenetV2/expanded_conv_11/project/Conv2D/fq_input_0 doesn't support configuration from tool config file (mismatch with hardware config)
WARNING: fake quantize node MobilenetV2/expanded_conv_9/add/fq_input_0 doesn't support configuration from tool config file (mismatch with hardware config)
WARNING: fake quantize node MobilenetV2/expanded_conv_15/project/Conv2D/fq_input_0 doesn't support configuration from tool config file (mismatch with hardware config)
WARNING: fake quantize node MobilenetV2/expanded_conv_12/add/fq_input_0 doesn't support configuration from tool config file (mismatch with hardware config)
WARNING: fake quantize node MobilenetV2/expanded_conv_10/project/Conv2D/fq_weights_1 doesn't support configuration from tool config file (mismatch with hardware config)
WARNING: fake quantize node MobilenetV2/expanded_conv_1/depthwise/depthwise/fq_weights_1 doesn't support configuration from tool config file (mismatch with hardware config)
WARNING: fake quantize node MobilenetV2/expanded_conv_1/depthwise/depthwise/fq_weights_1 doesn't support configuration from tool config file (mismatch with hardware config)
WARNING: fake quantize node MobilenetV2/expanded_conv_6/project/Conv2D/fq_input_0 doesn't support configuration from tool config file (mismatch with hardware config)
WARNING: fake quantize node MobilenetV2/expanded_conv_13/depthwise/depthwise/fq_input_0 doesn't support configuration from tool config file (mismatch with hardware config)
WARNING: fake quantize node MobilenetV2/expanded_conv_13/depthwise/depthwise/fq_input_0 doesn't support configuration from tool config file (mismatch with hardware config)
WARNING: fake quantize node MobilenetV2/expanded_conv_7/depthwise/depthwise/fq_weights_1 doesn't support configuration from tool config file (mismatch with hardware config)
WARNING: fake quantize node MobilenetV2/expanded_conv_7/depthwise/depthwise/fq_weights_1 doesn't support configuration from tool config file (mismatch with hardware config)
WARNING: fake quantize node features/feature_map_3/Conv2D/fq_weights_1 doesn't support configuration from tool config file (mismatch with hardware config)
WARNING: fake quantize node MobilenetV2/expanded_conv_11/depthwise/depthwise/fq_weights_1 doesn't support configuration from tool config file (mismatch with hardware config)
WARNING: fake quantize node MobilenetV2/expanded_conv_11/depthwise/depthwise/fq_weights_1 doesn't support configuration from tool config file (mismatch with hardware config)
WARNING: fake quantize node MobilenetV2/expanded_conv_12/depthwise/depthwise/fq_weights_1 doesn't support configuration from tool config file (mismatch with hardware config)
WARNING: fake quantize node MobilenetV2/expanded_conv_12/depthwise/depthwise/fq_weights_1 doesn't support configuration from tool config file (mismatch with hardware config)
WARNING: fake quantize node MobilenetV2/expanded_conv_13/depthwise/depthwise/fq_weights_1 doesn't support configuration from tool config file (mismatch with hardware config)
WARNING: fake quantize node MobilenetV2/expanded_conv_13/depthwise/depthwise/fq_weights_1 doesn't support configuration from tool config file (mismatch with hardware config)
WARNING: fake quantize node MobilenetV2/expanded_conv/add/fq_input_1 doesn't support configuration from tool config file (mismatch with hardware config)
WARNING: fake quantize node MobilenetV2/expanded_conv/add/fq_input_1 doesn't support configuration from tool config file (mismatch with hardware config)
WARNING: fake quantize node MobilenetV2/expanded_conv/add/fq_input_1 doesn't support configuration from tool config file (mismatch with hardware config)
WARNING: fake quantize node MobilenetV2/expanded_conv_9/project/Conv2D/fq_input_0 doesn't support configuration from tool config file (mismatch with hardware config)
WARNING: fake quantize node MobilenetV2/expanded_conv_4/depthwise/depthwise/fq_weights_1 doesn't support configuration from tool config file (mismatch with hardware config)
WARNING: fake quantize node MobilenetV2/expanded_conv_4/depthwise/depthwise/fq_weights_1 doesn't support configuration from tool config file (mismatch with hardware config)
WARNING: fake quantize node MobilenetV2/expanded_conv_13/project/Conv2D/fq_input_0 doesn't support configuration from tool config file (mismatch with hardware config)
WARNING: fake quantize node MobilenetV2/expanded_conv_2/depthwise/depthwise/fq_input_0 doesn't support configuration from tool config file (mismatch with hardware config)
WARNING: fake quantize node MobilenetV2/expanded_conv_2/depthwise/depthwise/fq_input_0 doesn't support configuration from tool config file (mismatch with hardware config)
WARNING: fake quantize node MobilenetV2/expanded_conv_5/expand/Conv2D/fq_weights_1 doesn't support configuration from tool config file (mismatch with hardware config)
WARNING: fake quantize node MobilenetV2/expanded_conv_11/add/fq_input_1 doesn't support configuration from tool config file (mismatch with hardware config)
WARNING: fake quantize node MobilenetV2/expanded_conv_11/add/fq_input_1 doesn't support configuration from tool config file (mismatch with hardware config)
WARNING: fake quantize node MobilenetV2/expanded_conv_15/add/fq_input_0 doesn't support configuration from tool config file (mismatch with hardware config)
WARNING: fake quantize node MobilenetV2/expanded_conv_7/project/Conv2D/fq_input_0 doesn't support configuration from tool config file (mismatch with hardware config)
WARNING: fake quantize node SSD/ssd_head/layer_14/output_mbox_loc/Conv2D/fq_weights_1 doesn't support configuration from tool config file (mismatch with hardware config)
WARNING: fake quantize node MobilenetV2/expanded_conv_14/project/Conv2D/fq_input_0 doesn't support configuration from tool config file (mismatch with hardware config)
WARNING: fake quantize node MobilenetV2/expanded_conv_7/depthwise/depthwise/fq_input_0 doesn't support configuration from tool config file (mismatch with hardware config)
WARNING: fake quantize node MobilenetV2/expanded_conv_7/depthwise/depthwise/fq_input_0 doesn't support configuration from tool config file (mismatch with hardware config)
WARNING: fake quantize node MobilenetV2/expanded_conv/depthwise/depthwise/fq_weights_1 doesn't support configuration from tool config file (mismatch with hardware config)
WARNING: fake quantize node MobilenetV2/expanded_conv/depthwise/depthwise/fq_weights_1 doesn't support configuration from tool config file (mismatch with hardware config)
WARNING: fake quantize node MobilenetV2/expanded_conv_13/expand/Conv2D/fq_input_0 doesn't support configuration from tool config file (mismatch with hardware config)
WARNING: fake quantize node MobilenetV2/expanded_conv_13/expand/Conv2D/fq_input_0 doesn't support configuration from tool config file (mismatch with hardware config)
WARNING: fake quantize node MobilenetV2/expanded_conv_13/expand/Conv2D/fq_input_0 doesn't support configuration from tool config file (mismatch with hardware config)
WARNING: fake quantize node MobilenetV2/expanded_conv_1/expand/Conv2D/fq_weights_1 doesn't support configuration from tool config file (mismatch with hardware config)
WARNING: fake quantize node MobilenetV2/expanded_conv_8/depthwise/depthwise/fq_input_0 doesn't support configuration from tool config file (mismatch with hardware config)
WARNING: fake quantize node MobilenetV2/expanded_conv_8/depthwise/depthwise/fq_input_0 doesn't support configuration from tool config file (mismatch with hardware config)
WARNING: fake quantize node MobilenetV2/expanded_conv_7/expand/Conv2D/fq_weights_1 doesn't support configuration from tool config file (mismatch with hardware config)
WARNING: fake quantize node MobilenetV2/expanded_conv_8/add/fq_input_0 doesn't support configuration from tool config file (mismatch with hardware config)
WARNING: fake quantize node features/feature_map_2/Conv2D/fq_weights_1 doesn't support configuration from tool config file (mismatch with hardware config)
WARNING: fake quantize node MobilenetV2/expanded_conv_2/project/Conv2D/fq_input_0 doesn't support configuration from tool config file (mismatch with hardware config)
WARNING: fake quantize node MobilenetV2/expanded_conv_3/project/Conv2D/fq_weights_1 doesn't support configuration from tool config file (mismatch with hardware config)
WARNING: fake quantize node MobilenetV2/expanded_conv_4/add/fq_input_1 doesn't support configuration from tool config file (mismatch with hardware config)
WARNING: fake quantize node MobilenetV2/expanded_conv_4/add/fq_input_1 doesn't support configuration from tool config file (mismatch with hardware config)
WARNING: fake quantize node MobilenetV2/expanded_conv/add/fq_input_0 doesn't support configuration from tool config file (mismatch with hardware config)
WARNING: fake quantize node SSD/ssd_head_1/layer_18/output_mbox_loc/Conv2D/fq_weights_1 doesn't support configuration from tool config file (mismatch with hardware config)
WARNING: fake quantize node features/intermediate_2/Conv2D/fq_weights_1 doesn't support configuration from tool config file (mismatch with hardware config)
WARNING: fake quantize node MobilenetV2/expanded_conv_9/project/Conv2D/fq_weights_1 doesn't support configuration from tool config file (mismatch with hardware config)
WARNING: fake quantize node features/intermediate_1/Conv2D/fq_weights_1 doesn't support configuration from tool config file (mismatch with hardware config)
WARNING: fake quantize node MobilenetV2/expanded_conv_6/depthwise/depthwise/fq_input_0 doesn't support configuration from tool config file (mismatch with hardware config)
WARNING: fake quantize node MobilenetV2/expanded_conv_6/depthwise/depthwise/fq_input_0 doesn't support configuration from tool config file (mismatch with hardware config)
WARNING: fake quantize node MobilenetV2/expanded_conv_5/depthwise/depthwise/fq_weights_1 doesn't support configuration from tool config file (mismatch with hardware config)
WARNING: fake quantize node MobilenetV2/expanded_conv_5/depthwise/depthwise/fq_weights_1 doesn't support configuration from tool config file (mismatch with hardware config)
WARNING: fake quantize node features/feature_map_4/Conv2D/fq_weights_1 doesn't support configuration from tool config file (mismatch with hardware config)
WARNING: fake quantize node MobilenetV2/expanded_conv/project/Conv2D/fq_weights_1 doesn't support configuration from tool config file (mismatch with hardware config)
WARNING: fake quantize node MobilenetV2/expanded_conv_10/project/Conv2D/fq_input_0 doesn't support configuration from tool config file (mismatch with hardware config)
WARNING: fake quantize node features/feature_map_3/Conv2D/fq_input_0 doesn't support configuration from tool config file (mismatch with hardware config)
WARNING: fake quantize node MobilenetV2/expanded_conv_14/add/fq_input_1 doesn't support configuration from tool config file (mismatch with hardware config)
WARNING: fake quantize node MobilenetV2/expanded_conv_14/add/fq_input_1 doesn't support configuration from tool config file (mismatch with hardware config)
WARNING: fake quantize node SSD/ssd_head_1/layer_18/output_mbox_conf/Conv2D/fq_weights_1 doesn't support configuration from tool config file (mismatch with hardware config)
WARNING: fake quantize node features/intermediate_4/Conv2D/fq_weights_1 doesn't support configuration from tool config file (mismatch with hardware config)
WARNING: fake quantize node MobilenetV2/expanded_conv_6/depthwise/depthwise/fq_weights_1 doesn't support configuration from tool config file (mismatch with hardware config)
WARNING: fake quantize node MobilenetV2/expanded_conv_6/depthwise/depthwise/fq_weights_1 doesn't support configuration from tool config file (mismatch with hardware config)
WARNING: fake quantize node MobilenetV2/expanded_conv_9/expand/Conv2D/fq_weights_1 doesn't support configuration from tool config file (mismatch with hardware config)
WARNING: fake quantize node features/feature_map_4/Conv2D/fq_input_0 doesn't support configuration from tool config file (mismatch with hardware config)
WARNING: fake quantize node MobilenetV2/expanded_conv/project/Conv2D/fq_input_0 doesn't support configuration from tool config file (mismatch with hardware config)
WARNING: fake quantize node MobilenetV2/expanded_conv_12/project/Conv2D/fq_input_0 doesn't support configuration from tool config file (mismatch with hardware config)
WARNING: fake quantize node SSD/ssd_head_4/feature_map_3_mbox_conf/Conv2D/fq_weights_1 doesn't support configuration from tool config file (mismatch with hardware config)
WARNING: fake quantize node MobilenetV2/expanded_conv_3/depthwise/depthwise/fq_input_0 doesn't support configuration from tool config file (mismatch with hardware config)
WARNING: fake quantize node MobilenetV2/expanded_conv_3/depthwise/depthwise/fq_input_0 doesn't support configuration from tool config file (mismatch with hardware config)
WARNING: fake quantize node MobilenetV2/expanded_conv_6/project/Conv2D/fq_weights_1 doesn't support configuration from tool config file (mismatch with hardware config)
WARNING: fake quantize node MobilenetV2/expanded_conv_16/project/Conv2D/fq_weights_1 doesn't support configuration from tool config file (mismatch with hardware config)
WARNING: fake quantize node MobilenetV2/expanded_conv_14/add/fq_input_0 doesn't support configuration from tool config file (mismatch with hardware config)
WARNING: fake quantize node MobilenetV2/expanded_conv_5/project/Conv2D/fq_weights_1 doesn't support configuration from tool config file (mismatch with hardware config)
WARNING: fake quantize node MobilenetV2/Conv/Conv2D/fq_input_0 doesn't support configuration from tool config file (mismatch with hardware config)
WARNING: fake quantize node MobilenetV2/expanded_conv_10/expand/Conv2D/fq_weights_1 doesn't support configuration from tool config file (mismatch with hardware config)
WARNING: fake quantize node MobilenetV2/expanded_conv_3/depthwise/depthwise/fq_weights_1 doesn't support configuration from tool config file (mismatch with hardware config)
WARNING: fake quantize node MobilenetV2/expanded_conv_3/depthwise/depthwise/fq_weights_1 doesn't support configuration from tool config file (mismatch with hardware config)
WARNING: fake quantize node MobilenetV2/expanded_conv_15/project/Conv2D/fq_weights_1 doesn't support configuration from tool config file (mismatch with hardware config)
WARNING: fake quantize node MobilenetV2/expanded_conv_16/project/Conv2D/fq_input_0 doesn't support configuration from tool config file (mismatch with hardware config)
WARNING: fake quantize node MobilenetV2/expanded_conv_14/expand/Conv2D/fq_weights_1 doesn't support configuration from tool config file (mismatch with hardware config)
WARNING: fake quantize node features/feature_map_1/Conv2D/fq_weights_1 doesn't support configuration from tool config file (mismatch with hardware config)
WARNING: fake quantize node MobilenetV2/expanded_conv_11/expand/Conv2D/fq_weights_1 doesn't support configuration from tool config file (mismatch with hardware config)
WARNING: fake quantize node MobilenetV2/expanded_conv_1/depthwise/depthwise/fq_input_0 doesn't support configuration from tool config file (mismatch with hardware config)
WARNING: fake quantize node MobilenetV2/expanded_conv_1/depthwise/depthwise/fq_input_0 doesn't support configuration from tool config file (mismatch with hardware config)
WARNING: fake quantize node MobilenetV2/expanded_conv_11/depthwise/depthwise/fq_input_0 doesn't support configuration from tool config file (mismatch with hardware config)
WARNING: fake quantize node MobilenetV2/expanded_conv_11/depthwise/depthwise/fq_input_0 doesn't support configuration from tool config file (mismatch with hardware config)
WARNING: fake quantize node MobilenetV2/expanded_conv_16/depthwise/depthwise/fq_weights_1 doesn't support configuration from tool config file (mismatch with hardware config)
WARNING: fake quantize node MobilenetV2/expanded_conv_16/depthwise/depthwise/fq_weights_1 doesn't support configuration from tool config file (mismatch with hardware config)
WARNING: fake quantize node MobilenetV2/expanded_conv_10/expand/Conv2D/fq_input_0 doesn't support configuration from tool config file (mismatch with hardware config)
WARNING: fake quantize node MobilenetV2/expanded_conv_6/expand/Conv2D/fq_input_0 doesn't support configuration from tool config file (mismatch with hardware config)
WARNING: fake quantize node SSD/ssd_head_5/feature_map_4_mbox_loc/Conv2D/fq_weights_1 doesn't support configuration from tool config file (mismatch with hardware config)
WARNING: fake quantize node SSD/ssd_head_5/feature_map_4_mbox_conf/Conv2D/fq_input_0 doesn't support configuration from tool config file (mismatch with hardware config)
WARNING: fake quantize node SSD/ssd_head_5/feature_map_4_mbox_conf/Conv2D/fq_input_0 doesn't support configuration from tool config file (mismatch with hardware config)
WARNING: fake quantize node SSD/ssd_head_4/feature_map_3_mbox_conf/Conv2D/fq_input_0 doesn't support configuration from tool config file (mismatch with hardware config)
WARNING: fake quantize node SSD/ssd_head_4/feature_map_3_mbox_conf/Conv2D/fq_input_0 doesn't support configuration from tool config file (mismatch with hardware config)
WARNING: fake quantize node SSD/ssd_head_4/feature_map_3_mbox_conf/Conv2D/fq_input_0 doesn't support configuration from tool config file (mismatch with hardware config)
WARNING: fake quantize node MobilenetV2/expanded_conv_2/add/fq_input_0 doesn't support configuration from tool config file (mismatch with hardware config)
WARNING: fake quantize node MobilenetV2/expanded_conv_8/expand/Conv2D/fq_weights_1 doesn't support configuration from tool config file (mismatch with hardware config)
WARNING: fake quantize node MobilenetV2/expanded_conv_8/add/fq_input_1 doesn't support configuration from tool config file (mismatch with hardware config)
WARNING: fake quantize node MobilenetV2/expanded_conv_8/add/fq_input_1 doesn't support configuration from tool config file (mismatch with hardware config)
WARNING: fake quantize node MobilenetV2/expanded_conv_13/project/Conv2D/fq_weights_1 doesn't support configuration from tool config file (mismatch with hardware config)
WARNING: fake quantize node MobilenetV2/expanded_conv_12/project/Conv2D/fq_weights_1 doesn't support configuration from tool config file (mismatch with hardware config)
WARNING: fake quantize node MobilenetV2/expanded_conv_4/depthwise/depthwise/fq_input_0 doesn't support configuration from tool config file (mismatch with hardware config)
WARNING: fake quantize node MobilenetV2/expanded_conv_4/depthwise/depthwise/fq_input_0 doesn't support configuration from tool config file (mismatch with hardware config)
WARNING: fake quantize node MobilenetV2/expanded_conv_9/add/fq_input_1 doesn't support configuration from tool config file (mismatch with hardware config)
WARNING: fake quantize node MobilenetV2/expanded_conv_9/add/fq_input_1 doesn't support configuration from tool config file (mismatch with hardware config)
WARNING: fake quantize node MobilenetV2/Conv/Conv2D/fq_weights_1 doesn't support configuration from tool config file (mismatch with hardware config)
WARNING: fake quantize node SSD/ssd_head_3/feature_map_2_mbox_conf/Conv2D/fq_weights_1 doesn't support configuration from tool config file (mismatch with hardware config)
WARNING: fake quantize node MobilenetV2/expanded_conv_15/expand/Conv2D/fq_weights_1 doesn't support configuration from tool config file (mismatch with hardware config)
WARNING: fake quantize node SSD/ssd_head_1/layer_18/output_mbox_conf/Conv2D/fq_input_0 doesn't support configuration from tool config file (mismatch with hardware config)
WARNING: fake quantize node SSD/ssd_head_1/layer_18/output_mbox_conf/Conv2D/fq_input_0 doesn't support configuration from tool config file (mismatch with hardware config)
WARNING: fake quantize node SSD/ssd_head_1/layer_18/output_mbox_conf/Conv2D/fq_input_0 doesn't support configuration from tool config file (mismatch with hardware config)
WARNING: fake quantize node MobilenetV2/expanded_conv_1/project/Conv2D/fq_input_0 doesn't support configuration from tool config file (mismatch with hardware config)
WARNING: fake quantize node MobilenetV2/expanded_conv_11/project/Conv2D/fq_weights_1 doesn't support configuration from tool config file (mismatch with hardware config)
WARNING: fake quantize node MobilenetV2/expanded_conv_2/expand/Conv2D/fq_weights_1 doesn't support configuration from tool config file (mismatch with hardware config)
WARNING: fake quantize node MobilenetV2/expanded_conv_5/project/Conv2D/fq_input_0 doesn't support configuration from tool config file (mismatch with hardware config)
WARNING: fake quantize node MobilenetV2/expanded_conv_7/project/Conv2D/fq_weights_1 doesn't support configuration from tool config file (mismatch with hardware config)
WARNING: fake quantize node MobilenetV2/expanded_conv_3/expand/Conv2D/fq_input_0 doesn't support configuration from tool config file (mismatch with hardware config)
WARNING: fake quantize node MobilenetV2/expanded_conv_5/add/fq_input_1 doesn't support configuration from tool config file (mismatch with hardware config)
WARNING: fake quantize node MobilenetV2/expanded_conv_5/add/fq_input_1 doesn't support configuration from tool config file (mismatch with hardware config)
WARNING: fake quantize node MobilenetV2/expanded_conv_3/project/Conv2D/fq_input_0 doesn't support configuration from tool config file (mismatch with hardware config)
WARNING: fake quantize node MobilenetV2/expanded_conv_15/depthwise/depthwise/fq_input_0 doesn't support configuration from tool config file (mismatch with hardware config)
WARNING: fake quantize node MobilenetV2/expanded_conv_15/depthwise/depthwise/fq_input_0 doesn't support configuration from tool config file (mismatch with hardware config)
WARNING: fake quantize node MobilenetV2/expanded_conv_5/depthwise/depthwise/fq_input_0 doesn't support configuration from tool config file (mismatch with hardware config)
WARNING: fake quantize node MobilenetV2/expanded_conv_5/depthwise/depthwise/fq_input_0 doesn't support configuration from tool config file (mismatch with hardware config)
WARNING: fake quantize node SSD/ssd_head/layer_14/output_mbox_conf/Conv2D/fq_weights_1 doesn't support configuration from tool config file (mismatch with hardware config)
WARNING: fake quantize node MobilenetV2/expanded_conv_4/project/Conv2D/fq_input_0 doesn't support configuration from tool config file (mismatch with hardware config)
WARNING: fake quantize node MobilenetV2/expanded_conv_12/add/fq_input_1 doesn't support configuration from tool config file (mismatch with hardware config)
WARNING: fake quantize node MobilenetV2/expanded_conv_12/add/fq_input_1 doesn't support configuration from tool config file (mismatch with hardware config)
WARNING: fake quantize node MobilenetV2/expanded_conv_1/expand/Conv2D/fq_input_0 doesn't support configuration from tool config file (mismatch with hardware config)
WARNING: fake quantize node MobilenetV2/expanded_conv_9/depthwise/depthwise/fq_input_0 doesn't support configuration from tool config file (mismatch with hardware config)
WARNING: fake quantize node MobilenetV2/expanded_conv_9/depthwise/depthwise/fq_input_0 doesn't support configuration from tool config file (mismatch with hardware config)
WARNING: fake quantize node MobilenetV2/expanded_conv_4/expand/Conv2D/fq_weights_1 doesn't support configuration from tool config file (mismatch with hardware config)
INFO:compression.pipeline.pipeline:Finished: DefaultQuantization
 ===========================================================================
INFO:compression.pipeline.pipeline:Evaluation of generated model
INFO:compression.engines.ac_engine:Start inference on the whole dataset
Total dataset size: 9850
1000 / 9850 processed in 23.193s
2000 / 9850 processed in 23.020s
3000 / 9850 processed in 20.728s
4000 / 9850 processed in 20.126s
5000 / 9850 processed in 19.900s
6000 / 9850 processed in 20.343s
7000 / 9850 processed in 20.315s
8000 / 9850 processed in 19.770s
9000 / 9850 processed in 19.889s
9850 objects processed in 204.307 seconds
INFO:compression.engines.ac_engine:Inference finished
map                        : 0.9951102671604724
